\BOOKMARK [0][-]{section*.1}{\376\377\000o\000n\000e\000w\000a\000y\000t\000e\000s\000t\000s\000\040\0003\000:\000\040\000O\000n\000e\000-\000W\000a\000y\000\040\000T\000e\000s\000t\000s\000\040\000I\000n\000d\000e\000p\000e\000n\000d\000e\000n\000t\000\040\000G\000r\000o\000u\000p\000s\000\040\000D\000e\000s\000i\000g\000n\000s\000\040\000-\000\040\000R\000\040\000P\000a\000c\000k\000a\000g\000e\000\040\000a\000n\000d\000\040\000I\000t\000s\000\040\000W\000e\000b\000-\000B\000a\000s\000e\000d\000\040\000T\000o\000o\000l}{}% 1
\BOOKMARK [1][-]{section.2.1}{\376\377\000I\000n\000t\000r\000o\000d\000u\000c\000t\000i\000o\000n}{section*.1}% 2
\BOOKMARK [1][-]{section.2.2}{\376\377\000O\000n\000e\000-\000w\000a\000y\000\040\000t\000e\000s\000t\000s\000\040\000i\000n\000\040\000i\000n\000d\000e\000p\000e\000n\000d\000e\000n\000t\000\040\000g\000r\000o\000u\000p\000s\000\040\000d\000e\000s\000i\000g\000n\000s}{section*.1}% 3
\BOOKMARK [2][-]{subsection.2.2.1}{\376\377\000\040\000A\000l\000v\000a\000n\000d\000i\000'\000s\000\040\000F\000\040\000t\000e\000s\000t}{section.2.2}% 4
\BOOKMARK [2][-]{subsection.2.2.2}{\376\377\000A\000l\000e\000x\000a\000n\000d\000e\000r\000-\000G\000o\000v\000e\000r\000n\000\040\000t\000e\000s\000t}{section.2.2}% 5
\BOOKMARK [2][-]{subsection.2.2.3}{\376\377\000A\000l\000v\000a\000n\000d\000i\000'\000s\000\040\000g\000e\000n\000e\000r\000a\000l\000i\000z\000e\000d\000\040\000p\000-\000v\000a\000l\000u\000e\000\040\000t\000e\000s\000t}{section.2.2}% 6
\BOOKMARK [2][-]{subsection.2.2.4}{\376\377\000A\000N\000O\000V\000A}{section.2.2}% 7
\BOOKMARK [2][-]{subsection.2.2.5}{\376\377\000A\000p\000p\000r\000o\000x\000i\000m\000a\000t\000e\000\040\000F\000\040\000t\000e\000s\000t}{section.2.2}% 8
\BOOKMARK [2][-]{subsection.2.2.6}{\376\377\000A\000d\000j\000u\000s\000t\000e\000d\000\040\000W\000e\000l\000c\000h\000'\000s\000\040\000h\000e\000t\000e\000r\000o\000s\000c\000e\000d\000a\000s\000t\000i\000c\000\040\000F\000\040\000t\000e\000s\000t}{section.2.2}% 9
\BOOKMARK [2][-]{subsection.2.2.7}{\376\377\000B\000\040\000s\000q\000u\000a\000r\000e\000\040\000t\000e\000s\000t}{section.2.2}% 10
\BOOKMARK [2][-]{subsection.2.2.8}{\376\377\000B\000r\000o\000w\000n\000-\000F\000o\000r\000s\000y\000t\000h\000e\000\040\000t\000e\000s\000t}{section.2.2}% 11
\BOOKMARK [2][-]{subsection.2.2.9}{\376\377\000B\000o\000x\000\040\000F\000\040\000t\000e\000s\000t}{section.2.2}% 12
\BOOKMARK [2][-]{subsection.2.2.10}{\376\377\000C\000o\000c\000h\000r\000a\000n\000\040\000F\000\040\000t\000e\000s\000t}{section.2.2}% 13
\BOOKMARK [2][-]{subsection.2.2.11}{\376\377\000G\000e\000n\000e\000r\000a\000l\000i\000z\000e\000d\000\040\000t\000e\000s\000t\000\040\000e\000q\000u\000i\000v\000a\000l\000e\000n\000t\000\040\000t\000o\000\040\000p\000a\000r\000a\000m\000e\000t\000r\000i\000c\000\040\000b\000o\000o\000t\000s\000t\000r\000a\000p\000\040\000t\000e\000s\000t}{section.2.2}% 14
\BOOKMARK [2][-]{subsection.2.2.12}{\376\377\000G\000e\000n\000e\000r\000a\000l\000i\000z\000e\000d\000\040\000t\000e\000s\000t\000\040\000e\000q\000u\000i\000v\000a\000l\000e\000n\000t\000\040\000t\000o\000\040\000f\000i\000d\000u\000c\000i\000a\000l\000\040\000t\000e\000s\000t}{section.2.2}% 15
\BOOKMARK [2][-]{subsection.2.2.13}{\376\377\000J\000a\000m\000e\000s\000\040\000s\000e\000c\000o\000n\000d\000\040\000o\000r\000d\000e\000r\000\040\000t\000e\000s\000t}{section.2.2}% 16
\BOOKMARK [2][-]{subsection.2.2.14}{\376\377\000J\000o\000h\000a\000n\000s\000e\000n\000\040\000F\000\040\000t\000e\000s\000t}{section.2.2}% 17
\BOOKMARK [2][-]{subsection.2.2.15}{\376\377\000K\000r\000u\000s\000k\000a\000l\000-\000W\000a\000l\000l\000i\000s\000\040\000t\000e\000s\000t}{section.2.2}% 18
\BOOKMARK [2][-]{subsection.2.2.16}{\376\377\000M\000o\000d\000i\000f\000i\000e\000d\000\040\000B\000r\000o\000w\000n\000-\000F\000o\000r\000s\000y\000t\000h\000e\000\040\000t\000e\000s\000t}{section.2.2}% 19
\BOOKMARK [2][-]{subsection.2.2.17}{\376\377\000P\000e\000r\000m\000u\000t\000a\000t\000i\000o\000n\000\040\000F\000\040\000t\000e\000s\000t}{section.2.2}% 20
\BOOKMARK [2][-]{subsection.2.2.18}{\376\377\000S\000c\000o\000t\000t\000\040\000S\000m\000i\000t\000h\000\040\000F\000\040\000t\000e\000s\000t}{section.2.2}% 21
\BOOKMARK [2][-]{subsection.2.2.19}{\376\377\000W\000e\000l\000c\000h\000-\000A\000s\000p\000i\000n\000\040\000t\000e\000s\000t}{section.2.2}% 22
\BOOKMARK [2][-]{subsection.2.2.20}{\376\377\000W\000e\000l\000c\000h\000'\000s\000\040\000h\000e\000t\000e\000r\000o\000s\000c\000e\000d\000a\000s\000t\000i\000c\000\040\000F\000\040\000t\000e\000s\000t}{section.2.2}% 23
\BOOKMARK [2][-]{subsection.2.2.21}{\376\377\000W\000e\000l\000c\000h\000'\000s\000\040\000h\000e\000t\000e\000r\000o\000s\000c\000e\000d\000a\000s\000t\000i\000c\000\040\000F\000\040\000t\000e\000s\000t\000\040\000w\000i\000t\000h\000\040\000t\000r\000i\000m\000m\000e\000d\000\040\000m\000e\000a\000n\000s\000\040\000a\000n\000d\000\040\000W\000i\000n\000s\000o\000r\000i\000z\000e\000d\000\040\000v\000a\000r\000i\000a\000n\000c\000e\000s}{section.2.2}% 24
\BOOKMARK [2][-]{subsection.2.2.22}{\376\377\000W\000e\000e\000r\000a\000h\000a\000n\000d\000i\000'\000s\000\040\000g\000e\000n\000e\000r\000a\000l\000i\000z\000e\000d\000\040\000F\000\040\000t\000e\000s\000t}{section.2.2}% 25
\BOOKMARK [1][-]{section.2.3}{\376\377\000I\000m\000p\000l\000e\000m\000e\000n\000t\000a\000t\000i\000o\000n\000\040\000o\000f\000\040\000R\000\040\000p\000a\000c\000k\000a\000g\000e}{section*.1}% 26
\BOOKMARK [2][-]{subsection.2.3.1}{\376\377\000O\000n\000e\000-\000w\000a\000y\000\040\000t\000e\000s\000t\000s\000\040\000i\000n\000\040\000i\000n\000d\000e\000p\000e\000n\000d\000e\000n\000t\000\040\000g\000r\000o\000u\000p\000s\000\040\000d\000e\000s\000i\000g\000n\000s\000:\000\040\000o\000n\000e\000w\000a\000y\000t\000e\000s\000t\000s\000\050\000.\000.\000.\000\051}{section.2.3}% 27
\BOOKMARK [2][-]{subsection.2.3.2}{\376\377\000G\000r\000a\000p\000h\000i\000c\000a\000l\000\040\000a\000p\000p\000r\000o\000a\000c\000h\000e\000s\000\040\000b\000a\000s\000e\000d\000\040\000o\000n\000\040\000g\000g\000p\000l\000o\000t\0002\000\040\000p\000a\000c\000k\000a\000g\000e}{section.2.3}% 28
\BOOKMARK [1][-]{section.2.4}{\376\377\000W\000e\000b\000-\000b\000a\000s\000e\000d\000\040\000t\000o\000o\000l}{section*.1}% 29
\BOOKMARK [1][-]{section.2.5}{\376\377\000C\000o\000n\000c\000l\000u\000s\000i\000o\000n}{section*.1}% 30
