\BOOKMARK [0][-]{section*.1}{\376\377\000A\000\040\000C\000o\000m\000p\000a\000r\000i\000s\000o\000n\000\040\000o\000f\000\040\000R\000\040\000T\000o\000o\000l\000s\000\040\000f\000o\000r\000\040\000N\000o\000n\000l\000i\000n\000e\000a\000r\000\040\000L\000e\000a\000s\000t\000\040\000S\000q\000u\000a\000r\000e\000s\000\040\000M\000o\000d\000e\000l\000i\000n\000g}{}% 1
\BOOKMARK [1][-]{section.2.1}{\376\377\000T\000h\000e\000\040\000n\000l\000s\000\050\000\051\000\040\000f\000u\000n\000c\000t\000i\000o\000n}{section*.1}% 2
\BOOKMARK [1][-]{section.2.2}{\376\377\000S\000c\000o\000p\000e\000\040\000o\000f\000\040\000o\000u\000r\000\040\000c\000o\000m\000p\000a\000r\000i\000s\000o\000n}{section*.1}% 3
\BOOKMARK [1][-]{section.2.3}{\376\377\000S\000o\000m\000e\000\040\000o\000t\000h\000e\000r\000\040\000C\000R\000A\000N\000\040\000p\000a\000c\000k\000a\000g\000e\000s\000\040\000f\000o\000r\000\040\000n\000o\000n\000l\000i\000n\000e\000a\000r\000\040\000m\000o\000d\000e\000l\000i\000n\000g}{section*.1}% 4
\BOOKMARK [1][-]{section.2.4}{\376\377\000A\000n\000\040\000i\000l\000l\000u\000s\000t\000r\000a\000t\000i\000v\000e\000\040\000e\000x\000a\000m\000p\000l\000e}{section*.1}% 5
\BOOKMARK [2][-]{subsection.2.4.1}{\376\377\000P\000r\000o\000b\000l\000e\000m\000\040\000s\000e\000t\000u\000p}{section.2.4}% 6
\BOOKMARK [1][-]{section.2.5}{\376\377\000E\000s\000t\000i\000m\000a\000t\000i\000o\000n\000\040\000o\000f\000\040\000m\000o\000d\000e\000l\000s\000\040\000s\000p\000e\000c\000i\000f\000i\000e\000d\000\040\000a\000s\000\040\000f\000o\000r\000m\000u\000l\000a\000s}{section*.1}% 7
\BOOKMARK [2][-]{subsection.2.5.1}{\376\377\000S\000o\000l\000u\000t\000i\000o\000n\000\040\000a\000t\000t\000e\000m\000p\000t\000s\000\040\000w\000i\000t\000h\000\040\000n\000l\000s\000r}{section.2.5}% 8
\BOOKMARK [2][-]{subsection.2.5.2}{\376\377\000S\000o\000l\000u\000t\000i\000o\000n\000\040\000a\000t\000t\000e\000m\000p\000t\000s\000\040\000w\000i\000t\000h\000\040\000m\000i\000n\000p\000a\000c\000k\000.\000l\000m}{section.2.5}% 9
\BOOKMARK [2][-]{subsection.2.5.3}{\376\377\000S\000o\000l\000u\000t\000i\000o\000n\000\040\000a\000t\000t\000e\000m\000p\000t\000s\000\040\000w\000i\000t\000h\000\040\000g\000s\000l\000n\000l\000s}{section.2.5}% 10
\BOOKMARK [2][-]{subsection.2.5.4}{\376\377\000C\000o\000m\000p\000a\000r\000i\000s\000o\000n\000\040\000n\000o\000t\000e\000s\000\040\000f\000o\000r\000\040\000f\000o\000r\000m\000u\000l\000a\000-\000s\000e\000t\000u\000p\000\040\000s\000o\000l\000u\000t\000i\000o\000n\000s}{section.2.5}% 11
\BOOKMARK [1][-]{section.2.6}{\376\377\000F\000u\000n\000c\000t\000i\000o\000n\000a\000l\000\040\000s\000p\000e\000c\000i\000f\000i\000c\000a\000t\000i\000o\000n\000\040\000o\000f\000\040\000p\000r\000o\000b\000l\000e\000m\000s}{section*.1}% 12
\BOOKMARK [1][-]{section.2.7}{\376\377\000D\000e\000s\000i\000g\000n\000\040\000g\000o\000a\000l\000s\000,\000\040\000t\000e\000r\000m\000i\000n\000a\000t\000i\000o\000n\000\040\000t\000e\000s\000t\000s\000,\000\040\000a\000n\000d\000\040\000o\000u\000t\000p\000u\000t\000\040\000o\000b\000j\000e\000c\000t\000s}{section*.1}% 13
\BOOKMARK [2][-]{subsection.2.7.1}{\376\377\000R\000e\000t\000u\000r\000n\000e\000d\000\040\000r\000e\000s\000u\000l\000t\000s\000\040\000o\000f\000\040\000n\000l\000s\000\050\000\051\000\040\000a\000n\000d\000\040\000o\000t\000h\000e\000r\000\040\000t\000o\000o\000l\000s}{section.2.7}% 14
\BOOKMARK [2][-]{subsection.2.7.2}{\376\377\000W\000h\000e\000n\000\040\000t\000o\000\040\000c\000o\000m\000p\000u\000t\000e\000\040\000a\000n\000c\000i\000l\000l\000a\000r\000y\000\040\000i\000n\000f\000o\000r\000m\000a\000t\000i\000o\000n}{section.2.7}% 15
\BOOKMARK [1][-]{section.2.8}{\376\377\000J\000a\000c\000o\000b\000i\000a\000n\000\040\000c\000a\000l\000c\000u\000l\000a\000t\000i\000o\000n}{section*.1}% 16
\BOOKMARK [2][-]{subsection.2.8.1}{\376\377\000J\000a\000c\000o\000b\000i\000a\000n\000\040\000c\000o\000d\000e\000\040\000i\000n\000\040\000s\000e\000l\000f\000S\000t\000a\000r\000t\000\040\000m\000o\000d\000e\000l\000s}{section.2.8}% 17
\BOOKMARK [1][-]{section.2.9}{\376\377\000B\000o\000u\000n\000d\000s\000\040\000c\000o\000n\000s\000t\000r\000a\000i\000n\000t\000s\000\040\000o\000n\000\040\000p\000a\000r\000a\000m\000e\000t\000e\000r\000s}{section*.1}% 18
\BOOKMARK [2][-]{subsection.2.9.1}{\376\377\000P\000h\000i\000l\000o\000s\000o\000p\000h\000i\000c\000a\000l\000\040\000c\000o\000n\000s\000i\000d\000e\000r\000a\000t\000i\000o\000n\000s}{section.2.9}% 19
\BOOKMARK [2][-]{subsection.2.9.2}{\376\377\000F\000i\000x\000e\000d\000\040\000p\000a\000r\000a\000m\000e\000t\000e\000r\000s\000\040\000\050\000m\000a\000s\000k\000s\000\051}{section.2.9}% 20
\BOOKMARK [1][-]{section.2.10}{\376\377\000S\000t\000a\000b\000i\000l\000i\000z\000a\000t\000i\000o\000n\000\040\000o\000f\000\040\000G\000a\000u\000s\000s\000-\000N\000e\000w\000t\000o\000n\000\040\000c\000o\000m\000p\000u\000t\000a\000t\000i\000o\000n\000s}{section*.1}% 21
\BOOKMARK [2][-]{subsection.2.10.1}{\376\377\000P\000r\000o\000g\000r\000a\000m\000m\000i\000n\000g\000\040\000l\000a\000n\000g\000u\000a\000g\000e}{section.2.10}% 22
\BOOKMARK [1][-]{section.2.11}{\376\377\000D\000a\000t\000a\000\040\000s\000o\000u\000r\000c\000e\000s\000\040\000f\000o\000r\000\040\000p\000r\000o\000b\000l\000e\000m\000s}{section*.1}% 23
\BOOKMARK [2][-]{subsection.2.11.1}{\376\377\000F\000e\000a\000t\000u\000r\000e\000:\000\040\000S\000u\000b\000s\000e\000t\000t\000i\000n\000g}{section.2.11}% 24
\BOOKMARK [2][-]{subsection.2.11.2}{\376\377\000F\000e\000a\000t\000u\000r\000e\000:\000\040\000n\000a\000.\000a\000c\000t\000i\000o\000n\000\040\000\050\000m\000i\000s\000s\000i\000n\000g\000\040\000v\000a\000l\000u\000e\000\040\000t\000r\000e\000a\000t\000m\000e\000n\000t\000\051}{section.2.11}% 25
\BOOKMARK [2][-]{subsection.2.11.3}{\376\377\000F\000e\000a\000t\000u\000r\000e\000:\000\040\000m\000o\000d\000e\000l\000\040\000f\000r\000a\000m\000e}{section.2.11}% 26
\BOOKMARK [2][-]{subsection.2.11.4}{\376\377\000W\000e\000i\000g\000h\000t\000s\000\040\000o\000n\000\040\000o\000b\000s\000e\000r\000v\000a\000t\000i\000o\000n\000s}{section.2.11}% 27
\BOOKMARK [2][-]{subsection.2.11.5}{\376\377\000W\000e\000i\000g\000h\000t\000s\000\040\000i\000n\000\040\000r\000e\000t\000u\000r\000n\000e\000d\000\040\000f\000u\000n\000c\000t\000i\000o\000n\000s\000\040\000f\000r\000o\000m\000\040\000n\000l\000s\000\050\000\051}{section.2.11}% 28
\BOOKMARK [1][-]{section.2.12}{\376\377\000M\000i\000n\000o\000r\000\040\000i\000s\000s\000u\000e\000s\000\040\000w\000i\000t\000h\000\040\000n\000o\000n\000l\000i\000n\000e\000a\000r\000\040\000l\000e\000a\000s\000t\000-\000s\000q\000u\000a\000r\000e\000s\000\040\000t\000o\000o\000l\000s}{section*.1}% 29
\BOOKMARK [2][-]{subsection.2.12.1}{\376\377\000I\000n\000t\000e\000r\000i\000m\000\040\000o\000u\000t\000p\000u\000t\000\040\000f\000r\000o\000m\000\040\000t\000h\000e\000\040\000`\000`\000p\000o\000r\000t\000'\000'\000\040\000a\000l\000g\000o\000r\000i\000t\000h\000m}{section.2.12}% 30
\BOOKMARK [2][-]{subsection.2.12.2}{\376\377\000F\000a\000i\000l\000u\000r\000e\000\040\000t\000o\000\040\000r\000e\000t\000u\000r\000n\000\040\000t\000h\000e\000\040\000b\000e\000s\000t\000\040\000r\000e\000s\000u\000l\000t\000\040\000a\000c\000h\000i\000e\000v\000e\000d}{section.2.12}% 31
\BOOKMARK [1][-]{section.2.13}{\376\377\000E\000s\000t\000i\000m\000a\000t\000i\000n\000g\000\040\000m\000o\000d\000e\000l\000s\000\040\000t\000h\000a\000t\000\040\000a\000r\000e\000\040\000p\000a\000r\000t\000i\000a\000l\000l\000y\000\040\000l\000i\000n\000e\000a\000r}{section*.1}% 32
\BOOKMARK [1][-]{section.2.14}{\376\377\000M\000o\000d\000e\000l\000s\000\040\000w\000i\000t\000h\000\040\000i\000n\000d\000e\000x\000e\000d\000\040\000p\000a\000r\000a\000m\000e\000t\000e\000r\000s}{section*.1}% 33
\BOOKMARK [1][-]{section.2.15}{\376\377\000T\000e\000s\000t\000s\000\040\000a\000n\000d\000\040\000u\000s\000e\000-\000c\000a\000s\000e\000\040\000e\000x\000a\000m\000p\000l\000e\000s}{section*.1}% 34
\BOOKMARK [1][-]{section.2.16}{\376\377\000D\000o\000c\000u\000m\000e\000n\000t\000a\000t\000i\000o\000n\000\040\000a\000n\000d\000\040\000r\000e\000s\000o\000u\000r\000c\000e\000s}{section*.1}% 35
\BOOKMARK [1][-]{section.2.17}{\376\377\000F\000u\000t\000u\000r\000e\000\040\000o\000f\000\040\000n\000o\000n\000l\000i\000n\000e\000a\000r\000\040\000m\000o\000d\000e\000l\000\040\000e\000s\000t\000i\000m\000a\000t\000i\000o\000n\000\040\000i\000n\000\040\000R}{section*.1}% 36
\BOOKMARK [1][-]{section.2.18}{\376\377\000A\000c\000k\000n\000o\000w\000l\000e\000d\000g\000m\000e\000n\000t\000s}{section*.1}% 37
\BOOKMARK [1][-]{section.2.18}{\376\377\000R\000e\000f\000e\000r\000e\000n\000c\000e\000s}{section*.1}% 38
