INFO [2022-09-13 13:55:49] working directory : /home/mitchell/github/articles/Proofs/2020-2/2020-104
INFO [2022-09-13 13:55:49] file name : sucarrat.tex
INFO [2022-09-13 13:55:49] Stage-01 | including Style File to : RJwrapper.tex
INFO [2022-09-13 13:55:49] Stage-01 | Style File :  Metafix.sty
INFO [2022-09-13 13:55:49] Stage-01 | Included Style File :  Metafix.sty
INFO [2022-09-13 13:55:49] Stage-02 | aggregating Bibliography using :  rebib
INFO [2022-09-13 13:55:49] Stage-02 | Check rebib logs for more info
INFO [2022-09-13 13:55:49] Stage-03 | converting Images to png
INFO [2022-09-13 13:55:50] Stage-03 | converted pdf files to png
INFO [2022-09-13 13:55:50] Stage-04 | Patching Code Env
INFO [2022-09-13 13:55:50] Stage-04 | Patched Code Env
INFO [2022-09-13 13:55:50] Stage-05 | Patching Table Env
INFO [2022-09-13 13:55:50] Stage-05 | Patched Table Env
INFO [2022-09-13 13:55:50] Stage-06 | Patching Figure Env
INFO [2022-09-13 13:55:50] Stage-06 | Patched Figure Env
INFO [2022-09-13 13:55:50] Stage-07 | Converting LaTeX to Markdown
INFO [2022-09-13 13:55:52] Stage-07 | Converted LaTeX to Markdown
INFO [2022-09-13 13:55:52] Stage-08 | Copying Dependencies to /web
INFO [2022-09-13 13:55:53] Stage-08 | Copied Dependencies to /web
INFO [2022-09-13 13:55:53] Stage-09 | Creating R-markdown File to /web
INFO [2022-09-13 13:55:53] Stage-09 | Created R-markdown File to /web
INFO [2022-09-13 13:55:53] Stage-10 | Knitting Rmd to html
INFO [2022-09-13 13:55:57] Stage-10 | Knitted Rmd to html
