\BOOKMARK [0][-]{section*.1}{survivalSL: an R Package for Predicting Survival by a Super Learner}{}% 1
\BOOKMARK [1][-]{section.2.1}{Introduction}{section*.1}% 2
\BOOKMARK [1][-]{section.2.2}{Methods}{section*.1}% 3
\BOOKMARK [2][-]{subsection.2.2.1}{Notations}{section.2.2}% 4
\BOOKMARK [2][-]{subsection.2.2.2}{Definition of the super learner}{section.2.2}% 5
\BOOKMARK [2][-]{subsection.2.2.3}{Available loss functions for estimating the weights}{section.2.2}% 6
\BOOKMARK [2][-]{subsection.2.2.4}{Available learners}{section.2.2}% 7
\BOOKMARK [1][-]{section.2.3}{Simulations}{section*.1}% 8
\BOOKMARK [2][-]{subsection.2.3.1}{Design}{section.2.3}% 9
\BOOKMARK [2][-]{subsection.2.3.2}{Results of the simple scenario}{section.2.3}% 10
\BOOKMARK [2][-]{subsection.2.3.3}{Running times}{section.2.3}% 11
\BOOKMARK [1][-]{section.2.4}{Usage}{section*.1}% 12
\BOOKMARK [2][-]{subsection.2.4.1}{The main functions of the package}{section.2.4}% 13
\BOOKMARK [2][-]{subsection.2.4.2}{Application to multiple sclerosis}{section.2.4}% 14
\BOOKMARK [1][-]{section.2.5}{Conclusion}{section*.1}% 15
\BOOKMARK [1][-]{section.2.6}{Acknowledgments}{section*.1}% 16
\BOOKMARK [1][-]{section.2.7}{Bug reports}{section*.1}% 17
\BOOKMARK [1][-]{section.2.8}{Supplementary materials}{section*.1}% 18
\BOOKMARK [2][-]{subsection.2.8.1}{R code to perform the simulations of the simple scenario}{section.2.8}% 19
\BOOKMARK [2][-]{subsection.2.8.2}{R code to perform the simulations of the complex scenario}{section.2.8}% 20
\BOOKMARK [2][-]{subsection.2.8.3}{Fluctuation of the results according to the seed}{section.2.8}% 21
