\BOOKMARK [0][-]{section*.1}{fmeffects: An R Package for Forward Marginal Effects}{}% 1
\BOOKMARK [1][-]{section.2.1}{Introduction}{section*.1}% 2
\BOOKMARK [1][-]{section.2.2}{Background on forward marginal effects}{section*.1}% 3
\BOOKMARK [2][-]{subsection.2.2.1}{Notation}{section.2.2}% 4
\BOOKMARK [2][-]{subsection.2.2.2}{Forward marginal effects}{section.2.2}% 5
\BOOKMARK [2][-]{subsection.2.2.3}{Step size selection}{section.2.2}% 6
\BOOKMARK [2][-]{subsection.2.2.4}{Non-linearity measure}{section.2.2}% 7
\BOOKMARK [2][-]{subsection.2.2.5}{Conditional average marginal effect}{section.2.2}% 8
\BOOKMARK [1][-]{section.2.3}{Related work}{section*.1}% 9
\BOOKMARK [2][-]{subsection.2.3.1}{Model-agnostic interpretations}{section.2.3}% 10
\BOOKMARK [2][-]{subsection.2.3.2}{Relationship between individual conditional expectation and forward marginal effect}{section.2.3}% 11
\BOOKMARK [2][-]{subsection.2.3.3}{Related work on marginal effects}{section.2.3}% 12
\BOOKMARK [1][-]{section.2.4}{Advantages and limitations of forward marginal effects}{section*.1}% 13
\BOOKMARK [2][-]{subsection.2.4.1}{Advantages}{section.2.4}% 14
\BOOKMARK [2][-]{subsection.2.4.2}{Limitations}{section.2.4}% 15
\BOOKMARK [1][-]{section.2.5}{On causal interpretations and avoiding model extrapolations}{section*.1}% 16
\BOOKMARK [1][-]{section.2.6}{User interface and package handling}{section*.1}% 17
\BOOKMARK [2][-]{subsection.2.6.1}{Local explanations}{section.2.6}% 18
\BOOKMARK [2][-]{subsection.2.6.2}{Regional explanations}{section.2.6}% 19
\BOOKMARK [2][-]{subsection.2.6.3}{Global explanations}{section.2.6}% 20
\BOOKMARK [1][-]{section.2.7}{Design and options for extensions}{section*.1}% 21
\BOOKMARK [1][-]{section.2.8}{Conclusion}{section*.1}% 22
