\BOOKMARK [0][-]{section*.1}{\376\377\000C\000o\000m\000p\000u\000t\000e\000r\000\040\000A\000l\000g\000e\000b\000r\000a\000\040\000i\000n\000\040\000R\000\040\000B\000r\000i\000d\000g\000e\000s\000\040\000a\000\040\000G\000a\000p\000\040\000B\000e\000t\000w\000e\000e\000n\000\040\000S\000y\000m\000b\000o\000l\000i\000c\000\040\000M\000a\000t\000h\000e\000m\000a\000t\000i\000c\000s\000\040\000a\000n\000d\000\040\000D\000a\000t\000a\000\040\000i\000n\000\040\000t\000h\000e\000\040\000T\000e\000a\000c\000h\000i\000n\000g\000\040\000o\000f\000\040\000S\000t\000a\000t\000i\000s\000t\000i\000c\000s\000\040\000a\000n\000d\000\040\000D\000a\000t\000a\000\040\000S\000c\000i\000e\000n\000c\000e}{}% 1
\BOOKMARK [1][-]{section.2.1}{\376\377\000I\000n\000t\000r\000o\000d\000u\000c\000t\000i\000o\000n}{section*.1}% 2
\BOOKMARK [2][-]{subsection.2.1.1}{\376\377\000I\000n\000s\000t\000a\000l\000l\000a\000t\000i\000o\000n}{section.2.1}% 3
\BOOKMARK [1][-]{section.2.2}{\376\377\000I\000n\000t\000r\000o\000d\000u\000c\000i\000n\000g\000\040\000c\000a\000r\000a\000c\000a\000s}{section*.1}% 4
\BOOKMARK [2][-]{subsection.2.2.1}{\376\377\000S\000y\000m\000b\000o\000l\000s}{section.2.2}% 5
\BOOKMARK [2][-]{subsection.2.2.2}{\376\377\000L\000i\000n\000e\000a\000r\000\040\000a\000l\000g\000e\000b\000r\000a}{section.2.2}% 6
\BOOKMARK [2][-]{subsection.2.2.3}{\376\377\000L\000i\000n\000e\000a\000r\000\040\000a\000l\000g\000e\000b\000r\000a\000\040\000-\000\040\000u\000s\000i\000n\000g\000\040\000r\000e\000t\000i\000c\000u\000l\000a\000t\000e}{section.2.2}% 7
\BOOKMARK [2][-]{subsection.2.2.4}{\376\377\000F\000u\000n\000c\000t\000i\000o\000n\000a\000l\000i\000t\000y\000\040\000a\000n\000d\000\040\000R\000\040\000s\000y\000n\000t\000a\000x\000\040\000p\000r\000o\000v\000i\000d\000e\000d\000\040\000b\000y\000\040\000c\000a\000r\000a\000c\000a\000s}{section.2.2}% 8
\BOOKMARK [2][-]{subsection.2.2.5}{\376\377\000A\000l\000g\000e\000b\000r\000a\000\040\000a\000n\000d\000\040\000c\000a\000l\000c\000u\000l\000u\000s}{section.2.2}% 9
\BOOKMARK [1][-]{section.2.3}{\376\377\000S\000t\000a\000t\000i\000s\000t\000i\000c\000s\000\040\000e\000x\000a\000m\000p\000l\000e\000s}{section*.1}% 10
\BOOKMARK [2][-]{subsection.2.3.1}{\376\377\000E\000x\000a\000m\000p\000l\000e\000:\000\040\000L\000i\000n\000e\000a\000r\000\040\000m\000o\000d\000e\000l\000s}{section.2.3}% 11
\BOOKMARK [2][-]{subsection.2.3.2}{\376\377\000E\000x\000a\000m\000p\000l\000e\000:\000\040\000L\000o\000g\000i\000s\000t\000i\000c\000\040\000r\000e\000g\000r\000e\000s\000s\000i\000o\000n}{section.2.3}% 12
\BOOKMARK [2][-]{subsection.2.3.3}{\376\377\000E\000x\000a\000m\000p\000l\000e\000:\000\040\000C\000o\000n\000s\000t\000r\000a\000i\000n\000e\000d\000\040\000m\000a\000x\000i\000m\000u\000m\000\040\000l\000i\000k\000e\000l\000i\000h\000o\000o\000d}{section.2.3}% 13
\BOOKMARK [2][-]{subsection.2.3.4}{\376\377\000E\000x\000a\000m\000p\000l\000e\000:\000\040\000A\000n\000\040\000a\000u\000t\000o\000\040\000r\000e\000g\000r\000e\000s\000s\000i\000o\000n\000\040\000m\000o\000d\000e\000l}{section.2.3}% 14
\BOOKMARK [2][-]{subsection.2.3.5}{\376\377\000E\000x\000a\000m\000p\000l\000e\000:\000\040\000V\000a\000r\000i\000a\000n\000c\000e\000\040\000o\000f\000\040\000a\000v\000e\000r\000a\000g\000e\000\040\000o\000f\000\040\000c\000o\000r\000r\000e\000l\000a\000t\000e\000d\000\040\000v\000a\000r\000i\000a\000b\000l\000e\000s}{section.2.3}% 15
\BOOKMARK [1][-]{section.2.4}{\376\377\000F\000u\000r\000t\000h\000e\000r\000\040\000t\000o\000p\000i\000c\000s}{section*.1}% 16
\BOOKMARK [2][-]{subsection.2.4.1}{\376\377\000I\000n\000t\000e\000g\000r\000a\000t\000i\000o\000n\000,\000\040\000l\000i\000m\000i\000t\000s\000,\000\040\000a\000n\000d\000\040\000u\000n\000e\000v\000a\000l\000u\000a\000t\000e\000d\000\040\000e\000x\000p\000r\000e\000s\000s\000i\000o\000n\000s}{section.2.4}% 17
\BOOKMARK [2][-]{subsection.2.4.2}{\376\377\000D\000o\000c\000u\000m\000e\000n\000t\000s\000\040\000w\000i\000t\000h\000\040\000m\000a\000t\000h\000e\000m\000a\000t\000i\000c\000a\000l\000\040\000c\000o\000n\000t\000e\000n\000t}{section.2.4}% 18
\BOOKMARK [2][-]{subsection.2.4.3}{\376\377\000E\000x\000t\000e\000n\000d\000i\000n\000g\000\040\000c\000a\000r\000a\000c\000a\000s}{section.2.4}% 19
\BOOKMARK [2][-]{subsection.2.4.4}{\376\377\000S\000w\000i\000t\000c\000h\000i\000n\000g\000\040\000b\000a\000c\000k\000\040\000a\000n\000d\000\040\000f\000o\000r\000t\000h\000\040\000b\000e\000t\000w\000e\000e\000n\000\040\000c\000a\000r\000a\000c\000a\000s\000\040\000a\000n\000d\000\040\000r\000e\000t\000i\000c\000u\000l\000a\000t\000e}{section.2.4}% 20
\BOOKMARK [1][-]{section.2.5}{\376\377\000H\000a\000n\000d\000s\000-\000o\000n\000\040\000a\000c\000t\000i\000v\000i\000t\000i\000e\000s}{section*.1}% 21
\BOOKMARK [1][-]{section.2.6}{\376\377\000D\000i\000s\000c\000u\000s\000s\000i\000o\000n}{section*.1}% 22
\BOOKMARK [1][-]{section.2.7}{\376\377\000A\000c\000k\000n\000o\000w\000l\000e\000d\000g\000e\000m\000e\000n\000t\000s}{section*.1}% 23
\BOOKMARK [1][-]{section.2.7}{\376\377\000R\000e\000f\000e\000r\000e\000n\000c\000e\000s}{section*.1}% 24
