\BOOKMARK [0][-]{section*.1}{\376\377\000S\000U\000r\000v\000i\000v\000a\000l\000\040\000C\000o\000n\000t\000r\000o\000l\000\040\000C\000h\000a\000r\000t\000\040\000E\000S\000t\000i\000m\000a\000t\000i\000o\000n\000\040\000S\000o\000f\000t\000w\000a\000r\000e\000\040\000i\000n\000\040\000R\000:\000\040\000t\000h\000e\000\040\000s\000u\000c\000c\000e\000s\000s\000\040\000P\000a\000c\000k\000a\000g\000e}{}% 1
\BOOKMARK [1][-]{section.2.1}{\376\377\000I\000n\000t\000r\000o\000d\000u\000c\000t\000i\000o\000n}{section*.1}% 2
\BOOKMARK [1][-]{section.2.2}{\376\377\000T\000h\000e\000o\000r\000y\000\040\000a\000n\000d\000\040\000m\000o\000d\000e\000l\000s}{section*.1}% 3
\BOOKMARK [2][-]{subsection.2.2.1}{\376\377\000T\000e\000r\000m\000i\000n\000o\000l\000o\000g\000y}{section.2.2}% 4
\BOOKMARK [2][-]{subsection.2.2.2}{\376\377\000M\000a\000t\000h\000e\000m\000a\000t\000i\000c\000a\000l\000\040\000n\000o\000t\000a\000t\000i\000o\000n}{section.2.2}% 5
\BOOKMARK [2][-]{subsection.2.2.3}{\376\377\000F\000u\000n\000n\000e\000l\000\040\000p\000l\000o\000t}{section.2.2}% 6
\BOOKMARK [2][-]{subsection.2.2.4}{\376\377\000B\000e\000r\000n\000o\000u\000l\000l\000i\000\040\000c\000u\000m\000u\000l\000a\000t\000i\000v\000e\000\040\000s\000u\000m\000\040\000\050\000C\000U\000S\000U\000M\000\051\000\040\000c\000h\000a\000r\000t}{section.2.2}% 7
\BOOKMARK [2][-]{subsection.2.2.5}{\376\377\000B\000i\000s\000w\000a\000s\000\040\000a\000n\000d\000\040\000K\000a\000l\000b\000f\000l\000e\000i\000s\000c\000h\000\040\000C\000U\000S\000U\000M\000\040\000\050\000B\000K\000-\000C\000U\000S\000U\000M\000\051}{section.2.2}% 8
\BOOKMARK [2][-]{subsection.2.2.6}{\376\377\000C\000o\000n\000t\000i\000n\000u\000o\000u\000s\000\040\000t\000i\000m\000e\000\040\000G\000e\000n\000e\000r\000a\000l\000i\000z\000e\000d\000\040\000R\000a\000p\000i\000d\000\040\000r\000e\000s\000p\000o\000n\000s\000e\000\040\000C\000U\000S\000U\000M\000\040\000\050\000C\000G\000R\000-\000C\000U\000S\000U\000M\000\051}{section.2.2}% 9
\BOOKMARK [2][-]{subsection.2.2.7}{\376\377\000C\000h\000o\000o\000s\000i\000n\000g\000\040\000c\000o\000n\000t\000r\000o\000l\000\040\000l\000i\000m\000i\000t\000s}{section.2.2}% 10
\BOOKMARK [1][-]{section.2.3}{\376\377\000T\000h\000e\000\040\000R\000\040\000p\000a\000c\000k\000a\000g\000e\000\040\000s\000u\000c\000c\000e\000s\000s}{section*.1}% 11
\BOOKMARK [2][-]{subsection.2.3.1}{\376\377\000I\000n\000p\000u\000t\000\040\000d\000a\000t\000a}{section.2.3}% 12
\BOOKMARK [2][-]{subsection.2.3.2}{\376\377\000T\000h\000e\000\040\000p\000a\000r\000a\000m\000e\000t\000e\000r\000-\000a\000s\000s\000i\000s\000t\000\040\000f\000u\000n\000c\000t\000i\000o\000n}{section.2.3}% 13
\BOOKMARK [2][-]{subsection.2.3.3}{\376\377\000M\000a\000n\000u\000a\000l\000\040\000r\000i\000s\000k\000-\000a\000d\000j\000u\000s\000t\000m\000e\000n\000t}{section.2.3}% 14
\BOOKMARK [2][-]{subsection.2.3.4}{\376\377\000T\000h\000e\000\040\000f\000u\000n\000n\000e\000l\000\040\000p\000l\000o\000t\000\040\000f\000u\000n\000c\000t\000i\000o\000n}{section.2.3}% 15
\BOOKMARK [2][-]{subsection.2.3.5}{\376\377\000C\000o\000n\000t\000r\000o\000l\000\040\000l\000i\000m\000i\000t\000s\000\040\000f\000o\000r\000\040\000C\000U\000S\000U\000M\000\040\000f\000u\000n\000c\000t\000i\000o\000n\000s}{section.2.3}% 16
\BOOKMARK [2][-]{subsection.2.3.6}{\376\377\000T\000h\000e\000\040\000B\000e\000r\000n\000o\000u\000l\000l\000i\000\040\000C\000U\000S\000U\000M\000\040\000f\000u\000n\000c\000t\000i\000o\000n}{section.2.3}% 17
\BOOKMARK [2][-]{subsection.2.3.7}{\376\377\000T\000h\000e\000\040\000B\000K\000-\000C\000U\000S\000U\000M\000\040\000f\000u\000n\000c\000t\000i\000o\000n}{section.2.3}% 18
\BOOKMARK [2][-]{subsection.2.3.8}{\376\377\000T\000h\000e\000\040\000C\000G\000R\000-\000C\000U\000S\000U\000M\000\040\000f\000u\000n\000c\000t\000i\000o\000n}{section.2.3}% 19
\BOOKMARK [2][-]{subsection.2.3.9}{\376\377\000T\000h\000e\000\040\000i\000n\000t\000e\000r\000a\000c\000t\000i\000v\000e\000\040\000p\000l\000o\000t\000\040\000f\000u\000n\000c\000t\000i\000o\000n}{section.2.3}% 20
\BOOKMARK [1][-]{section.2.4}{\376\377\000A\000p\000p\000l\000i\000c\000a\000t\000i\000o\000n}{section*.1}% 21
\BOOKMARK [1][-]{section.2.5}{\376\377\000D\000i\000s\000c\000u\000s\000s\000i\000o\000n}{section*.1}% 22
\BOOKMARK [1][-]{section.2.6}{\376\377\000A\000c\000k\000n\000o\000w\000l\000e\000d\000g\000e\000m\000e\000n\000t\000s}{section*.1}% 23
\BOOKMARK [1][-]{section.2.6}{\376\377\000R\000e\000f\000e\000r\000e\000n\000c\000e\000s}{section*.1}% 24
