This is pdfTeX, Version 3.141592653-2.6-1.40.25 (TeX Live 2023) (preloaded format=pdflatex 2023.11.16)  11 APR 2024 13:28
entering extended mode
 restricted \write18 enabled.
 %&-line parsing enabled.
**RJwrapper.tex
(./RJwrapper.tex
LaTeX2e <2023-11-01>
L3 programming layer <2023-11-09>
(/usr/local/texlive/2023/texmf-dist/tex/latex/base/report.cls
Document Class: report 2023/05/17 v1.4n Standard LaTeX document class
(/usr/local/texlive/2023/texmf-dist/tex/latex/base/size10.clo
File: size10.clo 2023/05/17 v1.4n Standard LaTeX file (size option)
)
\c@part=\count186
\c@chapter=\count187
\c@section=\count188
\c@subsection=\count189
\c@subsubsection=\count190
\c@paragraph=\count191
\c@subparagraph=\count192
\c@figure=\count193
\c@table=\count194
\abovecaptionskip=\skip48
\belowcaptionskip=\skip49
\bibindent=\dimen140
) (/usr/local/texlive/2023/texmf-dist/tex/latex/base/inputenc.sty
Package: inputenc 2021/02/14 v1.3d Input encoding file
\inpenc@prehook=\toks17
\inpenc@posthook=\toks18
) (/usr/local/texlive/2023/texmf-dist/tex/latex/base/fontenc.sty
Package: fontenc 2021/04/29 v2.0v Standard LaTeX package
) (./RJournal.sty
Package: RJournal 2022/06/27 v0.14 RJournal package
(/usr/local/texlive/2023/texmf-dist/tex/latex/pgf/frontendlayer/tikz.sty (/usr/
local/texlive/2023/texmf-dist/tex/latex/pgf/basiclayer/pgf.sty (/usr/local/texl
ive/2023/texmf-dist/tex/latex/pgf/utilities/pgfrcs.sty
(/usr/local/texlive/2023/texmf-dist/tex/generic/pgf/utilities/pgfutil-common.te
x
\pgfutil@everybye=\toks19
\pgfutil@tempdima=\dimen141
\pgfutil@tempdimb=\dimen142
)
(/usr/local/texlive/2023/texmf-dist/tex/generic/pgf/utilities/pgfutil-latex.def
\pgfutil@abb=\box51
) (/usr/local/texlive/2023/texmf-dist/tex/generic/pgf/utilities/pgfrcs.code.tex
(/usr/local/texlive/2023/texmf-dist/tex/generic/pgf/pgf.revision.tex)
Package: pgfrcs 2023-01-15 v3.1.10 (3.1.10)
))
Package: pgf 2023-01-15 v3.1.10 (3.1.10)
(/usr/local/texlive/2023/texmf-dist/tex/latex/pgf/basiclayer/pgfcore.sty (/usr/
local/texlive/2023/texmf-dist/tex/latex/graphics/graphicx.sty
Package: graphicx 2021/09/16 v1.2d Enhanced LaTeX Graphics (DPC,SPQR)
(/usr/local/texlive/2023/texmf-dist/tex/latex/graphics/keyval.sty
Package: keyval 2022/05/29 v1.15 key=value parser (DPC)
\KV@toks@=\toks20
) (/usr/local/texlive/2023/texmf-dist/tex/latex/graphics/graphics.sty
Package: graphics 2022/03/10 v1.4e Standard LaTeX Graphics (DPC,SPQR)
(/usr/local/texlive/2023/texmf-dist/tex/latex/graphics/trig.sty
Package: trig 2021/08/11 v1.11 sin cos tan (DPC)
) (/usr/local/texlive/2023/texmf-dist/tex/latex/graphics-cfg/graphics.cfg
File: graphics.cfg 2016/06/04 v1.11 sample graphics configuration
)
Package graphics Info: Driver file: pdftex.def on input line 107.
(/usr/local/texlive/2023/texmf-dist/tex/latex/graphics-def/pdftex.def
File: pdftex.def 2022/09/22 v1.2b Graphics/color driver for pdftex
))
\Gin@req@height=\dimen143
\Gin@req@width=\dimen144
) (/usr/local/texlive/2023/texmf-dist/tex/latex/pgf/systemlayer/pgfsys.sty
(/usr/local/texlive/2023/texmf-dist/tex/generic/pgf/systemlayer/pgfsys.code.tex
Package: pgfsys 2023-01-15 v3.1.10 (3.1.10)
(/usr/local/texlive/2023/texmf-dist/tex/generic/pgf/utilities/pgfkeys.code.tex
\pgfkeys@pathtoks=\toks21
\pgfkeys@temptoks=\toks22

(/usr/local/texlive/2023/texmf-dist/tex/generic/pgf/utilities/pgfkeyslibraryfil
tered.code.tex
\pgfkeys@tmptoks=\toks23
))
\pgf@x=\dimen145
\pgf@y=\dimen146
\pgf@xa=\dimen147
\pgf@ya=\dimen148
\pgf@xb=\dimen149
\pgf@yb=\dimen150
\pgf@xc=\dimen151
\pgf@yc=\dimen152
\pgf@xd=\dimen153
\pgf@yd=\dimen154
\w@pgf@writea=\write3
\r@pgf@reada=\read2
\c@pgf@counta=\count195
\c@pgf@countb=\count196
\c@pgf@countc=\count197
\c@pgf@countd=\count198
\t@pgf@toka=\toks24
\t@pgf@tokb=\toks25
\t@pgf@tokc=\toks26
\pgf@sys@id@count=\count199
(/usr/local/texlive/2023/texmf-dist/tex/generic/pgf/systemlayer/pgf.cfg
File: pgf.cfg 2023-01-15 v3.1.10 (3.1.10)
)
Driver file for pgf: pgfsys-pdftex.def

(/usr/local/texlive/2023/texmf-dist/tex/generic/pgf/systemlayer/pgfsys-pdftex.d
ef
File: pgfsys-pdftex.def 2023-01-15 v3.1.10 (3.1.10)

(/usr/local/texlive/2023/texmf-dist/tex/generic/pgf/systemlayer/pgfsys-common-p
df.def
File: pgfsys-common-pdf.def 2023-01-15 v3.1.10 (3.1.10)
)))
(/usr/local/texlive/2023/texmf-dist/tex/generic/pgf/systemlayer/pgfsyssoftpath.
code.tex
File: pgfsyssoftpath.code.tex 2023-01-15 v3.1.10 (3.1.10)
\pgfsyssoftpath@smallbuffer@items=\count266
\pgfsyssoftpath@bigbuffer@items=\count267
)
(/usr/local/texlive/2023/texmf-dist/tex/generic/pgf/systemlayer/pgfsysprotocol.
code.tex
File: pgfsysprotocol.code.tex 2023-01-15 v3.1.10 (3.1.10)
)) (/usr/local/texlive/2023/texmf-dist/tex/latex/xcolor/xcolor.sty
Package: xcolor 2023/11/15 v3.01 LaTeX color extensions (UK)
(/usr/local/texlive/2023/texmf-dist/tex/latex/graphics-cfg/color.cfg
File: color.cfg 2016/01/02 v1.6 sample color configuration
)
Package xcolor Info: Driver file: pdftex.def on input line 274.
(/usr/local/texlive/2023/texmf-dist/tex/latex/graphics/mathcolor.ltx)
Package xcolor Info: Model `cmy' substituted by `cmy0' on input line 1350.
Package xcolor Info: Model `hsb' substituted by `rgb' on input line 1354.
Package xcolor Info: Model `RGB' extended on input line 1366.
Package xcolor Info: Model `HTML' substituted by `rgb' on input line 1368.
Package xcolor Info: Model `Hsb' substituted by `hsb' on input line 1369.
Package xcolor Info: Model `tHsb' substituted by `hsb' on input line 1370.
Package xcolor Info: Model `HSB' substituted by `hsb' on input line 1371.
Package xcolor Info: Model `Gray' substituted by `gray' on input line 1372.
Package xcolor Info: Model `wave' substituted by `hsb' on input line 1373.
)
(/usr/local/texlive/2023/texmf-dist/tex/generic/pgf/basiclayer/pgfcore.code.tex
Package: pgfcore 2023-01-15 v3.1.10 (3.1.10)
(/usr/local/texlive/2023/texmf-dist/tex/generic/pgf/math/pgfmath.code.tex (/usr
/local/texlive/2023/texmf-dist/tex/generic/pgf/math/pgfmathutil.code.tex)
(/usr/local/texlive/2023/texmf-dist/tex/generic/pgf/math/pgfmathparser.code.tex
\pgfmath@dimen=\dimen155
\pgfmath@count=\count268
\pgfmath@box=\box52
\pgfmath@toks=\toks27
\pgfmath@stack@operand=\toks28
\pgfmath@stack@operation=\toks29
)
(/usr/local/texlive/2023/texmf-dist/tex/generic/pgf/math/pgfmathfunctions.code.
tex)
(/usr/local/texlive/2023/texmf-dist/tex/generic/pgf/math/pgfmathfunctions.basic
.code.tex)
(/usr/local/texlive/2023/texmf-dist/tex/generic/pgf/math/pgfmathfunctions.trigo
nometric.code.tex)
(/usr/local/texlive/2023/texmf-dist/tex/generic/pgf/math/pgfmathfunctions.rando
m.code.tex)
(/usr/local/texlive/2023/texmf-dist/tex/generic/pgf/math/pgfmathfunctions.compa
rison.code.tex)
(/usr/local/texlive/2023/texmf-dist/tex/generic/pgf/math/pgfmathfunctions.base.
code.tex)
(/usr/local/texlive/2023/texmf-dist/tex/generic/pgf/math/pgfmathfunctions.round
.code.tex)
(/usr/local/texlive/2023/texmf-dist/tex/generic/pgf/math/pgfmathfunctions.misc.
code.tex)
(/usr/local/texlive/2023/texmf-dist/tex/generic/pgf/math/pgfmathfunctions.integ
erarithmetics.code.tex) (/usr/local/texlive/2023/texmf-dist/tex/generic/pgf/mat
h/pgfmathcalc.code.tex) (/usr/local/texlive/2023/texmf-dist/tex/generic/pgf/mat
h/pgfmathfloat.code.tex
\c@pgfmathroundto@lastzeros=\count269
)) (/usr/local/texlive/2023/texmf-dist/tex/generic/pgf/math/pgfint.code.tex)
(/usr/local/texlive/2023/texmf-dist/tex/generic/pgf/basiclayer/pgfcorepoints.co
de.tex
File: pgfcorepoints.code.tex 2023-01-15 v3.1.10 (3.1.10)
\pgf@picminx=\dimen156
\pgf@picmaxx=\dimen157
\pgf@picminy=\dimen158
\pgf@picmaxy=\dimen159
\pgf@pathminx=\dimen160
\pgf@pathmaxx=\dimen161
\pgf@pathminy=\dimen162
\pgf@pathmaxy=\dimen163
\pgf@xx=\dimen164
\pgf@xy=\dimen165
\pgf@yx=\dimen166
\pgf@yy=\dimen167
\pgf@zx=\dimen168
\pgf@zy=\dimen169
)
(/usr/local/texlive/2023/texmf-dist/tex/generic/pgf/basiclayer/pgfcorepathconst
ruct.code.tex
File: pgfcorepathconstruct.code.tex 2023-01-15 v3.1.10 (3.1.10)
\pgf@path@lastx=\dimen170
\pgf@path@lasty=\dimen171
)
(/usr/local/texlive/2023/texmf-dist/tex/generic/pgf/basiclayer/pgfcorepathusage
.code.tex
File: pgfcorepathusage.code.tex 2023-01-15 v3.1.10 (3.1.10)
\pgf@shorten@end@additional=\dimen172
\pgf@shorten@start@additional=\dimen173
)
(/usr/local/texlive/2023/texmf-dist/tex/generic/pgf/basiclayer/pgfcorescopes.co
de.tex
File: pgfcorescopes.code.tex 2023-01-15 v3.1.10 (3.1.10)
\pgfpic=\box53
\pgf@hbox=\box54
\pgf@layerbox@main=\box55
\pgf@picture@serial@count=\count270
)
(/usr/local/texlive/2023/texmf-dist/tex/generic/pgf/basiclayer/pgfcoregraphicst
ate.code.tex
File: pgfcoregraphicstate.code.tex 2023-01-15 v3.1.10 (3.1.10)
\pgflinewidth=\dimen174
)
(/usr/local/texlive/2023/texmf-dist/tex/generic/pgf/basiclayer/pgfcoretransform
ations.code.tex
File: pgfcoretransformations.code.tex 2023-01-15 v3.1.10 (3.1.10)
\pgf@pt@x=\dimen175
\pgf@pt@y=\dimen176
\pgf@pt@temp=\dimen177
)
(/usr/local/texlive/2023/texmf-dist/tex/generic/pgf/basiclayer/pgfcorequick.cod
e.tex
File: pgfcorequick.code.tex 2023-01-15 v3.1.10 (3.1.10)
)
(/usr/local/texlive/2023/texmf-dist/tex/generic/pgf/basiclayer/pgfcoreobjects.c
ode.tex
File: pgfcoreobjects.code.tex 2023-01-15 v3.1.10 (3.1.10)
)
(/usr/local/texlive/2023/texmf-dist/tex/generic/pgf/basiclayer/pgfcorepathproce
ssing.code.tex
File: pgfcorepathprocessing.code.tex 2023-01-15 v3.1.10 (3.1.10)
)
(/usr/local/texlive/2023/texmf-dist/tex/generic/pgf/basiclayer/pgfcorearrows.co
de.tex
File: pgfcorearrows.code.tex 2023-01-15 v3.1.10 (3.1.10)
\pgfarrowsep=\dimen178
)
(/usr/local/texlive/2023/texmf-dist/tex/generic/pgf/basiclayer/pgfcoreshade.cod
e.tex
File: pgfcoreshade.code.tex 2023-01-15 v3.1.10 (3.1.10)
\pgf@max=\dimen179
\pgf@sys@shading@range@num=\count271
\pgf@shadingcount=\count272
)
(/usr/local/texlive/2023/texmf-dist/tex/generic/pgf/basiclayer/pgfcoreimage.cod
e.tex
File: pgfcoreimage.code.tex 2023-01-15 v3.1.10 (3.1.10)
)
(/usr/local/texlive/2023/texmf-dist/tex/generic/pgf/basiclayer/pgfcoreexternal.
code.tex
File: pgfcoreexternal.code.tex 2023-01-15 v3.1.10 (3.1.10)
\pgfexternal@startupbox=\box56
)
(/usr/local/texlive/2023/texmf-dist/tex/generic/pgf/basiclayer/pgfcorelayers.co
de.tex
File: pgfcorelayers.code.tex 2023-01-15 v3.1.10 (3.1.10)
)
(/usr/local/texlive/2023/texmf-dist/tex/generic/pgf/basiclayer/pgfcoretranspare
ncy.code.tex
File: pgfcoretransparency.code.tex 2023-01-15 v3.1.10 (3.1.10)
)
(/usr/local/texlive/2023/texmf-dist/tex/generic/pgf/basiclayer/pgfcorepatterns.
code.tex
File: pgfcorepatterns.code.tex 2023-01-15 v3.1.10 (3.1.10)
)
(/usr/local/texlive/2023/texmf-dist/tex/generic/pgf/basiclayer/pgfcorerdf.code.
tex
File: pgfcorerdf.code.tex 2023-01-15 v3.1.10 (3.1.10)
)))
(/usr/local/texlive/2023/texmf-dist/tex/generic/pgf/modules/pgfmoduleshapes.cod
e.tex
File: pgfmoduleshapes.code.tex 2023-01-15 v3.1.10 (3.1.10)
\pgfnodeparttextbox=\box57
)
(/usr/local/texlive/2023/texmf-dist/tex/generic/pgf/modules/pgfmoduleplot.code.
tex
File: pgfmoduleplot.code.tex 2023-01-15 v3.1.10 (3.1.10)
)
(/usr/local/texlive/2023/texmf-dist/tex/latex/pgf/compatibility/pgfcomp-version
-0-65.sty
Package: pgfcomp-version-0-65 2023-01-15 v3.1.10 (3.1.10)
\pgf@nodesepstart=\dimen180
\pgf@nodesepend=\dimen181
)
(/usr/local/texlive/2023/texmf-dist/tex/latex/pgf/compatibility/pgfcomp-version
-1-18.sty
Package: pgfcomp-version-1-18 2023-01-15 v3.1.10 (3.1.10)
)) (/usr/local/texlive/2023/texmf-dist/tex/latex/pgf/utilities/pgffor.sty (/usr
/local/texlive/2023/texmf-dist/tex/latex/pgf/utilities/pgfkeys.sty (/usr/local/
texlive/2023/texmf-dist/tex/generic/pgf/utilities/pgfkeys.code.tex)) (/usr/loca
l/texlive/2023/texmf-dist/tex/latex/pgf/math/pgfmath.sty (/usr/local/texlive/20
23/texmf-dist/tex/generic/pgf/math/pgfmath.code.tex)) (/usr/local/texlive/2023/
texmf-dist/tex/generic/pgf/utilities/pgffor.code.tex
Package: pgffor 2023-01-15 v3.1.10 (3.1.10)
\pgffor@iter=\dimen182
\pgffor@skip=\dimen183
\pgffor@stack=\toks30
\pgffor@toks=\toks31
))
(/usr/local/texlive/2023/texmf-dist/tex/generic/pgf/frontendlayer/tikz/tikz.cod
e.tex
Package: tikz 2023-01-15 v3.1.10 (3.1.10)

(/usr/local/texlive/2023/texmf-dist/tex/generic/pgf/libraries/pgflibraryplothan
dlers.code.tex
File: pgflibraryplothandlers.code.tex 2023-01-15 v3.1.10 (3.1.10)
\pgf@plot@mark@count=\count273
\pgfplotmarksize=\dimen184
)
\tikz@lastx=\dimen185
\tikz@lasty=\dimen186
\tikz@lastxsaved=\dimen187
\tikz@lastysaved=\dimen188
\tikz@lastmovetox=\dimen189
\tikz@lastmovetoy=\dimen190
\tikzleveldistance=\dimen191
\tikzsiblingdistance=\dimen192
\tikz@figbox=\box58
\tikz@figbox@bg=\box59
\tikz@tempbox=\box60
\tikz@tempbox@bg=\box61
\tikztreelevel=\count274
\tikznumberofchildren=\count275
\tikznumberofcurrentchild=\count276
\tikz@fig@count=\count277

(/usr/local/texlive/2023/texmf-dist/tex/generic/pgf/modules/pgfmodulematrix.cod
e.tex
File: pgfmodulematrix.code.tex 2023-01-15 v3.1.10 (3.1.10)
\pgfmatrixcurrentrow=\count278
\pgfmatrixcurrentcolumn=\count279
\pgf@matrix@numberofcolumns=\count280
)
\tikz@expandcount=\count281

(/usr/local/texlive/2023/texmf-dist/tex/generic/pgf/frontendlayer/tikz/librarie
s/tikzlibrarytopaths.code.tex
File: tikzlibrarytopaths.code.tex 2023-01-15 v3.1.10 (3.1.10)
))) (/usr/local/texlive/2023/texmf-dist/tex/latex/geometry/geometry.sty
Package: geometry 2020/01/02 v5.9 Page Geometry
(/usr/local/texlive/2023/texmf-dist/tex/generic/iftex/ifvtex.sty
Package: ifvtex 2019/10/25 v1.7 ifvtex legacy package. Use iftex instead.
(/usr/local/texlive/2023/texmf-dist/tex/generic/iftex/iftex.sty
Package: iftex 2022/02/03 v1.0f TeX engine tests
))
\Gm@cnth=\count282
\Gm@cntv=\count283
\c@Gm@tempcnt=\count284
\Gm@bindingoffset=\dimen193
\Gm@wd@mp=\dimen194
\Gm@odd@mp=\dimen195
\Gm@even@mp=\dimen196
\Gm@layoutwidth=\dimen197
\Gm@layoutheight=\dimen198
\Gm@layouthoffset=\dimen199
\Gm@layoutvoffset=\dimen256
\Gm@dimlist=\toks32
) (/usr/local/texlive/2023/texmf-dist/tex/latex/fancyhdr/fancyhdr.sty
Package: fancyhdr 2022/11/09 v4.1 Extensive control of page headers and footers

\f@nch@headwidth=\skip50
\f@nch@O@elh=\skip51
\f@nch@O@erh=\skip52
\f@nch@O@olh=\skip53
\f@nch@O@orh=\skip54
\f@nch@O@elf=\skip55
\f@nch@O@erf=\skip56
\f@nch@O@olf=\skip57
\f@nch@O@orf=\skip58
) (/usr/local/texlive/2023/texmf-dist/tex/latex/microtype/microtype.sty
Package: microtype 2023/03/13 v3.1a Micro-typographical refinements (RS)
(/usr/local/texlive/2023/texmf-dist/tex/latex/etoolbox/etoolbox.sty
Package: etoolbox 2020/10/05 v2.5k e-TeX tools for LaTeX (JAW)
\etb@tempcnta=\count285
)
\MT@toks=\toks33
\MT@tempbox=\box62
\MT@count=\count286
LaTeX Info: Redefining \noprotrusionifhmode on input line 1059.
LaTeX Info: Redefining \leftprotrusion on input line 1060.
\MT@prot@toks=\toks34
LaTeX Info: Redefining \rightprotrusion on input line 1078.
LaTeX Info: Redefining \textls on input line 1368.
\MT@outer@kern=\dimen257
LaTeX Info: Redefining \textmicrotypecontext on input line 1988.
\MT@listname@count=\count287
(/usr/local/texlive/2023/texmf-dist/tex/latex/microtype/microtype-pdftex.def
File: microtype-pdftex.def 2023/03/13 v3.1a Definitions specific to pdftex (RS)

LaTeX Info: Redefining \lsstyle on input line 902.
LaTeX Info: Redefining \lslig on input line 902.
\MT@outer@space=\skip59
)
Package microtype Info: Loading configuration file microtype.cfg.
(/usr/local/texlive/2023/texmf-dist/tex/latex/microtype/microtype.cfg
File: microtype.cfg 2023/03/13 v3.1a microtype main configuration file (RS)
)) (/usr/local/texlive/2023/texmf-dist/tex/latex/psnfss/helvet.sty
Package: helvet 2020/03/25 PSNFSS-v9.3 (WaS) 
) (/usr/local/texlive/2023/texmf-dist/tex/latex/psnfss/palatino.sty
Package: palatino 2020/03/25 PSNFSS-v9.3 (SPQR) 
) (/usr/local/texlive/2023/texmf-dist/tex/latex/psnfss/mathpazo.sty
Package: mathpazo 2020/03/25 PSNFSS-v9.3 Palatino w/ Pazo Math (D.Puga, WaS) 
\symupright=\mathgroup4
) (/usr/local/texlive/2023/texmf-dist/tex/latex/inconsolata/inconsolata.sty
Package: inconsolata 2019/05/17 v1.12
`inconsolata-zi4' v1.12, 2019/05/17 Text macros for Inconsolata (msharpe) (/usr
/local/texlive/2023/texmf-dist/tex/latex/base/textcomp.sty
Package: textcomp 2020/02/02 v2.0n Standard LaTeX package
) (/usr/local/texlive/2023/texmf-dist/tex/latex/xkeyval/xkeyval.sty
Package: xkeyval 2022/06/16 v2.9 package option processing (HA)
(/usr/local/texlive/2023/texmf-dist/tex/generic/xkeyval/xkeyval.tex (/usr/local
/texlive/2023/texmf-dist/tex/generic/xkeyval/xkvutils.tex
\XKV@toks=\toks35
\XKV@tempa@toks=\toks36
)
\XKV@depth=\count288
File: xkeyval.tex 2014/12/03 v2.7a key=value parser (HA)
))
\zifour@ocount=\count289
) (/usr/local/texlive/2023/texmf-dist/tex/latex/base/fontenc.sty
Package: fontenc 2021/04/29 v2.0v Standard LaTeX package
LaTeX Font Info:    Trying to load font information for T1+ppl on input line 11
2.
(/usr/local/texlive/2023/texmf-dist/tex/latex/psnfss/t1ppl.fd
File: t1ppl.fd 2001/06/04 font definitions for T1/ppl.
)) (/usr/local/texlive/2023/texmf-dist/tex/latex/url/url.sty
\Urlmuskip=\muskip16
Package: url 2013/09/16  ver 3.4  Verb mode for urls, etc.
) (/usr/local/texlive/2023/texmf-dist/tex/latex/hyperref/hyperref.sty
Package: hyperref 2023-11-26 v7.01g Hypertext links for LaTeX
(/usr/local/texlive/2023/texmf-dist/tex/generic/infwarerr/infwarerr.sty
Package: infwarerr 2019/12/03 v1.5 Providing info/warning/error messages (HO)
) (/usr/local/texlive/2023/texmf-dist/tex/latex/kvsetkeys/kvsetkeys.sty
Package: kvsetkeys 2022-10-05 v1.19 Key value parser (HO)
) (/usr/local/texlive/2023/texmf-dist/tex/generic/kvdefinekeys/kvdefinekeys.sty
Package: kvdefinekeys 2019-12-19 v1.6 Define keys (HO)
) (/usr/local/texlive/2023/texmf-dist/tex/generic/pdfescape/pdfescape.sty
Package: pdfescape 2019/12/09 v1.15 Implements pdfTeX's escape features (HO)
(/usr/local/texlive/2023/texmf-dist/tex/generic/ltxcmds/ltxcmds.sty
Package: ltxcmds 2023-12-04 v1.26 LaTeX kernel commands for general use (HO)
) (/usr/local/texlive/2023/texmf-dist/tex/generic/pdftexcmds/pdftexcmds.sty
Package: pdftexcmds 2020-06-27 v0.33 Utility functions of pdfTeX for LuaTeX (HO
)
Package pdftexcmds Info: \pdf@primitive is available.
Package pdftexcmds Info: \pdf@ifprimitive is available.
Package pdftexcmds Info: \pdfdraftmode found.
)) (/usr/local/texlive/2023/texmf-dist/tex/latex/hycolor/hycolor.sty
Package: hycolor 2020-01-27 v1.10 Color options for hyperref/bookmark (HO)
) (/usr/local/texlive/2023/texmf-dist/tex/latex/letltxmacro/letltxmacro.sty
Package: letltxmacro 2019/12/03 v1.6 Let assignment for LaTeX macros (HO)
) (/usr/local/texlive/2023/texmf-dist/tex/latex/auxhook/auxhook.sty
Package: auxhook 2019-12-17 v1.6 Hooks for auxiliary files (HO)
) (/usr/local/texlive/2023/texmf-dist/tex/latex/hyperref/nameref.sty
Package: nameref 2023-11-26 v2.56 Cross-referencing by name of section
(/usr/local/texlive/2023/texmf-dist/tex/latex/refcount/refcount.sty
Package: refcount 2019/12/15 v3.6 Data extraction from label references (HO)
)
(/usr/local/texlive/2023/texmf-dist/tex/generic/gettitlestring/gettitlestring.s
ty
Package: gettitlestring 2019/12/15 v1.6 Cleanup title references (HO)
(/usr/local/texlive/2023/texmf-dist/tex/latex/kvoptions/kvoptions.sty
Package: kvoptions 2022-06-15 v3.15 Key value format for package options (HO)
))
\c@section@level=\count290
)
\@linkdim=\dimen258
\Hy@linkcounter=\count291
\Hy@pagecounter=\count292
(/usr/local/texlive/2023/texmf-dist/tex/latex/hyperref/pd1enc.def
File: pd1enc.def 2023-11-26 v7.01g Hyperref: PDFDocEncoding definition (HO)
Now handling font encoding PD1 ...
... no UTF-8 mapping file for font encoding PD1
) (/usr/local/texlive/2023/texmf-dist/tex/generic/intcalc/intcalc.sty
Package: intcalc 2019/12/15 v1.3 Expandable calculations with integers (HO)
)
\Hy@SavedSpaceFactor=\count293
(/usr/local/texlive/2023/texmf-dist/tex/latex/hyperref/puenc.def
File: puenc.def 2023-11-26 v7.01g Hyperref: PDF Unicode definition (HO)
Now handling font encoding PU ...
... no UTF-8 mapping file for font encoding PU
)
Package hyperref Info: Hyper figures OFF on input line 4181.
Package hyperref Info: Link nesting OFF on input line 4186.
Package hyperref Info: Hyper index ON on input line 4189.
Package hyperref Info: Plain pages OFF on input line 4196.
Package hyperref Info: Backreferencing ON on input line 4199.
Package hyperref Info: Implicit mode ON; LaTeX internals redefined.
Package hyperref Info: Bookmarks ON on input line 4448.
(/usr/local/texlive/2023/texmf-dist/tex/latex/hyperref/backref.sty
Package: backref 2023-11-26 v1.44 Bibliographical back referencing

(/usr/local/texlive/2023/texmf-dist/tex/latex/rerunfilecheck/rerunfilecheck.sty
Package: rerunfilecheck 2022-07-10 v1.10 Rerun checks for auxiliary files (HO)
(/usr/local/texlive/2023/texmf-dist/tex/latex/base/atveryend-ltx.sty
Package: atveryend-ltx 2020/08/19 v1.0a Emulation of the original atveryend pac
kage
with kernel methods
)
(/usr/local/texlive/2023/texmf-dist/tex/generic/uniquecounter/uniquecounter.sty
Package: uniquecounter 2019/12/15 v1.4 Provide unlimited unique counter (HO)
(/usr/local/texlive/2023/texmf-dist/tex/generic/bigintcalc/bigintcalc.sty
Package: bigintcalc 2019/12/15 v1.5 Expandable calculations on big integers (HO
)
))
Package uniquecounter Info: New unique counter `rerunfilecheck' on input line 2
85.
))
\c@Hy@tempcnt=\count294
LaTeX Info: Redefining \url on input line 4786.
\XeTeXLinkMargin=\dimen259
(/usr/local/texlive/2023/texmf-dist/tex/generic/bitset/bitset.sty
Package: bitset 2019/12/09 v1.3 Handle bit-vector datatype (HO)
)
\Fld@menulength=\count295
\Field@Width=\dimen260
\Fld@charsize=\dimen261
Package hyperref Info: Hyper figures OFF on input line 6065.
Package hyperref Info: Link nesting OFF on input line 6070.
Package hyperref Info: Hyper index ON on input line 6073.
Package hyperref Info: backreferencing ON on input line 6078.
Package hyperref Info: Link coloring OFF on input line 6085.
Package hyperref Info: Link coloring with OCG OFF on input line 6090.
Package hyperref Info: PDF/A mode OFF on input line 6095.
(/usr/local/texlive/2023/texmf-dist/tex/latex/base/atbegshi-ltx.sty
Package: atbegshi-ltx 2021/01/10 v1.0c Emulation of the original atbegshi
package with kernel methods
)
\Hy@abspage=\count296
\c@Item=\count297
\c@Hfootnote=\count298
)
Package hyperref Info: Driver (autodetected): hpdftex.
(/usr/local/texlive/2023/texmf-dist/tex/latex/hyperref/hpdftex.def
File: hpdftex.def 2023-11-26 v7.01g Hyperref driver for pdfTeX
\Fld@listcount=\count299
\c@bookmark@seq@number=\count300
\Hy@SectionHShift=\skip60
)
Package hyperref Info: Option `colorlinks' set `true' on input line 68.
(/usr/local/texlive/2023/texmf-dist/tex/latex/setspace/setspace.sty
Package: setspace 2022/12/04 v6.7b set line spacing
) (/usr/local/texlive/2023/texmf-dist/tex/latex/titlesec/titlesec.sty
Package: titlesec 2023/10/27 v2.16 Sectioning titles
\ttl@box=\box63
\beforetitleunit=\skip61
\aftertitleunit=\skip62
\ttl@plus=\dimen262
\ttl@minus=\dimen263
\ttl@toksa=\toks37
\titlewidth=\dimen264
\titlewidthlast=\dimen265
\titlewidthfirst=\dimen266
) (/usr/local/texlive/2023/texmf-dist/tex/latex/titlesec/titletoc.sty
Package: titletoc 2023/10/27 v2.16 TOC entries
\ttl@leftsep=\dimen267
) (/usr/local/texlive/2023/texmf-dist/tex/latex/placeins/placeins.sty
Package: placeins 2005/04/18  v 2.2
) (/usr/local/texlive/2023/texmf-dist/tex/latex/natbib/natbib.sty
Package: natbib 2010/09/13 8.31b (PWD, AO)
\bibhang=\skip63
\bibsep=\skip64
LaTeX Info: Redefining \cite on input line 694.
\c@NAT@ctr=\count301
) (/usr/local/texlive/2023/texmf-dist/tex/latex/fancyvrb/fancyvrb.sty
Package: fancyvrb 2023/11/06 4.5b verbatim text (tvz,hv)
\FV@CodeLineNo=\count302
\FV@InFile=\read3
\FV@TabBox=\box64
\c@FancyVerbLine=\count303
\FV@StepNumber=\count304
\FV@OutFile=\write4
) (/usr/local/texlive/2023/texmf-dist/tex/latex/base/alltt.sty
Package: alltt 2021/01/29 v2.0g defines alltt environment
) (/usr/local/texlive/2023/texmf-dist/tex/latex/amsfonts/amsfonts.sty
Package: amsfonts 2013/01/14 v3.01 Basic AMSFonts support
\@emptytoks=\toks38
\symAMSa=\mathgroup5
\symAMSb=\mathgroup6
LaTeX Font Info:    Redeclaring math symbol \hbar on input line 98.
LaTeX Font Info:    Overwriting math alphabet `\mathfrak' in version `bold'
(Font)                  U/euf/m/n --> U/euf/b/n on input line 106.
) (/usr/local/texlive/2023/texmf-dist/tex/latex/caption/caption.sty
Package: caption 2023/08/05 v3.6o Customizing captions (AR)
(/usr/local/texlive/2023/texmf-dist/tex/latex/caption/caption3.sty
Package: caption3 2023/07/31 v2.4d caption3 kernel (AR)
\caption@tempdima=\dimen268
\captionmargin=\dimen269
\caption@leftmargin=\dimen270
\caption@rightmargin=\dimen271
\caption@width=\dimen272
\caption@indent=\dimen273
\caption@parindent=\dimen274
\caption@hangindent=\dimen275
Package caption Info: Standard document class detected.
)
\c@caption@flags=\count305
\c@continuedfloat=\count306
Package caption Info: hyperref package is loaded.
) (/usr/local/texlive/2023/texmf-dist/tex/latex/environ/environ.sty
Package: environ 2014/05/04 v0.3 A new way to define environments
(/usr/local/texlive/2023/texmf-dist/tex/latex/trimspaces/trimspaces.sty
Package: trimspaces 2009/09/17 v1.1 Trim spaces around a token list
)
\@envbody=\toks39
)) (/usr/local/texlive/2023/texmf-dist/tex/latex/amsmath/amsmath.sty
Package: amsmath 2023/05/13 v2.17o AMS math features
\@mathmargin=\skip65
For additional information on amsmath, use the `?' option.
(/usr/local/texlive/2023/texmf-dist/tex/latex/amsmath/amstext.sty
Package: amstext 2021/08/26 v2.01 AMS text
(/usr/local/texlive/2023/texmf-dist/tex/latex/amsmath/amsgen.sty
File: amsgen.sty 1999/11/30 v2.0 generic functions
\@emptytoks=\toks40
\ex@=\dimen276
)) (/usr/local/texlive/2023/texmf-dist/tex/latex/amsmath/amsbsy.sty
Package: amsbsy 1999/11/29 v1.2d Bold Symbols
\pmbraise@=\dimen277
) (/usr/local/texlive/2023/texmf-dist/tex/latex/amsmath/amsopn.sty
Package: amsopn 2022/04/08 v2.04 operator names
LaTeX Info: Redefining \operatorname on input line 43.
)
\inf@bad=\count307
LaTeX Info: Redefining \frac on input line 234.
\uproot@=\count308
\leftroot@=\count309
LaTeX Info: Redefining \overline on input line 399.
LaTeX Info: Redefining \colon on input line 410.
\classnum@=\count310
\DOTSCASE@=\count311
LaTeX Info: Redefining \ldots on input line 496.
LaTeX Info: Redefining \dots on input line 499.
LaTeX Info: Redefining \cdots on input line 620.
\Mathstrutbox@=\box65
\strutbox@=\box66
LaTeX Info: Redefining \big on input line 722.
LaTeX Info: Redefining \Big on input line 723.
LaTeX Info: Redefining \bigg on input line 724.
LaTeX Info: Redefining \Bigg on input line 725.
\big@size=\dimen278
LaTeX Font Info:    Redeclaring font encoding OML on input line 743.
LaTeX Font Info:    Redeclaring font encoding OMS on input line 744.
\macc@depth=\count312
LaTeX Info: Redefining \bmod on input line 905.
LaTeX Info: Redefining \pmod on input line 910.
LaTeX Info: Redefining \smash on input line 940.
LaTeX Info: Redefining \relbar on input line 970.
LaTeX Info: Redefining \Relbar on input line 971.
\c@MaxMatrixCols=\count313
\dotsspace@=\muskip17
\c@parentequation=\count314
\dspbrk@lvl=\count315
\tag@help=\toks41
\row@=\count316
\column@=\count317
\maxfields@=\count318
\andhelp@=\toks42
\eqnshift@=\dimen279
\alignsep@=\dimen280
\tagshift@=\dimen281
\tagwidth@=\dimen282
\totwidth@=\dimen283
\lineht@=\dimen284
\@envbody=\toks43
\multlinegap=\skip66
\multlinetaggap=\skip67
\mathdisplay@stack=\toks44
LaTeX Info: Redefining \[ on input line 2953.
LaTeX Info: Redefining \] on input line 2954.
) (/usr/local/texlive/2023/texmf-dist/tex/latex/amsfonts/amssymb.sty
Package: amssymb 2013/01/14 v3.01 AMS font symbols
) (/usr/local/texlive/2023/texmf-dist/tex/latex/tools/array.sty
Package: array 2023/10/16 v2.5g Tabular extension package (FMi)
\col@sep=\dimen285
\ar@mcellbox=\box67
\extrarowheight=\dimen286
\NC@list=\toks45
\extratabsurround=\skip68
\backup@length=\skip69
\ar@cellbox=\box68
) (/usr/local/texlive/2023/texmf-dist/tex/latex/booktabs/booktabs.sty
Package: booktabs 2020/01/12 v1.61803398 Publication quality tables
\heavyrulewidth=\dimen287
\lightrulewidth=\dimen288
\cmidrulewidth=\dimen289
\belowrulesep=\dimen290
\belowbottomsep=\dimen291
\aboverulesep=\dimen292
\abovetopsep=\dimen293
\cmidrulesep=\dimen294
\cmidrulekern=\dimen295
\defaultaddspace=\dimen296
\@cmidla=\count319
\@cmidlb=\count320
\@aboverulesep=\dimen297
\@belowrulesep=\dimen298
\@thisruleclass=\count321
\@lastruleclass=\count322
\@thisrulewidth=\dimen299
) (/usr/local/texlive/2023/texmf-dist/tex/latex/tools/longtable.sty
Package: longtable 2023-11-01 v4.19 Multi-page Table package (DPC)
\LTleft=\skip70
\LTright=\skip71
\LTpre=\skip72
\LTpost=\skip73
\LTchunksize=\count323
\LTcapwidth=\dimen300
\LT@head=\box69
\LT@firsthead=\box70
\LT@foot=\box71
\LT@lastfoot=\box72
\LT@gbox=\box73
\LT@cols=\count324
\LT@rows=\count325
\c@LT@tables=\count326
\c@LT@chunks=\count327
\LT@p@ftn=\toks46
)
\cslhangindent=\skip74
\csllabelwidth=\skip75
\cslentryspacingunit=\skip76
(/usr/local/texlive/2023/texmf-dist/tex/latex/tools/calc.sty
Package: calc 2023/07/08 v4.3 Infix arithmetic (KKT,FJ)
\calc@Acount=\count328
\calc@Bcount=\count329
\calc@Adimen=\dimen301
\calc@Bdimen=\dimen302
\calc@Askip=\skip77
\calc@Bskip=\skip78
LaTeX Info: Redefining \setlength on input line 80.
LaTeX Info: Redefining \addtolength on input line 81.
\calc@Ccount=\count330
\calc@Cskip=\skip79
) (./preamble.tex (/usr/local/texlive/2023/texmf-dist/tex/latex/jknapltx/mathrs
fs.sty
Package: mathrsfs 1996/01/01 Math RSFS package v1.0 (jk)
\symrsfs=\mathgroup7
) (/usr/local/texlive/2023/texmf-dist/tex/latex/amscls/amsthm.sty
Package: amsthm 2020/05/29 v2.20.6
\thm@style=\toks47
\thm@bodyfont=\toks48
\thm@headfont=\toks49
\thm@notefont=\toks50
\thm@headpunct=\toks51
\thm@preskip=\skip80
\thm@postskip=\skip81
\thm@headsep=\skip82
\dth@everypar=\toks52
) (/usr/local/texlive/2023/texmf-dist/tex/latex/graphics/rotating.sty
Package: rotating 2016/08/11 v2.16d rotated objects in LaTeX
(/usr/local/texlive/2023/texmf-dist/tex/latex/base/ifthen.sty
Package: ifthen 2022/04/13 v1.1d Standard LaTeX ifthen package (DPC)
)
\c@r@tfl@t=\count331
\rotFPtop=\skip83
\rotFPbot=\skip84
\rot@float@box=\box74
\rot@mess@toks=\toks53
) (/usr/local/texlive/2023/texmf-dist/tex/latex/tools/bm.sty
Package: bm 2023/07/08 v1.2f Bold Symbol Support (DPC/FMi)
\symboldoperators=\mathgroup8
\symboldletters=\mathgroup9
\symboldsymbols=\mathgroup10
Package bm Info: No bold for \OMX/zplm/m/n, using \pmb.
\symboldupright=\mathgroup11
Package bm Info: No bold for \U/msa/m/n, using \pmb.
Package bm Info: No bold for \U/msb/m/n, using \pmb.
Package bm Info: No bold for \U/rsfs/m/n, using \pmb.
LaTeX Font Info:    Redeclaring math alphabet \mathbf on input line 149.
) (/usr/local/texlive/2023/texmf-dist/tex/latex/subfigure/subfigure.sty
Package: subfigure 2002/03/15 v2.1.5 subfigure package
\subfigtopskip=\skip85
\subfigcapskip=\skip86
\subfigcaptopadj=\dimen303
\subfigbottomskip=\skip87
\subfigcapmargin=\dimen304
\subfiglabelskip=\skip88
\c@subfigure=\count332
\c@lofdepth=\count333
\c@subtable=\count334
\c@lotdepth=\count335
****************************************
* Local config file subfigure.cfg used *
****************************************
(/usr/local/texlive/2023/texmf-dist/tex/latex/subfigure/subfigure.cfg)
\subfig@top=\skip89
\subfig@bottom=\skip90
) (/usr/local/texlive/2023/texmf-dist/tex/generic/mathabx/mathabx.sty
Package: mathabx 2003/07/29 v0.0 Non-standard LaTeX package mathabx
\symmatha=\mathgroup12
\symmathb=\mathgroup13
\symmathx=\mathgroup14
(/usr/local/texlive/2023/texmf-dist/tex/generic/mathabx/mathabx.dcl
LaTeX Font Info:    Redeclaring math symbol \cdotp on input line 25.
LaTeX Font Info:    Redeclaring math symbol \times on input line 33.
LaTeX Font Info:    Redeclaring math symbol \div on input line 34.
LaTeX Font Info:    Redeclaring math symbol \cdot on input line 35.
LaTeX Font Info:    Redeclaring math symbol \circ on input line 36.
LaTeX Font Info:    Redeclaring math symbol \ast on input line 38.
LaTeX Font Info:    Redeclaring math symbol \pm on input line 41.
LaTeX Font Info:    Redeclaring math symbol \mp on input line 42.
LaTeX Font Info:    Redeclaring math symbol \ltimes on input line 43.
LaTeX Font Info:    Redeclaring math symbol \rtimes on input line 44.
LaTeX Font Info:    Redeclaring math symbol \diamond on input line 45.
LaTeX Font Info:    Redeclaring math symbol \bullet on input line 46.
LaTeX Font Info:    Redeclaring math symbol \star on input line 47.
LaTeX Font Info:    Redeclaring math symbol \amalg on input line 51.
LaTeX Font Info:    Redeclaring math symbol \dotplus on input line 58.
LaTeX Font Info:    Redeclaring math symbol \square on input line 63.
LaTeX Font Info:    Redeclaring math symbol \divideontimes on input line 71.
LaTeX Font Info:    Redeclaring math symbol \bigstar on input line 75.
LaTeX Font Info:    Redeclaring math symbol \equiv on input line 83.
LaTeX Font Info:    Redeclaring math symbol \sim on input line 84.
LaTeX Font Info:    Redeclaring math symbol \approx on input line 85.
LaTeX Font Info:    Redeclaring math symbol \simeq on input line 86.
LaTeX Font Info:    Redeclaring math symbol \asymp on input line 89.
LaTeX Font Info:    Redeclaring math symbol \nsim on input line 97.
LaTeX Font Info:    Redeclaring math symbol \ncong on input line 100.
LaTeX Font Info:    Redeclaring math symbol \risingdotseq on input line 118.
LaTeX Font Info:    Redeclaring math symbol \fallingdotseq on input line 119.
LaTeX Font Info:    Redeclaring math symbol \circeq on input line 125.
LaTeX Font Info:    Redeclaring math symbol \eqcirc on input line 126.
LaTeX Font Info:    Redeclaring math symbol \triangleq on input line 127.
LaTeX Font Info:    Redeclaring math symbol \neg on input line 134.
LaTeX Font Info:    Redeclaring math symbol \ll on input line 136.
LaTeX Font Info:    Redeclaring math symbol \gg on input line 137.
LaTeX Font Info:    Redeclaring math symbol \vdash on input line 139.
LaTeX Font Info:    Redeclaring math symbol \dashv on input line 140.
LaTeX Font Info:    Redeclaring math symbol \nvdash on input line 141.
LaTeX Font Info:    Redeclaring math symbol \vDash on input line 143.
LaTeX Font Info:    Redeclaring math symbol \nvDash on input line 145.
LaTeX Font Info:    Redeclaring math symbol \Vdash on input line 147.
LaTeX Font Info:    Redeclaring math symbol \nVdash on input line 149.
LaTeX Font Info:    Redeclaring math symbol \flat on input line 158.
LaTeX Font Info:    Redeclaring math symbol \natural on input line 159.
LaTeX Font Info:    Redeclaring math symbol \sharp on input line 160.
LaTeX Font Info:    Redeclaring math symbol \infty on input line 161.
LaTeX Font Info:    Redeclaring math symbol \propto on input line 162.
LaTeX Font Info:    Redeclaring math symbol \dagger on input line 163.
LaTeX Font Info:    Redeclaring math symbol \ddagger on input line 164.
LaTeX Font Info:    Redeclaring math symbol \between on input line 170.
LaTeX Font Info:    Redeclaring math symbol \smile on input line 171.
LaTeX Font Info:    Redeclaring math symbol \frown on input line 172.
LaTeX Font Info:    Redeclaring math symbol \leftthreetimes on input line 174.
LaTeX Font Info:    Redeclaring math symbol \rightthreetimes on input line 175.

LaTeX Font Info:    Redeclaring math symbol \pitchfork on input line 176.
LaTeX Font Info:    Redeclaring math symbol \nVDash on input line 182.
LaTeX Font Info:    Redeclaring math symbol \Vvdash on input line 184.
LaTeX Font Info:    Redeclaring math symbol \therefore on input line 189.
LaTeX Font Info:    Redeclaring math symbol \because on input line 190.
LaTeX Font Info:    Redeclaring math accent \dot on input line 193.
LaTeX Font Info:    Redeclaring math accent \ddot on input line 195.
LaTeX Font Info:    Redeclaring math symbol \measuredangle on input line 202.
LaTeX Font Info:    Redeclaring math symbol \sphericalangle on input line 203.
LaTeX Font Info:    Redeclaring math symbol \setminus on input line 218.
LaTeX Font Info:    Redeclaring math symbol \mid on input line 222.
LaTeX Font Info:    Redeclaring math symbol \forall on input line 279.
LaTeX Font Info:    Redeclaring math symbol \complement on input line 280.
LaTeX Font Info:    Redeclaring math symbol \partial on input line 281.
LaTeX Font Info:    Redeclaring math symbol \exists on input line 284.
LaTeX Font Info:    Redeclaring math symbol \nexists on input line 285.
LaTeX Font Info:    Redeclaring math symbol \Finv on input line 286.
LaTeX Font Info:    Redeclaring math symbol \Game on input line 287.
LaTeX Font Info:    Redeclaring math symbol \emptyset on input line 288.
LaTeX Font Info:    Redeclaring math symbol \top on input line 290.
LaTeX Font Info:    Redeclaring math symbol \bot on input line 291.
LaTeX Font Info:    Redeclaring math symbol \perp on input line 292.
LaTeX Font Info:    Redeclaring math symbol \curlywedge on input line 296.
LaTeX Font Info:    Redeclaring math symbol \curlyvee on input line 297.
LaTeX Font Info:    Redeclaring math symbol \in on input line 299.
LaTeX Font Info:    Redeclaring math symbol \owns on input line 300.
LaTeX Font Info:    Redeclaring math symbol \cap on input line 312.
LaTeX Font Info:    Redeclaring math symbol \cup on input line 313.
LaTeX Font Info:    Redeclaring math symbol \uplus on input line 314.
LaTeX Font Info:    Redeclaring math symbol \sqcap on input line 315.
LaTeX Font Info:    Redeclaring math symbol \sqcup on input line 316.
LaTeX Font Info:    Redeclaring math symbol \wedge on input line 318.
LaTeX Font Info:    Redeclaring math symbol \vee on input line 320.
LaTeX Font Info:    Redeclaring math symbol \barwedge on input line 327.
LaTeX Font Info:    Redeclaring math symbol \veebar on input line 328.
LaTeX Font Info:    Redeclaring math symbol \doublebarwedge on input line 329.
LaTeX Font Info:    Redeclaring math symbol \doublecap on input line 331.
LaTeX Font Info:    Redeclaring math symbol \doublecup on input line 333.
LaTeX Font Info:    Redeclaring math symbol \subset on input line 344.
LaTeX Font Info:    Redeclaring math symbol \supset on input line 345.
LaTeX Font Info:    Redeclaring math symbol \subseteq on input line 348.
LaTeX Font Info:    Redeclaring math symbol \supseteq on input line 349.
LaTeX Font Info:    Redeclaring math symbol \nsubseteq on input line 350.
LaTeX Font Info:    Redeclaring math symbol \nsupseteq on input line 351.
LaTeX Font Info:    Redeclaring math symbol \subsetneq on input line 352.
LaTeX Font Info:    Redeclaring math symbol \supsetneq on input line 353.
LaTeX Font Info:    Redeclaring math symbol \varsubsetneq on input line 354.
LaTeX Font Info:    Redeclaring math symbol \varsupsetneq on input line 355.
LaTeX Font Info:    Redeclaring math symbol \subseteqq on input line 357.
LaTeX Font Info:    Redeclaring math symbol \supseteqq on input line 358.
LaTeX Font Info:    Redeclaring math symbol \nsubseteqq on input line 359.
LaTeX Font Info:    Redeclaring math symbol \nsupseteqq on input line 360.
LaTeX Font Info:    Redeclaring math symbol \subsetneqq on input line 361.
LaTeX Font Info:    Redeclaring math symbol \supsetneqq on input line 362.
LaTeX Font Info:    Redeclaring math symbol \varsubsetneqq on input line 363.
LaTeX Font Info:    Redeclaring math symbol \varsupsetneqq on input line 364.
LaTeX Font Info:    Redeclaring math symbol \Subset on input line 366.
LaTeX Font Info:    Redeclaring math symbol \Supset on input line 367.
LaTeX Font Info:    Redeclaring math symbol \sqsubseteq on input line 380.
LaTeX Font Info:    Redeclaring math symbol \sqsupseteq on input line 381.
LaTeX Font Info:    Redeclaring math symbol \triangleleft on input line 407.
LaTeX Font Info:    Redeclaring math symbol \vartriangleleft on input line 408.

LaTeX Font Info:    Redeclaring math symbol \triangleright on input line 409.
LaTeX Font Info:    Redeclaring math symbol \vartriangleright on input line 410
.
LaTeX Font Info:    Redeclaring math symbol \ntriangleleft on input line 411.
LaTeX Font Info:    Redeclaring math symbol \ntriangleright on input line 412.
LaTeX Font Info:    Redeclaring math symbol \trianglelefteq on input line 413.
LaTeX Font Info:    Redeclaring math symbol \trianglerighteq on input line 414.

LaTeX Font Info:    Redeclaring math symbol \ntrianglelefteq on input line 415.

LaTeX Font Info:    Redeclaring math symbol \ntrianglerighteq on input line 416
.
LaTeX Font Info:    Redeclaring math symbol \blacktriangledown on input line 42
7.
LaTeX Font Info:    Redeclaring math symbol \blacktriangleleft on input line 42
8.
LaTeX Font Info:    Redeclaring math symbol \blacktriangleright on input line 4
29.
LaTeX Font Info:    Redeclaring math symbol \nless on input line 437.
LaTeX Font Info:    Redeclaring math symbol \ngtr on input line 438.
LaTeX Font Info:    Redeclaring math symbol \leq on input line 439.
LaTeX Font Info:    Redeclaring math symbol \geq on input line 441.
LaTeX Font Info:    Redeclaring math symbol \nleq on input line 443.
LaTeX Font Info:    Redeclaring math symbol \ngeq on input line 445.
LaTeX Font Info:    Redeclaring math symbol \lneq on input line 451.
LaTeX Font Info:    Redeclaring math symbol \gneq on input line 452.
LaTeX Font Info:    Redeclaring math symbol \leqq on input line 453.
LaTeX Font Info:    Redeclaring math symbol \geqq on input line 454.
LaTeX Font Info:    Redeclaring math symbol \nleqq on input line 455.
LaTeX Font Info:    Redeclaring math symbol \ngeqq on input line 456.
LaTeX Font Info:    Redeclaring math symbol \lneqq on input line 457.
LaTeX Font Info:    Redeclaring math symbol \gneqq on input line 458.
LaTeX Font Info:    Redeclaring math symbol \lvertneqq on input line 459.
LaTeX Font Info:    Redeclaring math symbol \gvertneqq on input line 460.
LaTeX Font Info:    Redeclaring math symbol \eqslantless on input line 461.
LaTeX Font Info:    Redeclaring math symbol \eqslantgtr on input line 462.
LaTeX Font Info:    Redeclaring math symbol \lessgtr on input line 465.
LaTeX Font Info:    Redeclaring math symbol \gtrless on input line 466.
LaTeX Font Info:    Redeclaring math symbol \lesseqgtr on input line 467.
LaTeX Font Info:    Redeclaring math symbol \gtreqless on input line 468.
LaTeX Font Info:    Redeclaring math symbol \lesseqqgtr on input line 469.
LaTeX Font Info:    Redeclaring math symbol \gtreqqless on input line 470.
LaTeX Font Info:    Redeclaring math symbol \lesssim on input line 472.
LaTeX Font Info:    Redeclaring math symbol \gtrsim on input line 473.
LaTeX Font Info:    Redeclaring math symbol \lnsim on input line 476.
LaTeX Font Info:    Redeclaring math symbol \gnsim on input line 477.
LaTeX Font Info:    Redeclaring math symbol \lessapprox on input line 478.
LaTeX Font Info:    Redeclaring math symbol \gtrapprox on input line 479.
LaTeX Font Info:    Redeclaring math symbol \lnapprox on input line 482.
LaTeX Font Info:    Redeclaring math symbol \gnapprox on input line 483.
LaTeX Font Info:    Redeclaring math symbol \lessdot on input line 485.
LaTeX Font Info:    Redeclaring math symbol \gtrdot on input line 486.
LaTeX Font Info:    Redeclaring math symbol \lll on input line 488.
LaTeX Font Info:    Redeclaring math symbol \ggg on input line 489.
LaTeX Font Info:    Redeclaring math symbol \prec on input line 498.
LaTeX Font Info:    Redeclaring math symbol \succ on input line 499.
LaTeX Font Info:    Redeclaring math symbol \nprec on input line 500.
LaTeX Font Info:    Redeclaring math symbol \nsucc on input line 501.
LaTeX Font Info:    Redeclaring math symbol \preccurlyeq on input line 502.
LaTeX Font Info:    Redeclaring math symbol \succcurlyeq on input line 503.
LaTeX Font Info:    Redeclaring math symbol \preceq on input line 506.
LaTeX Font Info:    Redeclaring math symbol \succeq on input line 507.
LaTeX Font Info:    Redeclaring math symbol \npreceq on input line 508.
LaTeX Font Info:    Redeclaring math symbol \nsucceq on input line 509.
LaTeX Font Info:    Redeclaring math symbol \curlyeqprec on input line 512.
LaTeX Font Info:    Redeclaring math symbol \curlyeqsucc on input line 513.
LaTeX Font Info:    Redeclaring math symbol \precsim on input line 517.
LaTeX Font Info:    Redeclaring math symbol \succsim on input line 518.
LaTeX Font Info:    Redeclaring math symbol \precnsim on input line 521.
LaTeX Font Info:    Redeclaring math symbol \succnsim on input line 522.
LaTeX Font Info:    Redeclaring math symbol \precapprox on input line 523.
LaTeX Font Info:    Redeclaring math symbol \succapprox on input line 524.
LaTeX Font Info:    Redeclaring math symbol \precnapprox on input line 527.
LaTeX Font Info:    Redeclaring math symbol \succnapprox on input line 528.
LaTeX Font Info:    Redeclaring math symbol \leftarrow on input line 540.
LaTeX Font Info:    Redeclaring math symbol \rightarrow on input line 542.
LaTeX Font Info:    Redeclaring math symbol \nwarrow on input line 546.
LaTeX Font Info:    Redeclaring math symbol \nearrow on input line 547.
LaTeX Font Info:    Redeclaring math symbol \swarrow on input line 548.
LaTeX Font Info:    Redeclaring math symbol \searrow on input line 549.
LaTeX Font Info:    Redeclaring math symbol \leftrightarrow on input line 550.
LaTeX Font Info:    Redeclaring math symbol \nleftarrow on input line 552.
LaTeX Font Info:    Redeclaring math symbol \nrightarrow on input line 553.
LaTeX Font Info:    Redeclaring math symbol \nleftrightarrow on input line 554.

LaTeX Font Info:    Redeclaring math symbol \mapstochar on input line 557.
LaTeX Font Info:    Redeclaring math symbol \leftharpoonup on input line 560.
LaTeX Font Info:    Redeclaring math symbol \rightharpoonup on input line 561.
LaTeX Font Info:    Redeclaring math symbol \leftharpoondown on input line 562.

LaTeX Font Info:    Redeclaring math symbol \rightharpoondown on input line 563
.
LaTeX Font Info:    Redeclaring math symbol \upharpoonleft on input line 564.
LaTeX Font Info:    Redeclaring math symbol \downharpoonleft on input line 565.

LaTeX Font Info:    Redeclaring math symbol \upharpoonright on input line 566.
LaTeX Font Info:    Redeclaring math symbol \restriction on input line 567.
LaTeX Font Info:    Redeclaring math symbol \downharpoonright on input line 568
.
LaTeX Font Info:    Redeclaring math symbol \leftrightharpoons on input line 56
9.
LaTeX Font Info:    Redeclaring math symbol \Leftarrow on input line 575.
LaTeX Font Info:    Redeclaring math symbol \Rightarrow on input line 576.
LaTeX Font Info:    Redeclaring math symbol \Leftrightarrow on input line 579.
LaTeX Font Info:    Redeclaring math symbol \nLeftarrow on input line 581.
LaTeX Font Info:    Redeclaring math symbol \nRightarrow on input line 582.
LaTeX Font Info:    Redeclaring math symbol \nLeftrightarrow on input line 583.

LaTeX Font Info:    Redeclaring math symbol \leftleftarrows on input line 593.
LaTeX Font Info:    Redeclaring math symbol \rightrightarrows on input line 594
.
LaTeX Font Info:    Redeclaring math symbol \upuparrows on input line 595.
LaTeX Font Info:    Redeclaring math symbol \downdownarrows on input line 596.
LaTeX Font Info:    Redeclaring math symbol \leftrightarrows on input line 597.

LaTeX Font Info:    Redeclaring math symbol \rightleftarrows on input line 598.

LaTeX Font Info:    Redeclaring math symbol \rhook on input line 612.
LaTeX Font Info:    Redeclaring math symbol \lhook on input line 613.
LaTeX Font Info:    Redeclaring math symbol \diagup on input line 614.
LaTeX Font Info:    Redeclaring math symbol \diagdown on input line 615.
LaTeX Font Info:    Redeclaring math symbol \Lsh on input line 617.
LaTeX Font Info:    Redeclaring math symbol \Rsh on input line 619.
LaTeX Font Info:    Redeclaring math symbol \looparrowleft on input line 624.
LaTeX Font Info:    Redeclaring math symbol \looparrowright on input line 626.
LaTeX Font Info:    Redeclaring math symbol \curvearrowleft on input line 631.
LaTeX Font Info:    Redeclaring math symbol \curvearrowright on input line 633.

LaTeX Font Info:    Redeclaring math symbol \circlearrowleft on input line 641.

LaTeX Font Info:    Redeclaring math symbol \circlearrowright on input line 642
.
LaTeX Font Info:    Redeclaring math symbol \rightsquigarrow on input line 645.

LaTeX Font Info:    Redeclaring math symbol \leftrightsquigarrow on input line 
646.
LaTeX Font Info:    Redeclaring math symbol \oplus on input line 658.
LaTeX Font Info:    Redeclaring math symbol \ominus on input line 659.
LaTeX Font Info:    Redeclaring math symbol \otimes on input line 661.
LaTeX Font Info:    Redeclaring math symbol \odot on input line 663.
LaTeX Font Info:    Redeclaring math symbol \oslash on input line 675.
LaTeX Font Info:    Redeclaring math symbol \boxplus on input line 683.
LaTeX Font Info:    Redeclaring math symbol \boxminus on input line 684.
LaTeX Font Info:    Redeclaring math symbol \boxtimes on input line 686.
LaTeX Font Info:    Redeclaring math symbol \boxdot on input line 688.
\mayacnter=\count336
\mayacnta=\count337
\mayacntb=\count338
\mayacntc=\count339
\mayawidth=\dimen305
LaTeX Font Info:    Redeclaring math symbol \intop on input line 753.
LaTeX Font Info:    Redeclaring math symbol \ointop on input line 760.
LaTeX Font Info:    Redeclaring math delimiter \lbrace on input line 842.
LaTeX Info: Redefining \{ on input line 846.
LaTeX Font Info:    Redeclaring math delimiter \rbrace on input line 848.
LaTeX Info: Redefining \} on input line 852.
LaTeX Font Info:    Redeclaring math delimiter \langle on input line 858.
LaTeX Font Info:    Redeclaring math delimiter \rangle on input line 859.
LaTeX Font Info:    Redeclaring math delimiter \vert on input line 863.
LaTeX Font Info:    Redeclaring math delimiter \Vert on input line 865.
LaTeX Font Info:    Redeclaring math delimiter \uparrow on input line 868.
LaTeX Font Info:    Redeclaring math delimiter \downarrow on input line 869.
LaTeX Font Info:    Redeclaring math delimiter \updownarrow on input line 870.
LaTeX Font Info:    Redeclaring math delimiter \Uparrow on input line 871.
LaTeX Font Info:    Redeclaring math delimiter \Downarrow on input line 872.
LaTeX Font Info:    Redeclaring math delimiter \Updownarrow on input line 873.
LaTeX Font Info:    Redeclaring math delimiter \lgroup on input line 880.
LaTeX Font Info:    Redeclaring math delimiter \rgroup on input line 881.
LaTeX Font Info:    Redeclaring math delimiter \lceil on input line 882.
LaTeX Font Info:    Redeclaring math delimiter \rceil on input line 883.
LaTeX Font Info:    Redeclaring math delimiter \lfloor on input line 884.
LaTeX Font Info:    Redeclaring math delimiter \rfloor on input line 885.
LaTeX Font Info:    Redeclaring math symbol \braceld on input line 903.
LaTeX Font Info:    Redeclaring math symbol \bracerd on input line 905.
LaTeX Font Info:    Redeclaring math symbol \bracelu on input line 907.
LaTeX Font Info:    Redeclaring math symbol \braceru on input line 909.
LaTeX Font Info:    Redeclaring math accent \widehat on input line 944.
LaTeX Font Info:    Redeclaring math accent \widetilde on input line 946.
)) (/usr/local/texlive/2023/texmf-dist/tex/latex/multirow/multirow.sty
Package: multirow 2021/03/15 v2.8 Span multiple rows of a table
\multirow@colwidth=\skip91
\multirow@cntb=\count340
\multirow@dima=\skip92
\bigstrutjot=\dimen306
) (/usr/local/texlive/2023/texmf-dist/tex/latex/mathtools/mathtools.sty
Package: mathtools 2022/06/29 v1.29 mathematical typesetting tools
(/usr/local/texlive/2023/texmf-dist/tex/latex/mathtools/mhsetup.sty
Package: mhsetup 2021/03/18 v1.4 programming setup (MH)
)
\g_MT_multlinerow_int=\count341
\l_MT_multwidth_dim=\dimen307
\origjot=\skip93
\l_MT_shortvdotswithinadjustabove_dim=\dimen308
\l_MT_shortvdotswithinadjustbelow_dim=\dimen309
\l_MT_above_intertext_sep=\dimen310
\l_MT_below_intertext_sep=\dimen311
\l_MT_above_shortintertext_sep=\dimen312
\l_MT_below_shortintertext_sep=\dimen313
\xmathstrut@box=\box75
\xmathstrut@dim=\dimen314
) (/usr/local/texlive/2023/texmf-dist/tex/latex/tools/multicol.sty
Package: multicol 2023/03/30 v1.9f multicolumn formatting (FMi)
\c@tracingmulticols=\count342
\mult@box=\box76
\multicol@leftmargin=\dimen315
\c@unbalance=\count343
\c@collectmore=\count344
\doublecol@number=\count345
\multicoltolerance=\count346
\multicolpretolerance=\count347
\full@width=\dimen316
\page@free=\dimen317
\premulticols=\dimen318
\postmulticols=\dimen319
\multicolsep=\skip94
\multicolbaselineskip=\skip95
\partial@page=\box77
\last@line=\box78
\mc@boxedresult=\box79
\maxbalancingoverflow=\dimen320
\mult@rightbox=\box80
\mult@grightbox=\box81
\mult@firstbox=\box82
\mult@gfirstbox=\box83
\@tempa=\box84
\@tempa=\box85
\@tempa=\box86
\@tempa=\box87
\@tempa=\box88
\@tempa=\box89
\@tempa=\box90
\@tempa=\box91
\@tempa=\box92
\@tempa=\box93
\@tempa=\box94
\@tempa=\box95
\@tempa=\box96
\@tempa=\box97
\@tempa=\box98
\@tempa=\box99
\@tempa=\box100
\@tempa=\box101
\@tempa=\box102
\@tempa=\box103
\@tempa=\box104
\@tempa=\box105
\@tempa=\box106
\@tempa=\box107
\@tempa=\box108
\@tempa=\box109
\@tempa=\box110
\@tempa=\box111
\@tempa=\box112
\@tempa=\box113
\@tempa=\box114
\@tempa=\box115
\@tempa=\box116
\@tempa=\box117
\@tempa=\box118
\@tempa=\box119
\c@minrows=\count348
\c@columnbadness=\count349
\c@finalcolumnbadness=\count350
\last@try=\dimen321
\multicolovershoot=\dimen322
\multicolundershoot=\dimen323
\mult@nat@firstbox=\box120
\colbreak@box=\box121
\mc@col@check@num=\count351
) (/usr/local/texlive/2023/texmf-dist/tex/latex/tools/verbatim.sty
Package: verbatim 2022-07-02 v1.5u LaTeX2e package for verbatim enhancements
\every@verbatim=\toks54
\verbatim@line=\toks55
\verbatim@in@stream=\read4
) (/usr/local/texlive/2023/texmf-dist/tex/latex/tools/enumerate.sty
Package: enumerate 2023/07/04 v3.00 enumerate extensions (DPC)
\@enLab=\toks56
) (/usr/local/texlive/2023/texmf-dist/tex/latex/algorithms/algorithm.sty
Package: algorithm 2009/08/24 v0.1 Document Style `algorithm' - floating enviro
nment
(/usr/local/texlive/2023/texmf-dist/tex/latex/float/float.sty
Package: float 2001/11/08 v1.3d Float enhancements (AL)
\c@float@type=\count352
\float@exts=\toks57
\float@box=\box122
\@float@everytoks=\toks58
\@floatcapt=\box123
)
\@float@every@algorithm=\toks59
\c@algorithm=\count353
) (/usr/local/texlive/2023/texmf-dist/tex/latex/algorithmicx/algpseudocode.sty
Package: algpseudocode 
(/usr/local/texlive/2023/texmf-dist/tex/latex/algorithmicx/algorithmicx.sty
Package: algorithmicx 2005/04/27 v1.2 Algorithmicx
Document Style algorithmicx 1.2 - a greatly improved `algorithmic' style
\c@ALG@line=\count354
\c@ALG@rem=\count355
\c@ALG@nested=\count356
\ALG@tlm=\skip96
\ALG@thistlm=\skip97
\c@ALG@Lnr=\count357
\c@ALG@blocknr=\count358
\c@ALG@storecount=\count359
\c@ALG@tmpcounter=\count360
\ALG@tmplength=\skip98
)
Document Style - pseudocode environments for use with the `algorithmicx' style
) (/usr/local/texlive/2023/texmf-dist/tex/latex/relsize/relsize.sty
Package: relsize 2013/03/29 ver 4.1
)) (/usr/local/texlive/2023/texmf-dist/tex/latex/l3backend/l3backend-pdftex.def
File: l3backend-pdftex.def 2023-11-09 L3 backend support: PDF output (pdfTeX)
\l__color_backend_stack_int=\count361
\l__pdf_internal_box=\box124
) (./RJwrapper.aux

LaTeX Warning: Label `equ:post' multiply defined.

)
\openout1 = `RJwrapper.aux'.

LaTeX Font Info:    Checking defaults for OML/cmm/m/it on input line 49.
LaTeX Font Info:    ... okay on input line 49.
LaTeX Font Info:    Checking defaults for OMS/cmsy/m/n on input line 49.
LaTeX Font Info:    ... okay on input line 49.
LaTeX Font Info:    Checking defaults for OT1/cmr/m/n on input line 49.
LaTeX Font Info:    ... okay on input line 49.
LaTeX Font Info:    Checking defaults for T1/cmr/m/n on input line 49.
LaTeX Font Info:    ... okay on input line 49.
LaTeX Font Info:    Checking defaults for TS1/cmr/m/n on input line 49.
LaTeX Font Info:    ... okay on input line 49.
LaTeX Font Info:    Checking defaults for OMX/cmex/m/n on input line 49.
LaTeX Font Info:    ... okay on input line 49.
LaTeX Font Info:    Checking defaults for U/mathx/m/n on input line 49.
LaTeX Font Info:    ... okay on input line 49.
LaTeX Font Info:    Checking defaults for PD1/pdf/m/n on input line 49.
LaTeX Font Info:    ... okay on input line 49.
LaTeX Font Info:    Checking defaults for PU/pdf/m/n on input line 49.
LaTeX Font Info:    ... okay on input line 49.
(/usr/local/texlive/2023/texmf-dist/tex/context/base/mkii/supp-pdf.mkii
[Loading MPS to PDF converter (version 2006.09.02).]
\scratchcounter=\count362
\scratchdimen=\dimen324
\scratchbox=\box125
\nofMPsegments=\count363
\nofMParguments=\count364
\everyMPshowfont=\toks60
\MPscratchCnt=\count365
\MPscratchDim=\dimen325
\MPnumerator=\count366
\makeMPintoPDFobject=\count367
\everyMPtoPDFconversion=\toks61
) (/usr/local/texlive/2023/texmf-dist/tex/latex/epstopdf-pkg/epstopdf-base.sty
Package: epstopdf-base 2020-01-24 v2.11 Base part for package epstopdf
Package epstopdf-base Info: Redefining graphics rule for `.eps' on input line 4
85.
(/usr/local/texlive/2023/texmf-dist/tex/latex/latexconfig/epstopdf-sys.cfg
File: epstopdf-sys.cfg 2010/07/13 v1.3 Configuration of (r)epstopdf for TeX Liv
e
))
*geometry* driver: auto-detecting
*geometry* detected driver: pdftex
*geometry* verbose mode - [ preamble ] result:
* driver: pdftex
* paper: a4paper
* layout: <same size as paper>
* layoutoffset:(h,v)=(0.0pt,0.0pt)
* hratio: 1:1
* vratio: 1:1
* modes: includehead includefoot 
* h-part:(L,W,R)=(99.58464pt, 398.33858pt, 99.58466pt)
* v-part:(T,H,B)=(28.45274pt, 788.14136pt, 28.45274pt)
* \paperwidth=597.50787pt
* \paperheight=845.04684pt
* \textwidth=398.33858pt
* \textheight=708.46223pt
* \oddsidemargin=27.31465pt
* \evensidemargin=27.31465pt
* \topmargin=-43.81725pt
* \headheight=12.0pt
* \headsep=25.0pt
* \topskip=10.0pt
* \footskip=42.67912pt
* \marginparwidth=57.0pt
* \marginparsep=11.0pt
* \columnsep=10.0pt
* \skip\footins=9.0pt plus 4.0pt minus 2.0pt
* \hoffset=0.0pt
* \voffset=0.0pt
* \mag=1000
* \@twocolumnfalse
* \@twosidefalse
* \@mparswitchfalse
* \@reversemarginfalse
* (1in=72.27pt=25.4mm, 1cm=28.453pt)

LaTeX Info: Redefining \microtypecontext on input line 49.
Package microtype Info: Applying patch `item' on input line 49.
Package microtype Info: Applying patch `toc' on input line 49.
Package microtype Info: Applying patch `eqnum' on input line 49.

Package microtype Warning: Unable to apply patch `footnote' on input line 49.

Package microtype Info: Applying patch `verbatim' on input line 49.
Package microtype Info: Generating PDF output.
Package microtype Info: Character protrusion enabled (level 2).
Package microtype Info: Using default protrusion set `alltext'.
Package microtype Info: Automatic font expansion enabled (level 2),
(microtype)             stretch: 20, shrink: 20, step: 1, non-selected.
Package microtype Info: Using default expansion set `alltext-nott'.
LaTeX Info: Redefining \showhyphens on input line 49.
Package microtype Info: No adjustment of tracking.
Package microtype Info: No adjustment of interword spacing.
Package microtype Info: No adjustment of character kerning.
(/usr/local/texlive/2023/texmf-dist/tex/latex/microtype/mt-ppl.cfg
File: mt-ppl.cfg 2005/11/16 v1.6 microtype config. file: Palatino (RS)
) (/usr/local/texlive/2023/texmf-dist/tex/latex/upquote/upquote.sty
Package: upquote 2012/04/19 v1.3 upright-quote and grave-accent glyphs in verba
tim
)
Package backref Info: ** backref set up for natbib ** on input line 49.
Package hyperref Info: Link coloring ON on input line 49.
(./RJwrapper.out) (./RJwrapper.out)
\@outlinefile=\write5
\openout5 = `RJwrapper.out'.

Package caption Info: Begin \AtBeginDocument code.
Package caption Info: float package is loaded.
Package caption Info: longtable package is loaded.
(/usr/local/texlive/2023/texmf-dist/tex/latex/caption/ltcaption.sty
Package: ltcaption 2021/01/08 v1.4c longtable captions (AR)
)
Package caption Info: rotating package is loaded.
Package caption Info: subfigure package is loaded.
Package caption Info: End \AtBeginDocument code.
LaTeX Info: Command `\dddot' is already robust on input line 49.
LaTeX Info: Command `\ddddot' is already robust on input line 49.
(./RJ-2023-085.tex (./RJ-2023-085-src.tex
LaTeX Font Info:    Trying to load font information for OT1+ppl on input line 5
.
(/usr/local/texlive/2023/texmf-dist/tex/latex/psnfss/ot1ppl.fd
File: ot1ppl.fd 2001/06/04 font definitions for OT1/ppl.
)
LaTeX Font Info:    Trying to load font information for OML+zplm on input line 
5.
(/usr/local/texlive/2023/texmf-dist/tex/latex/psnfss/omlzplm.fd
File: omlzplm.fd 2002/09/08 Fontinst v1.914 font definitions for OML/zplm.
)
LaTeX Font Info:    Trying to load font information for OMS+zplm on input line 
5.
(/usr/local/texlive/2023/texmf-dist/tex/latex/psnfss/omszplm.fd
File: omszplm.fd 2002/09/08 Fontinst v1.914 font definitions for OMS/zplm.
)
LaTeX Font Info:    Trying to load font information for OMX+zplm on input line 
5.
(/usr/local/texlive/2023/texmf-dist/tex/latex/psnfss/omxzplm.fd
File: omxzplm.fd 2002/09/08 Fontinst v1.914 font definitions for OMX/zplm.
)
LaTeX Font Info:    Trying to load font information for OT1+zplm on input line 
5.
(/usr/local/texlive/2023/texmf-dist/tex/latex/psnfss/ot1zplm.fd
File: ot1zplm.fd 2002/09/08 Fontinst v1.914 font definitions for OT1/zplm.
)
Package microtype Info: Loading generic protrusion settings for font family
(microtype)             `zplm' (encoding: OT1).
(microtype)             For optimal results, create family-specific settings.
(microtype)             See the microtype manual for details.
LaTeX Font Info:    Font shape `U/msa/m/n' will be
(Font)              scaled to size 9.37807pt on input line 5.
(/usr/local/texlive/2023/texmf-dist/tex/latex/microtype/mt-msa.cfg
File: mt-msa.cfg 2006/02/04 v1.1 microtype config. file: AMS symbols (a) (RS)
)
LaTeX Font Info:    Font shape `U/msa/m/n' will be
(Font)              scaled to size 7.29405pt on input line 5.
LaTeX Font Info:    Font shape `U/msa/m/n' will be
(Font)              scaled to size 5.21004pt on input line 5.
LaTeX Font Info:    Font shape `U/msb/m/n' will be
(Font)              scaled to size 9.37807pt on input line 5.
(/usr/local/texlive/2023/texmf-dist/tex/latex/microtype/mt-msb.cfg
File: mt-msb.cfg 2005/06/01 v1.0 microtype config. file: AMS symbols (b) (RS)
)
LaTeX Font Info:    Font shape `U/msb/m/n' will be
(Font)              scaled to size 7.29405pt on input line 5.
LaTeX Font Info:    Font shape `U/msb/m/n' will be
(Font)              scaled to size 5.21004pt on input line 5.
LaTeX Font Info:    Trying to load font information for U+rsfs on input line 5.

(/usr/local/texlive/2023/texmf-dist/tex/latex/jknapltx/ursfs.fd
File: ursfs.fd 1998/03/24 rsfs font definition file (jk)
) [83{/usr/local/texlive/2023/texmf-var/fonts/map/pdftex/updmap/pdftex.map}{/us
r/local/texlive/2023/texmf-dist/fonts/enc/dvips/base/8r.enc}

]
LaTeX Font Info:    Trying to load font information for T1+zi4 on input line 30
.
(/usr/local/texlive/2023/texmf-dist/tex/latex/inconsolata/t1zi4.fd
File: t1zi4.fd 2018/01/14 T1/zi4 (Inconsolata)
)
LaTeX Font Info:    Font shape `T1/zi4/m/n' will be
(Font)              scaled to size 9.18004pt on input line 30.
Package microtype Info: Loading generic protrusion settings for font family
(microtype)             `zi4' (encoding: T1).
(microtype)             For optimal results, create family-specific settings.
(microtype)             See the microtype manual for details.
[84{/usr/local/texlive/2023/texmf-dist/fonts/enc/dvips/inconsolata/i4-t1-0.enc}
]
<figures/schematic_graph.png, id=204, 901.185pt x 393.324pt>
File: figures/schematic_graph.png Graphic file (type png)
<use figures/schematic_graph.png>
Package pdftex.def Info: figures/schematic_graph.png  used on input line 62.
(pdftex.def)             Requested size: 390.37595pt x 199.1702pt.
[85 <./figures/schematic_graph.png>]
Overfull \hbox (1.47318pt too wide) in paragraph at lines 97--99
\T1/ppl/m/n/9 (-20) GaSP dis-crep-ancy mod-els by the ar-gu-ment \T1/zi4/m/n/9 
discrepancy_type="GaSP" \T1/ppl/m/n/9 (-20) or \T1/zi4/m/n/9 discrepancy_type="
S-GaSP"\T1/ppl/m/n/9 (-20) ,
 []

LaTeX Font Info:    Trying to load font information for TS1+zi4 on input line 1
00.
(/usr/local/texlive/2023/texmf-dist/tex/latex/inconsolata/ts1zi4.fd
File: ts1zi4.fd 2018/01/14 TS1/zi4 (Inconsolata)
)
LaTeX Font Info:    Font shape `TS1/zi4/m/n' will be
(Font)              scaled to size 9.18004pt on input line 100.
Package microtype Info: Loading generic protrusion settings for font family
(microtype)             `zi4' (encoding: TS1).
(microtype)             For optimal results, create family-specific settings.
(microtype)             See the microtype manual for details.
[86{/usr/local/texlive/2023/texmf-dist/fonts/enc/dvips/inconsolata/i4-ts1.enc}]

Overfull \hbox (3.98709pt too wide) in paragraph at lines 117--119
[]\T1/ppl/m/n/9 (-20) Additional ar-gu-ments can be spec-i-fied in \T1/zi4/m/n/
9 rcalibration_MS\T1/ppl/m/n/9 (-20) . For in-stance, the ar-gu-ment \T1/zi4/m/
n/9 index_theta
 []

[87] [88]
LaTeX Font Info:    Font shape `U/msa/m/n' will be
(Font)              scaled to size 10.42007pt on input line 211.
LaTeX Font Info:    Font shape `U/msa/m/n' will be
(Font)              scaled to size 7.91925pt on input line 211.
LaTeX Font Info:    Font shape `U/msa/m/n' will be
(Font)              scaled to size 6.25204pt on input line 211.
LaTeX Font Info:    Font shape `U/msb/m/n' will be
(Font)              scaled to size 10.42007pt on input line 211.
LaTeX Font Info:    Font shape `U/msb/m/n' will be
(Font)              scaled to size 7.91925pt on input line 211.
LaTeX Font Info:    Font shape `U/msb/m/n' will be
(Font)              scaled to size 6.25204pt on input line 211.
<figures/Bayarri_2007_math_model.pdf, id=260, 216.81pt x 361.35pt>
File: figures/Bayarri_2007_math_model.pdf Graphic file (type pdf)
<use figures/Bayarri_2007_math_model.pdf>
Package pdftex.def Info: figures/Bayarri_2007_math_model.pdf  used on input lin
e 213.
(pdftex.def)             Requested size: 151.76596pt x 252.94327pt.
<figures/Bayarri_2007_math_model_discrepancy.pdf, id=261, 216.81pt x 361.35pt>
File: figures/Bayarri_2007_math_model_discrepancy.pdf Graphic file (type pdf)
<use figures/Bayarri_2007_math_model_discrepancy.pdf>
Package pdftex.def Info: figures/Bayarri_2007_math_model_discrepancy.pdf  used 
on input line 214.
(pdftex.def)             Requested size: 151.76596pt x 252.94327pt.
<figures/Bayarri_2007_post_samples.pdf, id=262, 216.81pt x 361.35pt>
File: figures/Bayarri_2007_post_samples.pdf Graphic file (type pdf)
<use figures/Bayarri_2007_post_samples.pdf>
Package pdftex.def Info: figures/Bayarri_2007_post_samples.pdf  used on input l
ine 215.
(pdftex.def)             Requested size: 151.76596pt x 252.94327pt.

Overfull \hbox (23.64313pt too wide) in paragraph at lines 211--217
 [][] 
 []

[89] [90 <./figures/Bayarri_2007_math_model.pdf> <./figures/Bayarri_2007_math_m
odel_discrepancy.pdf> <./figures/Bayarri_2007_post_samples.pdf>]
Overfull \hbox (9.9049pt too wide) in paragraph at lines 316--325
 [] 
 []

[91] [92]
<figures/Lorenz_96_reality.pdf, id=357, 216.81pt x 361.35pt>
File: figures/Lorenz_96_reality.pdf Graphic file (type pdf)
<use figures/Lorenz_96_reality.pdf>
Package pdftex.def Info: figures/Lorenz_96_reality.pdf  used on input line 402.

(pdftex.def)             Requested size: 131.45992pt x 199.16766pt.
<figures/Lorenz_96_obs.pdf, id=358, 216.81pt x 361.35pt>
File: figures/Lorenz_96_obs.pdf Graphic file (type pdf)
<use figures/Lorenz_96_obs.pdf>
Package pdftex.def Info: figures/Lorenz_96_obs.pdf  used on input line 403.
(pdftex.def)             Requested size: 131.45992pt x 199.16766pt.
<figures/sample_theta_Lorenz_96.pdf, id=359, 216.81pt x 361.35pt>
File: figures/sample_theta_Lorenz_96.pdf Graphic file (type pdf)
<use figures/sample_theta_Lorenz_96.pdf>
Package pdftex.def Info: figures/sample_theta_Lorenz_96.pdf  used on input line
 404.
(pdftex.def)             Requested size: 131.45992pt x 199.16766pt.
<figures/no_discrepancy_Lorenz_96.pdf, id=360, 216.81pt x 361.35pt>
File: figures/no_discrepancy_Lorenz_96.pdf Graphic file (type pdf)
<use figures/no_discrepancy_Lorenz_96.pdf>
Package pdftex.def Info: figures/no_discrepancy_Lorenz_96.pdf  used on input li
ne 405.
(pdftex.def)             Requested size: 131.45992pt x 199.16766pt.
<figures/gasp_Lorenz_96.pdf, id=361, 216.81pt x 361.35pt>
File: figures/gasp_Lorenz_96.pdf Graphic file (type pdf)
<use figures/gasp_Lorenz_96.pdf>
Package pdftex.def Info: figures/gasp_Lorenz_96.pdf  used on input line 406.
(pdftex.def)             Requested size: 131.45992pt x 199.16766pt.
<figures/sgasp_discrepancy_Lorenz_96.pdf, id=362, 216.81pt x 361.35pt>
File: figures/sgasp_discrepancy_Lorenz_96.pdf Graphic file (type pdf)
<use figures/sgasp_discrepancy_Lorenz_96.pdf>
Package pdftex.def Info: figures/sgasp_discrepancy_Lorenz_96.pdf  used on input
 line 407.
(pdftex.def)             Requested size: 131.45992pt x 199.16766pt.

Overfull \hbox (1.35889pt too wide) in paragraph at lines 400--410
 [][] 
 []

<figures/Lorenz_96_reality_with_discrepancy.pdf, id=363, 216.81pt x 361.35pt>
File: figures/Lorenz_96_reality_with_discrepancy.pdf Graphic file (type pdf)
<use figures/Lorenz_96_reality_with_discrepancy.pdf>
Package pdftex.def Info: figures/Lorenz_96_reality_with_discrepancy.pdf  used o
n input line 421.
(pdftex.def)             Requested size: 131.45992pt x 199.16766pt.
<figures/Lorenz_96_obs_with_discrepancy.pdf, id=364, 216.81pt x 361.35pt>
File: figures/Lorenz_96_obs_with_discrepancy.pdf Graphic file (type pdf)
<use figures/Lorenz_96_obs_with_discrepancy.pdf>
Package pdftex.def Info: figures/Lorenz_96_obs_with_discrepancy.pdf  used on in
put line 422.
(pdftex.def)             Requested size: 131.45992pt x 199.16766pt.
<figures/sample_theta_Lorenz_96_with_discrepancy.pdf, id=365, 216.81pt x 361.35
pt>
File: figures/sample_theta_Lorenz_96_with_discrepancy.pdf Graphic file (type pd
f)
<use figures/sample_theta_Lorenz_96_with_discrepancy.pdf>
Package pdftex.def Info: figures/sample_theta_Lorenz_96_with_discrepancy.pdf  u
sed on input line 423.
(pdftex.def)             Requested size: 131.45992pt x 199.16766pt.
<figures/no_discrepancy_Lorenz_96_with_discrepancy.pdf, id=366, 216.81pt x 361.
35pt>
File: figures/no_discrepancy_Lorenz_96_with_discrepancy.pdf Graphic file (type 
pdf)
<use figures/no_discrepancy_Lorenz_96_with_discrepancy.pdf>
Package pdftex.def Info: figures/no_discrepancy_Lorenz_96_with_discrepancy.pdf 
 used on input line 424.
(pdftex.def)             Requested size: 131.45992pt x 199.16766pt.
<figures/gasp_Lorenz_96_with_discrepancy.pdf, id=367, 216.81pt x 361.35pt>
File: figures/gasp_Lorenz_96_with_discrepancy.pdf Graphic file (type pdf)
<use figures/gasp_Lorenz_96_with_discrepancy.pdf>
Package pdftex.def Info: figures/gasp_Lorenz_96_with_discrepancy.pdf  used on i
nput line 425.
(pdftex.def)             Requested size: 131.45992pt x 199.16766pt.
<figures/sgasp_discrepancy_Lorenz_96_with_discrepancy.pdf, id=368, 216.81pt x 3
61.35pt>
File: figures/sgasp_discrepancy_Lorenz_96_with_discrepancy.pdf Graphic file (ty
pe pdf)
<use figures/sgasp_discrepancy_Lorenz_96_with_discrepancy.pdf>
Package pdftex.def Info: figures/sgasp_discrepancy_Lorenz_96_with_discrepancy.p
df  used on input line 426.
(pdftex.def)             Requested size: 131.45992pt x 199.16766pt.

Overfull \hbox (1.35889pt too wide) in paragraph at lines 419--429
 [][] 
 []

[93] [94 <./figures/Lorenz_96_reality.pdf> <./figures/Lorenz_96_obs.pdf> <./fig
ures/sample_theta_Lorenz_96.pdf> <./figures/no_discrepancy_Lorenz_96.pdf> <./fi
gures/gasp_Lorenz_96.pdf> <./figures/sgasp_discrepancy_Lorenz_96.pdf>] [95 <./f
igures/Lorenz_96_reality_with_discrepancy.pdf> <./figures/Lorenz_96_obs_with_di
screpancy.pdf> <./figures/sample_theta_Lorenz_96_with_discrepancy.pdf> <./figur
es/no_discrepancy_Lorenz_96_with_discrepancy.pdf> <./figures/gasp_Lorenz_96_wit
h_discrepancy.pdf> <./figures/sgasp_discrepancy_Lorenz_96_with_discrepancy.pdf>
]
LaTeX Font Info:    Freeze math alphabet allocation in version normal.
(Font)              Allocated math groups: 15 (local: 2) on input line 469.
LaTeX Font Info:    Trying to load font information for U+fplmbb on input line 
469.
(/usr/local/texlive/2023/texmf-dist/tex/latex/psnfss/ufplmbb.fd
File: ufplmbb.fd 2003/10/30 Fontinst v1.914 font definitions for U/fplmbb.
)
LaTeX Font Info:    Undo math alphabet allocation in version normal on input li
ne 469.
LaTeX Font Info:    No math alphabet change to frozen version normal on input l
ine 469.
LaTeX Font Info:    Undo math alphabet allocation in version normal on input li
ne 469.
LaTeX Font Info:    No math alphabet change to frozen version normal on input l
ine 469.
LaTeX Font Info:    No math alphabet change to frozen version normal on input l
ine 469.
LaTeX Font Info:    No math alphabet change to frozen version normal on input l
ine 472.
LaTeX Font Info:    No math alphabet change to frozen version normal on input l
ine 472.
LaTeX Font Info:    No math alphabet change to frozen version normal on input l
ine 473.
LaTeX Font Info:    No math alphabet change to frozen version normal on input l
ine 476.
LaTeX Font Info:    No math alphabet change to frozen version normal on input l
ine 479.
LaTeX Font Info:    No math alphabet change to frozen version normal on input l
ine 479.
LaTeX Font Info:    No math alphabet change to frozen version normal on input l
ine 483.
LaTeX Font Info:    No math alphabet change to frozen version normal on input l
ine 483.
LaTeX Font Info:    No math alphabet change to frozen version normal on input l
ine 483.
LaTeX Font Info:    No math alphabet change to frozen version normal on input l
ine 483.
LaTeX Font Info:    No math alphabet change to frozen version normal on input l
ine 483.
LaTeX Font Info:    No math alphabet change to frozen version normal on input l
ine 483.
LaTeX Font Info:    No math alphabet change to frozen version normal on input l
ine 483.
LaTeX Font Info:    No math alphabet change to frozen version normal on input l
ine 483.
LaTeX Font Info:    No math alphabet change to frozen version normal on input l
ine 483.
LaTeX Font Info:    No math alphabet change to frozen version normal on input l
ine 483.
LaTeX Font Info:    No math alphabet change to frozen version normal on input l
ine 483.
LaTeX Font Info:    No math alphabet change to frozen version normal on input l
ine 483.
LaTeX Font Info:    No math alphabet change to frozen version normal on input l
ine 484.
LaTeX Font Info:    No math alphabet change to frozen version normal on input l
ine 484.
LaTeX Font Info:    No math alphabet change to frozen version normal on input l
ine 484.
LaTeX Font Info:    No math alphabet change to frozen version normal on input l
ine 484.
LaTeX Font Info:    No math alphabet change to frozen version normal on input l
ine 484.
LaTeX Font Info:    No math alphabet change to frozen version normal on input l
ine 484.
[96]
LaTeX Font Info:    Undo math alphabet allocation in version normal on input li
ne 527.
LaTeX Font Info:    No math alphabet change to frozen version normal on input l
ine 561.
<figures/Box_sgasp.pdf, id=536, 346.29375pt x 346.29375pt>
File: figures/Box_sgasp.pdf Graphic file (type pdf)
<use figures/Box_sgasp.pdf>
Package pdftex.def Info: figures/Box_sgasp.pdf  used on input line 567.
(pdftex.def)             Requested size: 218.1662pt x 218.1662pt.
<figures/Box_post_samples.pdf, id=537, 346.29375pt x 346.29375pt>
File: figures/Box_post_samples.pdf Graphic file (type pdf)
<use figures/Box_post_samples.pdf>
Package pdftex.def Info: figures/Box_post_samples.pdf  used on input line 568.
(pdftex.def)             Requested size: 218.1662pt x 218.1662pt.
LaTeX Font Info:    No math alphabet change to frozen version normal on input l
ine 570.

Overfull \hbox (23.85886pt too wide) in paragraph at lines 565--571
 [][] 
 []

LaTeX Font Info:    No math alphabet change to frozen version normal on input l
ine 571.
LaTeX Font Info:    No math alphabet change to frozen version normal on input l
ine 571.
[97]
LaTeX Font Info:    No math alphabet change to frozen version normal on input l
ine 581.
LaTeX Font Info:    No math alphabet change to frozen version normal on input l
ine 581.
LaTeX Font Info:    No math alphabet change to frozen version normal on input l
ine 581.
LaTeX Font Info:    No math alphabet change to frozen version normal on input l
ine 581.
LaTeX Font Info:    No math alphabet change to frozen version normal on input l
ine 582.
LaTeX Font Info:    No math alphabet change to frozen version normal on input l
ine 582.
LaTeX Font Info:    No math alphabet change to frozen version normal on input l
ine 582.
LaTeX Font Info:    No math alphabet change to frozen version normal on input l
ine 582.
LaTeX Font Info:    No math alphabet change to frozen version normal on input l
ine 585.
LaTeX Font Info:    No math alphabet change to frozen version normal on input l
ine 585.
LaTeX Font Info:    No math alphabet change to frozen version normal on input l
ine 586.
LaTeX Font Info:    No math alphabet change to frozen version normal on input l
ine 586.
LaTeX Font Info:    No math alphabet change to frozen version normal on input l
ine 586.
LaTeX Font Info:    No math alphabet change to frozen version normal on input l
ine 586.
LaTeX Font Info:    No math alphabet change to frozen version normal on input l
ine 587.
LaTeX Font Info:    No math alphabet change to frozen version normal on input l
ine 587.
LaTeX Font Info:    No math alphabet change to frozen version normal on input l
ine 589.
LaTeX Font Info:    No math alphabet change to frozen version normal on input l
ine 589.
LaTeX Font Info:    No math alphabet change to frozen version normal on input l
ine 589.
LaTeX Font Info:    No math alphabet change to frozen version normal on input l
ine 593.
LaTeX Font Info:    No math alphabet change to frozen version normal on input l
ine 593.
LaTeX Font Info:    No math alphabet change to frozen version normal on input l
ine 594.
LaTeX Font Info:    No math alphabet change to frozen version normal on input l
ine 594.
LaTeX Font Info:    No math alphabet change to frozen version normal on input l
ine 594.
LaTeX Font Info:    No math alphabet change to frozen version normal on input l
ine 594.
LaTeX Font Info:    No math alphabet change to frozen version normal on input l
ine 597.
LaTeX Font Info:    No math alphabet change to frozen version normal on input l
ine 597.
LaTeX Font Info:    No math alphabet change to frozen version normal on input l
ine 598.
LaTeX Font Info:    No math alphabet change to frozen version normal on input l
ine 598.
LaTeX Font Info:    No math alphabet change to frozen version normal on input l
ine 598.
LaTeX Font Info:    No math alphabet change to frozen version normal on input l
ine 598.
LaTeX Font Info:    No math alphabet change to frozen version normal on input l
ine 598.
LaTeX Font Info:    No math alphabet change to frozen version normal on input l
ine 598.
LaTeX Font Info:    No math alphabet change to frozen version normal on input l
ine 598.
LaTeX Font Info:    No math alphabet change to frozen version normal on input l
ine 598.
LaTeX Font Info:    No math alphabet change to frozen version normal on input l
ine 598.
LaTeX Font Info:    No math alphabet change to frozen version normal on input l
ine 598.
LaTeX Font Info:    No math alphabet change to frozen version normal on input l
ine 598.
LaTeX Font Info:    No math alphabet change to frozen version normal on input l
ine 598.
LaTeX Font Info:    No math alphabet change to frozen version normal on input l
ine 598.
LaTeX Font Info:    No math alphabet change to frozen version normal on input l
ine 598.
LaTeX Font Info:    No math alphabet change to frozen version normal on input l
ine 598.
LaTeX Font Info:    No math alphabet change to frozen version normal on input l
ine 598.
LaTeX Font Info:    No math alphabet change to frozen version normal on input l
ine 598.
LaTeX Font Info:    No math alphabet change to frozen version normal on input l
ine 598.
LaTeX Font Info:    No math alphabet change to frozen version normal on input l
ine 598.
LaTeX Font Info:    No math alphabet change to frozen version normal on input l
ine 598.
LaTeX Font Info:    No math alphabet change to frozen version normal on input l
ine 598.
LaTeX Font Info:    No math alphabet change to frozen version normal on input l
ine 599.
LaTeX Font Info:    No math alphabet change to frozen version normal on input l
ine 599.
LaTeX Font Info:    No math alphabet change to frozen version normal on input l
ine 599.
LaTeX Font Info:    No math alphabet change to frozen version normal on input l
ine 599.
LaTeX Font Info:    No math alphabet change to frozen version normal on input l
ine 599.
LaTeX Font Info:    No math alphabet change to frozen version normal on input l
ine 599.
LaTeX Font Info:    No math alphabet change to frozen version normal on input l
ine 599.
[98 <./figures/Box_sgasp.pdf> <./figures/Box_post_samples.pdf>]
LaTeX Font Info:    No math alphabet change to frozen version normal on input l
ine 613.
LaTeX Font Info:    No math alphabet change to frozen version normal on input l
ine 613.
<figures/reality_k_5.pdf, id=576, 433.62pt x 353.32pt>
File: figures/reality_k_5.pdf Graphic file (type pdf)
<use figures/reality_k_5.pdf>
Package pdftex.def Info: figures/reality_k_5.pdf  used on input line 621.
(pdftex.def)             Requested size: 199.16988pt x 159.33217pt.
<figures/model_discrepancy_k_5.pdf, id=577, 433.62pt x 353.32pt>
File: figures/model_discrepancy_k_5.pdf Graphic file (type pdf)
<use figures/model_discrepancy_k_5.pdf>
Package pdftex.def Info: figures/model_discrepancy_k_5.pdf  used on input line 
622.
(pdftex.def)             Requested size: 199.16988pt x 159.33217pt.
<figures/measurement_bias_1_k_5.pdf, id=578, 433.62pt x 353.32pt>
File: figures/measurement_bias_1_k_5.pdf Graphic file (type pdf)
<use figures/measurement_bias_1_k_5.pdf>
Package pdftex.def Info: figures/measurement_bias_1_k_5.pdf  used on input line
 623.
(pdftex.def)             Requested size: 199.16988pt x 159.33217pt.
<figures/measurement_bias_2_k_5.pdf, id=579, 433.62pt x 353.32pt>
File: figures/measurement_bias_2_k_5.pdf Graphic file (type pdf)
<use figures/measurement_bias_2_k_5.pdf>
Package pdftex.def Info: figures/measurement_bias_2_k_5.pdf  used on input line
 624.
(pdftex.def)             Requested size: 199.16988pt x 159.33217pt.
LaTeX Font Info:    No math alphabet change to frozen version normal on input l
ine 626.

Overfull \hbox (7.54633pt too wide) in paragraph at lines 619--628
 [][] 
 []

[99 <./figures/reality_k_5.pdf> <./figures/model_discrepancy_k_5.pdf> <./figure
s/measurement_bias_1_k_5.pdf> <./figures/measurement_bias_2_k_5.pdf>]
LaTeX Font Info:    No math alphabet change to frozen version normal on input l
ine 647.
LaTeX Font Info:    No math alphabet change to frozen version normal on input l
ine 654.
LaTeX Font Info:    No math alphabet change to frozen version normal on input l
ine 654.
LaTeX Font Info:    No math alphabet change to frozen version normal on input l
ine 654.
LaTeX Font Info:    No math alphabet change to frozen version normal on input l
ine 669.
LaTeX Font Info:    No math alphabet change to frozen version normal on input l
ine 669.
LaTeX Font Info:    No math alphabet change to frozen version normal on input l
ine 669.
LaTeX Font Info:    No math alphabet change to frozen version normal on input l
ine 669.
LaTeX Font Info:    No math alphabet change to frozen version normal on input l
ine 670.
LaTeX Font Info:    No math alphabet change to frozen version normal on input l
ine 673.
LaTeX Font Info:    No math alphabet change to frozen version normal on input l
ine 673.
LaTeX Font Info:    No math alphabet change to frozen version normal on input l
ine 673.
LaTeX Font Info:    No math alphabet change to frozen version normal on input l
ine 673.
LaTeX Font Info:    No math alphabet change to frozen version normal on input l
ine 673.
LaTeX Font Info:    No math alphabet change to frozen version normal on input l
ine 673.
LaTeX Font Info:    No math alphabet change to frozen version normal on input l
ine 675.
LaTeX Font Info:    No math alphabet change to frozen version normal on input l
ine 675.
LaTeX Font Info:    No math alphabet change to frozen version normal on input l
ine 675.
LaTeX Font Info:    No math alphabet change to frozen version normal on input l
ine 675.
LaTeX Font Info:    No math alphabet change to frozen version normal on input l
ine 675.
LaTeX Font Info:    No math alphabet change to frozen version normal on input l
ine 675.
LaTeX Font Info:    No math alphabet change to frozen version normal on input l
ine 675.
LaTeX Font Info:    No math alphabet change to frozen version normal on input l
ine 675.
LaTeX Font Info:    No math alphabet change to frozen version normal on input l
ine 678.
LaTeX Font Info:    No math alphabet change to frozen version normal on input l
ine 678.
LaTeX Font Info:    No math alphabet change to frozen version normal on input l
ine 678.
LaTeX Font Info:    No math alphabet change to frozen version normal on input l
ine 678.
LaTeX Font Info:    No math alphabet change to frozen version normal on input l
ine 678.
LaTeX Font Info:    No math alphabet change to frozen version normal on input l
ine 678.
LaTeX Font Info:    No math alphabet change to frozen version normal on input l
ine 679.
LaTeX Font Info:    No math alphabet change to frozen version normal on input l
ine 679.
LaTeX Font Info:    No math alphabet change to frozen version normal on input l
ine 679.
LaTeX Font Info:    No math alphabet change to frozen version normal on input l
ine 679.
LaTeX Font Info:    No math alphabet change to frozen version normal on input l
ine 679.
LaTeX Font Info:    No math alphabet change to frozen version normal on input l
ine 679.
LaTeX Font Info:    No math alphabet change to frozen version normal on input l
ine 680.
[100]
LaTeX Font Info:    No math alphabet change to frozen version normal on input l
ine 689.
LaTeX Font Info:    No math alphabet change to frozen version normal on input l
ine 693.
LaTeX Font Info:    No math alphabet change to frozen version normal on input l
ine 693.
LaTeX Font Info:    No math alphabet change to frozen version normal on input l
ine 693.
LaTeX Font Info:    No math alphabet change to frozen version normal on input l
ine 693.
LaTeX Font Info:    No math alphabet change to frozen version normal on input l
ine 693.
LaTeX Font Info:    No math alphabet change to frozen version normal on input l
ine 693.
LaTeX Font Info:    No math alphabet change to frozen version normal on input l
ine 693.
LaTeX Font Info:    No math alphabet change to frozen version normal on input l
ine 693.
LaTeX Font Info:    No math alphabet change to frozen version normal on input l
ine 693.
LaTeX Font Info:    No math alphabet change to frozen version normal on input l
ine 693.
LaTeX Font Info:    No math alphabet change to frozen version normal on input l
ine 693.
LaTeX Font Info:    No math alphabet change to frozen version normal on input l
ine 693.
LaTeX Font Info:    No math alphabet change to frozen version normal on input l
ine 697.
LaTeX Font Info:    No math alphabet change to frozen version normal on input l
ine 697.
LaTeX Font Info:    No math alphabet change to frozen version normal on input l
ine 697.
LaTeX Font Info:    No math alphabet change to frozen version normal on input l
ine 697.
LaTeX Font Info:    No math alphabet change to frozen version normal on input l
ine 697.
LaTeX Font Info:    No math alphabet change to frozen version normal on input l
ine 697.
LaTeX Font Info:    No math alphabet change to frozen version normal on input l
ine 698.
LaTeX Font Info:    No math alphabet change to frozen version normal on input l
ine 698.
LaTeX Font Info:    No math alphabet change to frozen version normal on input l
ine 698.
LaTeX Font Info:    No math alphabet change to frozen version normal on input l
ine 698.
LaTeX Font Info:    No math alphabet change to frozen version normal on input l
ine 700.
LaTeX Font Info:    No math alphabet change to frozen version normal on input l
ine 700.
LaTeX Font Info:    No math alphabet change to frozen version normal on input l
ine 701.
LaTeX Font Info:    No math alphabet change to frozen version normal on input l
ine 702.
LaTeX Font Info:    No math alphabet change to frozen version normal on input l
ine 702.
LaTeX Font Info:    No math alphabet change to frozen version normal on input l
ine 702.
LaTeX Font Info:    No math alphabet change to frozen version normal on input l
ine 703.
LaTeX Font Info:    No math alphabet change to frozen version normal on input l
ine 704.
LaTeX Font Info:    No math alphabet change to frozen version normal on input l
ine 704.
LaTeX Font Info:    No math alphabet change to frozen version normal on input l
ine 704.
LaTeX Font Info:    No math alphabet change to frozen version normal on input l
ine 708.
LaTeX Font Info:    No math alphabet change to frozen version normal on input l
ine 708.
LaTeX Font Info:    No math alphabet change to frozen version normal on input l
ine 708.
LaTeX Font Info:    No math alphabet change to frozen version normal on input l
ine 708.
LaTeX Font Info:    No math alphabet change to frozen version normal on input l
ine 711.
LaTeX Font Info:    No math alphabet change to frozen version normal on input l
ine 711.
LaTeX Font Info:    No math alphabet change to frozen version normal on input l
ine 712.
LaTeX Font Info:    No math alphabet change to frozen version normal on input l
ine 715.
LaTeX Font Info:    No math alphabet change to frozen version normal on input l
ine 722.
LaTeX Font Info:    No math alphabet change to frozen version normal on input l
ine 722.
LaTeX Font Info:    No math alphabet change to frozen version normal on input l
ine 722.
LaTeX Font Info:    No math alphabet change to frozen version normal on input l
ine 722.
LaTeX Font Info:    No math alphabet change to frozen version normal on input l
ine 722.
LaTeX Font Info:    No math alphabet change to frozen version normal on input l
ine 722.
LaTeX Font Info:    No math alphabet change to frozen version normal on input l
ine 722.
LaTeX Font Info:    No math alphabet change to frozen version normal on input l
ine 722.
LaTeX Font Info:    No math alphabet change to frozen version normal on input l
ine 722.
LaTeX Font Info:    No math alphabet change to frozen version normal on input l
ine 722.
LaTeX Font Info:    No math alphabet change to frozen version normal on input l
ine 722.
LaTeX Font Info:    No math alphabet change to frozen version normal on input l
ine 722.
LaTeX Font Info:    No math alphabet change to frozen version normal on input l
ine 722.
LaTeX Font Info:    No math alphabet change to frozen version normal on input l
ine 722.
LaTeX Font Info:    No math alphabet change to frozen version normal on input l
ine 722.
LaTeX Font Info:    No math alphabet change to frozen version normal on input l
ine 722.
LaTeX Font Info:    No math alphabet change to frozen version normal on input l
ine 723.
LaTeX Font Info:    No math alphabet change to frozen version normal on input l
ine 723.
LaTeX Font Info:    No math alphabet change to frozen version normal on input l
ine 723.
LaTeX Font Info:    No math alphabet change to frozen version normal on input l
ine 723.
LaTeX Font Info:    No math alphabet change to frozen version normal on input l
ine 723.
LaTeX Font Info:    No math alphabet change to frozen version normal on input l
ine 725.
LaTeX Font Info:    No math alphabet change to frozen version normal on input l
ine 725.
LaTeX Font Info:    No math alphabet change to frozen version normal on input l
ine 725.
LaTeX Font Info:    No math alphabet change to frozen version normal on input l
ine 729.
LaTeX Font Info:    No math alphabet change to frozen version normal on input l
ine 729.
LaTeX Font Info:    No math alphabet change to frozen version normal on input l
ine 729.
LaTeX Font Info:    No math alphabet change to frozen version normal on input l
ine 729.
LaTeX Font Info:    No math alphabet change to frozen version normal on input l
ine 729.
LaTeX Font Info:    No math alphabet change to frozen version normal on input l
ine 729.
LaTeX Font Info:    No math alphabet change to frozen version normal on input l
ine 729.
LaTeX Font Info:    No math alphabet change to frozen version normal on input l
ine 729.
LaTeX Font Info:    No math alphabet change to frozen version normal on input l
ine 729.
LaTeX Font Info:    No math alphabet change to frozen version normal on input l
ine 729.
LaTeX Font Info:    No math alphabet change to frozen version normal on input l
ine 729.
[101]
LaTeX Font Info:    No math alphabet change to frozen version normal on input l
ine 729.
LaTeX Font Info:    No math alphabet change to frozen version normal on input l
ine 730.
LaTeX Font Info:    No math alphabet change to frozen version normal on input l
ine 730.
LaTeX Font Info:    No math alphabet change to frozen version normal on input l
ine 730.
LaTeX Font Info:    No math alphabet change to frozen version normal on input l
ine 735.
LaTeX Font Info:    No math alphabet change to frozen version normal on input l
ine 735.
LaTeX Font Info:    No math alphabet change to frozen version normal on input l
ine 735.
LaTeX Font Info:    No math alphabet change to frozen version normal on input l
ine 735.
LaTeX Font Info:    No math alphabet change to frozen version normal on input l
ine 735.
LaTeX Font Info:    No math alphabet change to frozen version normal on input l
ine 735.
LaTeX Font Info:    No math alphabet change to frozen version normal on input l
ine 739.
LaTeX Font Info:    No math alphabet change to frozen version normal on input l
ine 739.
LaTeX Font Info:    No math alphabet change to frozen version normal on input l
ine 742.
LaTeX Font Info:    No math alphabet change to frozen version normal on input l
ine 742.
LaTeX Font Info:    No math alphabet change to frozen version normal on input l
ine 742.
LaTeX Font Info:    No math alphabet change to frozen version normal on input l
ine 742.
LaTeX Font Info:    No math alphabet change to frozen version normal on input l
ine 742.
LaTeX Font Info:    No math alphabet change to frozen version normal on input l
ine 742.
LaTeX Font Info:    No math alphabet change to frozen version normal on input l
ine 743.
LaTeX Font Info:    No math alphabet change to frozen version normal on input l
ine 744.
LaTeX Font Info:    No math alphabet change to frozen version normal on input l
ine 745.
LaTeX Font Info:    No math alphabet change to frozen version normal on input l
ine 745.
LaTeX Font Info:    No math alphabet change to frozen version normal on input l
ine 745.
LaTeX Font Info:    No math alphabet change to frozen version normal on input l
ine 745.
LaTeX Font Info:    No math alphabet change to frozen version normal on input l
ine 745.
LaTeX Font Info:    No math alphabet change to frozen version normal on input l
ine 745.
LaTeX Font Info:    No math alphabet change to frozen version normal on input l
ine 745.
LaTeX Font Info:    No math alphabet change to frozen version normal on input l
ine 746.
LaTeX Font Info:    No math alphabet change to frozen version normal on input l
ine 746.
LaTeX Font Info:    No math alphabet change to frozen version normal on input l
ine 748.
LaTeX Font Info:    No math alphabet change to frozen version normal on input l
ine 748.
LaTeX Font Info:    No math alphabet change to frozen version normal on input l
ine 749.
LaTeX Font Info:    No math alphabet change to frozen version normal on input l
ine 749.
LaTeX Font Info:    No math alphabet change to frozen version normal on input l
ine 749.
LaTeX Font Info:    No math alphabet change to frozen version normal on input l
ine 752.
LaTeX Font Info:    No math alphabet change to frozen version normal on input l
ine 752.
) (./RJwrapper.bbl (./RJwrapper.brf)
\tf@brf=\write6
\openout6 = `RJwrapper.brf'.

[102]
LaTeX Font Info:    No math alphabet change to frozen version normal on input l
ine 107.
LaTeX Font Info:    No math alphabet change to frozen version normal on input l
ine 121.
[103]
LaTeX Font Info:    No math alphabet change to frozen version normal on input l
ine 271.
LaTeX Font Info:    No math alphabet change to frozen version normal on input l
ine 281.
LaTeX Font Info:    No math alphabet change to frozen version normal on input l
ine 281.
)

LaTeX Font Warning: Font shape `T1/zi4/m/it' undefined
(Font)              using `T1/zi4/m/n' instead on input line 27.

LaTeX Font Info:    No math alphabet change to frozen version normal on input l
ine 27.
) [104] (./RJwrapper.aux)
 ***********
LaTeX2e <2023-11-01>
L3 programming layer <2023-11-09>
 ***********

LaTeX Font Warning: Some font shapes were not available, defaults substituted.


LaTeX Warning: There were multiply-defined labels.

Package rerunfilecheck Info: File `RJwrapper.out' has not changed.
(rerunfilecheck)             Checksum: B353542E7053F1E47617504394060A1C;4305.
Package rerunfilecheck Info: File `RJwrapper.brf' has not changed.
(rerunfilecheck)             Checksum: EC4E993BC7E88FBB745FB3B0D67EC9A5;3920.
 ) 
Here is how much of TeX's memory you used:
 30568 strings out of 474273
 548583 string characters out of 5747719
 1950555 words of memory out of 5000000
 51556 multiletter control sequences out of 15000+600000
 640533 words of font info for 492 fonts, out of 8000000 for 9000
 1141 hyphenation exceptions out of 8191
 117i,14n,131p,1615b,871s stack positions out of 10000i,1000n,20000p,200000b,200000s
</usr/local/texlive/2023/texmf-dist/fonts/type1/public/inconsolata/Inconsolat
a-zi4r.pfb></usr/local/texlive/2023/texmf-dist/fonts/type1/public/amsfonts/cm/c
msy10.pfb></usr/local/texlive/2023/texmf-dist/fonts/type1/public/mathpazo/fplmb
.pfb></usr/local/texlive/2023/texmf-dist/fonts/type1/public/mathpazo/fplmbb.pfb
></usr/local/texlive/2023/texmf-dist/fonts/type1/public/mathpazo/fplmbi.pfb></u
sr/local/texlive/2023/texmf-dist/fonts/type1/public/mathpazo/fplmr.pfb></usr/lo
cal/texlive/2023/texmf-dist/fonts/type1/public/mathpazo/fplmri.pfb></usr/local/
texlive/2023/texmf-dist/fonts/type1/public/mathabx-type1/matha10.pfb></usr/loca
l/texlive/2023/texmf-dist/fonts/type1/public/mathabx-type1/matha5.pfb></usr/loc
al/texlive/2023/texmf-dist/fonts/type1/public/mathabx-type1/matha7.pfb></usr/lo
cal/texlive/2023/texmf-dist/fonts/type1/public/mathabx-type1/matha8.pfb></usr/l
ocal/texlive/2023/texmf-dist/fonts/type1/public/mathabx-type1/matha9.pfb></usr/
local/texlive/2023/texmf-dist/fonts/type1/public/mathabx-type1/mathb9.pfb></usr
/local/texlive/2023/texmf-dist/fonts/type1/public/mathabx-type1/mathx10.pfb></u
sr/local/texlive/2023/texmf-dist/fonts/type1/urw/palatino/uplb8a.pfb></usr/loca
l/texlive/2023/texmf-dist/fonts/type1/urw/palatino/uplbi8a.pfb></usr/local/texl
ive/2023/texmf-dist/fonts/type1/urw/palatino/uplr8a.pfb></usr/local/texlive/202
3/texmf-dist/fonts/type1/urw/palatino/uplri8a.pfb>
Output written on RJwrapper.pdf (22 pages, 1757077 bytes).
PDF statistics:
 832 PDF objects out of 1000 (max. 8388607)
 713 compressed objects within 8 object streams
 115 named destinations out of 1000 (max. 500000)
 83211 words of extra memory for PDF output out of 89155 (max. 10000000)

