\BOOKMARK [0][-]{section*.1}{\376\377\000e\000x\000v\000a\000t\000o\000o\000l\000s\000:\000\040\000V\000a\000l\000u\000e\000\040\000A\000d\000d\000e\000d\000\040\000i\000n\000\040\000E\000x\000p\000o\000r\000t\000s\000\040\000a\000n\000d\000\040\000O\000t\000h\000e\000r\000\040\000I\000n\000p\000u\000t\000-\000O\000u\000t\000p\000u\000t\000\040\000T\000a\000b\000l\000e\000\040\000A\000n\000a\000l\000y\000s\000i\000s\000\040\000T\000o\000o\000l\000s}{}% 1
\BOOKMARK [1][-]{section.2.1}{\376\377\000I\000n\000t\000r\000o\000d\000u\000c\000t\000i\000o\000n}{section*.1}% 2
\BOOKMARK [1][-]{section.2.2}{\376\377\000B\000a\000c\000k\000g\000r\000o\000u\000n\000d\000\040\000m\000e\000t\000h\000o\000d\000o\000l\000o\000g\000y}{section*.1}% 3
\BOOKMARK [2][-]{subsection.2.2.1}{\376\377\000T\000h\000e\000\040\000i\000n\000t\000e\000r\000n\000a\000t\000i\000o\000n\000a\000l\000\040\000i\000n\000p\000u\000t\000-\000o\000u\000t\000p\000u\000t\000\040\000f\000r\000a\000m\000e\000w\000o\000r\000k}{section.2.2}% 4
\BOOKMARK [2][-]{subsection.2.2.2}{\376\377\000T\000h\000e\000\040\000d\000e\000m\000a\000n\000d\000\040\000m\000o\000d\000e\000l}{section.2.2}% 5
\BOOKMARK [2][-]{subsection.2.2.3}{\376\377\000V\000a\000l\000u\000e\000\040\000a\000d\000d\000e\000d\000\040\000i\000n\000\040\000t\000r\000a\000d\000e}{section.2.2}% 6
\BOOKMARK [1][-]{section.2.3}{\376\377\000C\000r\000e\000a\000t\000i\000n\000g\000\040\000a\000n\000d\000\040\000m\000a\000n\000i\000p\000u\000l\000a\000t\000i\000n\000g\000\040\000i\000n\000p\000u\000t\000-\000o\000u\000t\000p\000u\000t\000\040\000m\000a\000t\000r\000i\000c\000e\000s}{section*.1}% 7
\BOOKMARK [2][-]{subsection.2.3.1}{\376\377\000U\000s\000a\000g\000e}{section.2.3}% 8
\BOOKMARK [2][-]{subsection.2.3.2}{\376\377\000S\000o\000u\000r\000c\000e\000\040\000d\000a\000t\000a}{section.2.3}% 9
\BOOKMARK [2][-]{subsection.2.3.3}{\376\377\000C\000o\000m\000m\000a\000n\000d\000s\000\040\000f\000o\000r\000\040\000i\000n\000p\000u\000t\000-\000o\000u\000t\000p\000u\000t\000\040\000m\000a\000t\000r\000i\000x\000\040\000m\000a\000n\000i\000p\000u\000l\000a\000t\000i\000o\000n}{section.2.3}% 10
\BOOKMARK [1][-]{section.2.4}{\376\377\000D\000e\000c\000o\000m\000p\000o\000s\000i\000t\000i\000o\000n\000\040\000o\000f\000\040\000v\000a\000l\000u\000e\000\040\000a\000d\000d\000e\000d\000\040\000i\000n\000\040\000e\000x\000p\000o\000r\000t\000s}{section*.1}% 11
\BOOKMARK [2][-]{subsection.2.4.1}{\376\377\000M\000e\000t\000h\000o\000d\000o\000l\000o\000g\000y\000:\000\040\000e\000x\000t\000r\000a\000c\000t\000i\000n\000g\000\040\000d\000o\000u\000b\000l\000e\000\040\000c\000o\000u\000n\000t\000i\000n\000g\000\040\000a\000n\000d\000\040\000r\000e\000-\000i\000m\000p\000o\000r\000t\000s}{section.2.4}% 12
\BOOKMARK [2][-]{subsection.2.4.2}{\376\377\000U\000s\000a\000g\000e}{section.2.4}% 13
\BOOKMARK [2][-]{subsection.2.4.3}{\376\377\000E\000x\000a\000m\000p\000l\000e\000s}{section.2.4}% 14
\BOOKMARK [1][-]{section.2.5}{\376\377\000D\000i\000r\000e\000c\000t\000i\000o\000n\000\040\000\050\000o\000r\000i\000g\000i\000n\000\040\000a\000n\000d\000\040\000d\000e\000s\000t\000i\000n\000a\000t\000i\000o\000n\000\051\000\040\000o\000f\000\040\000v\000a\000l\000u\000e\000\040\000a\000d\000d\000e\000d}{section*.1}% 15
\BOOKMARK [2][-]{subsection.2.5.1}{\376\377\000M\000e\000t\000h\000o\000d\000o\000l\000o\000g\000y}{section.2.5}% 16
\BOOKMARK [2][-]{subsection.2.5.2}{\376\377\000U\000s\000a\000g\000e}{section.2.5}% 17
\BOOKMARK [2][-]{subsection.2.5.3}{\376\377\000E\000x\000a\000m\000p\000l\000e}{section.2.5}% 18
\BOOKMARK [1][-]{section.2.6}{\376\377\000S\000e\000c\000t\000o\000r\000\040\000a\000n\000d\000\040\000g\000e\000o\000g\000r\000a\000p\000h\000i\000c\000\040\000a\000n\000a\000l\000y\000s\000i\000s}{section*.1}% 19
\BOOKMARK [1][-]{section.2.7}{\376\377\000B\000r\000e\000a\000k\000i\000n\000g\000\040\000d\000o\000w\000n\000\040\000d\000e\000c\000o\000m\000p\000o\000s\000i\000t\000i\000o\000n\000s}{section*.1}% 20
\BOOKMARK [1][-]{section.2.8}{\376\377\000E\000x\000t\000r\000a\000c\000t\000i\000n\000g\000\040\000d\000a\000t\000a\000\040\000f\000r\000o\000m\000\040\000e\000x\000v\000a\000t\000o\000o\000l\000s\000\040\000o\000b\000j\000e\000c\000t\000s}{section*.1}% 21
\BOOKMARK [1][-]{section.2.9}{\376\377\000O\000t\000h\000e\000r\000\040\000u\000s\000e\000f\000u\000l\000\040\000c\000o\000m\000m\000a\000n\000d\000s}{section*.1}% 22
\BOOKMARK [2][-]{subsection.2.9.1}{\376\377\000D\000e\000t\000a\000i\000l\000e\000d\000\040\000o\000r\000i\000g\000i\000n\000\040\000o\000f\000\040\000v\000a\000l\000u\000e\000\040\000a\000d\000d\000e\000d}{section.2.9}% 23
\BOOKMARK [2][-]{subsection.2.9.2}{\376\377\000D\000e\000t\000a\000i\000l\000e\000d\000\040\000f\000i\000n\000a\000l\000\040\000a\000b\000s\000o\000r\000p\000t\000i\000o\000n\000\040\000o\000f\000\040\000v\000a\000l\000u\000e\000\040\000a\000d\000d\000e\000d}{section.2.9}% 24
\BOOKMARK [2][-]{subsection.2.9.3}{\376\377\000V\000a\000l\000u\000e\000\040\000a\000d\000d\000e\000d\000\040\000i\000n\000d\000u\000c\000e\000d\000\040\000b\000y\000\040\000f\000i\000n\000a\000l\000\040\000d\000e\000m\000a\000n\000d}{section.2.9}% 25
\BOOKMARK [1][-]{section.2.10}{\376\377\000S\000u\000m\000m\000a\000r\000y\000\040\000a\000n\000d\000\040\000c\000o\000n\000c\000l\000u\000s\000i\000o\000n\000s}{section*.1}% 26
\BOOKMARK [1][-]{section.2.10}{\376\377\000R\000e\000f\000e\000r\000e\000n\000c\000e\000s}{section*.1}% 27
