INFO [2022-09-13 13:53:15] working directory : /home/mitchell/github/articles/Proofs/2020-2/2019-143
INFO [2022-09-13 13:53:15] file name : kawaguchi.tex
INFO [2022-09-13 13:53:15] Stage-01 | including Style File to : RJwrapper.tex
INFO [2022-09-13 13:53:15] Stage-01 | Style File :  Metafix.sty
INFO [2022-09-13 13:53:15] Stage-01 | Included Style File :  Metafix.sty
INFO [2022-09-13 13:53:15] Stage-02 | aggregating Bibliography using :  rebib
INFO [2022-09-13 13:53:15] Stage-02 | Check rebib logs for more info
INFO [2022-09-13 13:53:16] Stage-03 | converting Images to png
INFO [2022-09-13 13:53:23] Stage-03 | converted pdf files to png
INFO [2022-09-13 13:53:23] Stage-04 | Patching Code Env
INFO [2022-09-13 13:53:23] Stage-04 | Patched Code Env
INFO [2022-09-13 13:53:23] Stage-05 | Patching Table Env
INFO [2022-09-13 13:53:23] Stage-05 | Patched Table Env
INFO [2022-09-13 13:53:23] Stage-06 | Patching Figure Env
INFO [2022-09-13 13:53:23] Stage-06 | Patched Figure Env
INFO [2022-09-13 13:53:23] Stage-07 | Converting LaTeX to Markdown
INFO [2022-09-13 13:53:24] Stage-07 | Converted LaTeX to Markdown
INFO [2022-09-13 13:53:24] Stage-08 | Copying Dependencies to /web
INFO [2022-09-13 13:53:25] Stage-08 | Copied Dependencies to /web
INFO [2022-09-13 13:53:25] Stage-09 | Creating R-markdown File to /web
INFO [2022-09-13 13:53:25] Stage-09 | Created R-markdown File to /web
INFO [2022-09-13 13:53:25] Stage-10 | Knitting Rmd to html
INFO [2022-09-13 13:53:30] Stage-10 | Knitted Rmd to html
INFO [2022-09-13 14:22:37] working directory : /home/mitchell/github/articles/Proofs/2020-2/2019-143
INFO [2022-09-13 14:22:37] file name : kawaguchi.tex
INFO [2022-09-13 14:22:37] Stage-01 | including Style File to : RJwrapper.tex
INFO [2022-09-13 14:22:37] Stage-01 | Style File :  Metafix.sty
INFO [2022-09-13 14:22:37] Stage-01 | Included Style File :  Metafix.sty
INFO [2022-09-13 14:22:37] Stage-02 | aggregating Bibliography using :  rebib
INFO [2022-09-13 14:22:37] Stage-02 | Check rebib logs for more info
INFO [2022-09-13 14:22:37] Stage-03 | converting Images to png
INFO [2022-09-13 14:22:42] Stage-03 | converted pdf files to png
INFO [2022-09-13 14:22:42] Stage-04 | Patching Code Env
INFO [2022-09-13 14:22:42] Stage-04 | Patched Code Env
INFO [2022-09-13 14:22:42] Stage-05 | Patching Table Env
INFO [2022-09-13 14:22:42] Stage-05 | Patched Table Env
INFO [2022-09-13 14:22:42] Stage-06 | Patching Figure Env
INFO [2022-09-13 14:22:42] Stage-06 | Patched Figure Env
INFO [2022-09-13 14:22:42] Stage-07 | Converting LaTeX to Markdown
INFO [2022-09-13 14:22:43] Stage-07 | Converted LaTeX to Markdown
INFO [2022-09-13 14:22:43] Stage-08 | Copying Dependencies to /web
INFO [2022-09-13 14:22:43] Stage-08 | Copied Dependencies to /web
INFO [2022-09-13 14:22:43] Stage-09 | Creating R-markdown File to /web
INFO [2022-09-13 14:22:43] Stage-09 | Created R-markdown File to /web
INFO [2022-09-13 14:22:43] Stage-10 | Knitting Rmd to html
INFO [2022-09-13 14:22:46] Stage-10 | Knitted Rmd to html
