\BOOKMARK [0][-]{section*.1}{Calculating Standardised Indices Using SEI}{}% 1
\BOOKMARK [1][-]{section.2.1}{Introduction}{section*.1}% 2
\BOOKMARK [1][-]{section.2.2}{How to construct standardised indices}{section*.1}% 3
\BOOKMARK [1][-]{section.2.3}{The choice of distribution}{section*.1}% 4
\BOOKMARK [2][-]{subsection.2.3.1}{Stationary distribution estimation}{section.2.3}% 5
\BOOKMARK [2][-]{subsection.2.3.2}{Non-stationary distribution estimation}{section.2.3}% 6
\BOOKMARK [2][-]{subsection.2.3.3}{Checking distribution fit}{section.2.3}% 7
\BOOKMARK [1][-]{section.2.4}{Package functionality}{section*.1}% 8
\BOOKMARK [2][-]{subsection.2.4.1}{Standardised indices}{section.2.4}% 9
\BOOKMARK [2][-]{subsection.2.4.2}{Non-stationary distributions}{section.2.4}% 10
\BOOKMARK [2][-]{subsection.2.4.3}{Grouping}{section.2.4}% 11
\BOOKMARK [2][-]{subsection.2.4.4}{Censoring}{section.2.4}% 12
\BOOKMARK [2][-]{subsection.2.4.5}{Time series manipulations}{section.2.4}% 13
\BOOKMARK [2][-]{subsection.2.4.6}{Plotting standardised indices}{section.2.4}% 14
\BOOKMARK [2][-]{subsection.2.4.7}{Drought definitions}{section.2.4}% 15
\BOOKMARK [1][-]{section.2.5}{Applications}{section*.1}% 16
\BOOKMARK [2][-]{subsection.2.5.1}{Renewable energy production}{section.2.5}% 17
\BOOKMARK [2][-]{subsection.2.5.2}{Wind speed}{section.2.5}% 18
\BOOKMARK [1][-]{section.2.6}{Summary}{section*.1}% 19
\BOOKMARK [1][-]{section.2.7}{Acknowledgements}{section*.1}% 20
\BOOKMARK [1][-]{section.2.8}{Appendix: Censored data}{section*.1}% 21
