INFO [2022-09-13 12:41:43] working directory : /home/mitchell/github/articles/Proofs/2020-2/2018-156
INFO [2022-09-13 12:41:43] file name : zeng-breheny.tex
INFO [2022-09-13 12:41:43] Stage-01 | including Style File to : RJwrapper.tex
INFO [2022-09-13 12:41:43] Stage-01 | Style File :  Metafix.sty
INFO [2022-09-13 12:41:43] Stage-01 | Included Style File :  Metafix.sty
INFO [2022-09-13 12:41:43] Stage-02 | aggregating Bibliography using :  rebib
INFO [2022-09-13 12:41:43] Stage-02 | Check rebib logs for more info
INFO [2022-09-13 12:41:43] Stage-03 | converting Images to png
INFO [2022-09-13 12:41:58] Stage-03 | converted pdf files to png
INFO [2022-09-13 12:41:58] Stage-04 | Patching Code Env
INFO [2022-09-13 12:41:58] Stage-04 | Patched Code Env
INFO [2022-09-13 12:41:58] Stage-05 | Patching Table Env
INFO [2022-09-13 12:41:58] Stage-05 | Patched Table Env
INFO [2022-09-13 12:41:58] Stage-06 | Patching Figure Env
INFO [2022-09-13 12:41:58] Stage-06 | Patched Figure Env
INFO [2022-09-13 12:41:58] Stage-07 | Converting LaTeX to Markdown
INFO [2022-09-13 12:41:59] Stage-07 | Converted LaTeX to Markdown
INFO [2022-09-13 12:41:59] Stage-08 | Copying Dependencies to /web
INFO [2022-09-13 12:41:59] Stage-08 | Copied Dependencies to /web
INFO [2022-09-13 12:41:59] Stage-09 | Creating R-markdown File to /web
INFO [2022-09-13 13:52:51] working directory : /home/mitchell/github/articles/Proofs/2020-2/2018-156
INFO [2022-09-13 13:52:51] file name : zeng-breheny.tex
INFO [2022-09-13 13:52:51] Stage-01 | including Style File to : RJwrapper.tex
INFO [2022-09-13 13:52:51] Stage-01 | Style File :  Metafix.sty
INFO [2022-09-13 13:52:51] Stage-01 | Included Style File :  Metafix.sty
INFO [2022-09-13 13:52:51] Stage-02 | aggregating Bibliography using :  rebib
INFO [2022-09-13 13:52:51] Stage-02 | Check rebib logs for more info
INFO [2022-09-13 13:52:52] Stage-03 | converting Images to png
INFO [2022-09-13 13:53:07] Stage-03 | converted pdf files to png
INFO [2022-09-13 13:53:07] Stage-04 | Patching Code Env
INFO [2022-09-13 13:53:07] Stage-04 | Patched Code Env
INFO [2022-09-13 13:53:07] Stage-05 | Patching Table Env
INFO [2022-09-13 13:53:07] Stage-05 | Patched Table Env
INFO [2022-09-13 13:53:07] Stage-06 | Patching Figure Env
INFO [2022-09-13 13:53:07] Stage-06 | Patched Figure Env
INFO [2022-09-13 13:53:07] Stage-07 | Converting LaTeX to Markdown
INFO [2022-09-13 13:53:08] Stage-07 | Converted LaTeX to Markdown
INFO [2022-09-13 13:53:08] Stage-08 | Copying Dependencies to /web
INFO [2022-09-13 13:53:09] Stage-08 | Copied Dependencies to /web
INFO [2022-09-13 13:53:09] Stage-09 | Creating R-markdown File to /web
