INFO [2022-09-03 00:53:55] working directory : ~/github/articles/Proofs/2020-2/2018-156/
INFO [2022-09-03 00:53:55] file name : zeng-breheny.tex
INFO [2022-09-03 00:53:55] Stage-01 | including Style File to : RJwrapper.tex
INFO [2022-09-03 00:53:55] Stage-01 | Style File :  Metafix.sty
INFO [2022-09-03 00:53:55] Stage-01 | Included Style File :  Metafix.sty
INFO [2022-09-03 00:53:55] Stage-02 | aggregating Bibliography using :  rebib
INFO [2022-09-03 00:53:55] Stage-02 | Check rebib logs for more info
INFO [2022-09-03 00:54:24] working directory : ~/github/articles/Proofs/2020-2/2018-156/
INFO [2022-09-03 00:54:24] file name : zeng-breheny.tex
INFO [2022-09-03 00:54:24] Stage-01 | including Style File to : RJwrapper.tex
INFO [2022-09-03 00:54:24] Stage-01 | Style File :  Metafix.sty
INFO [2022-09-03 00:54:24] Stage-01 | Included Style File :  Metafix.sty
INFO [2022-09-03 00:54:24] Stage-02 | aggregating Bibliography using :  rebib
INFO [2022-09-03 00:54:24] Stage-02 | Check rebib logs for more info
INFO [2022-09-03 00:54:24] Stage-03 | converting Images to png
INFO [2022-09-03 00:54:35] working directory : ~/github/articles/Proofs/2020-2/2018-156
INFO [2022-09-03 00:54:35] file name : zeng-breheny.tex
INFO [2022-09-03 00:54:35] Stage-01 | including Style File to : RJwrapper.tex
INFO [2022-09-03 00:54:35] Stage-01 | Style File :  Metafix.sty
INFO [2022-09-03 00:54:35] Stage-01 | Included Style File :  Metafix.sty
INFO [2022-09-03 00:54:35] Stage-02 | aggregating Bibliography using :  rebib
INFO [2022-09-03 00:54:35] Stage-02 | Check rebib logs for more info
INFO [2022-09-03 00:54:35] Stage-03 | converting Images to png
