\BOOKMARK [0][-]{section*.1}{\376\377\000T\000U\000L\000I\000P\000:\000\040\000A\000\040\000T\000o\000o\000l\000b\000o\000x\000\040\000f\000o\000r\000\040\000L\000i\000n\000e\000a\000r\000\040\000D\000i\000s\000c\000r\000i\000m\000i\000n\000a\000n\000t\000\040\000A\000n\000a\000l\000y\000s\000i\000s\000\040\000w\000i\000t\000h\000\040\000P\000e\000n\000a\000l\000t\000i\000e\000s}{}% 1
\BOOKMARK [1][-]{section.2.1}{\376\377\000I\000n\000t\000r\000o\000d\000u\000c\000t\000i\000o\000n}{section*.1}% 2
\BOOKMARK [1][-]{section.2.2}{\376\377\000D\000i\000s\000c\000r\000i\000m\000i\000n\000a\000n\000t\000\040\000a\000n\000a\000l\000y\000s\000i\000s\000\040\000m\000o\000d\000e\000l\000s\000\040\000a\000n\000d\000\040\000B\000a\000y\000e\000s\000\040\000r\000u\000l\000e\000s}{section*.1}% 3
\BOOKMARK [2][-]{subsection.2.2.1}{\376\377\000B\000a\000y\000e\000s\000\040\000r\000u\000l\000e\000\040\000f\000o\000r\000\040\000c\000l\000a\000s\000s\000i\000f\000i\000c\000a\000t\000i\000o\000n}{section.2.2}% 4
\BOOKMARK [2][-]{subsection.2.2.2}{\376\377\000T\000h\000e\000\040\000l\000i\000n\000e\000a\000r\000\040\000d\000i\000s\000c\000r\000i\000m\000i\000n\000a\000n\000t\000\040\000a\000n\000a\000l\000y\000s\000i\000s\000\040\000m\000o\000d\000e\000l\000\040\000\050\000L\000D\000A\000\051}{section.2.2}% 5
\BOOKMARK [2][-]{subsection.2.2.3}{\376\377\000C\000o\000v\000a\000r\000i\000a\000t\000e\000s\000\040\000a\000d\000j\000u\000s\000t\000m\000e\000n\000t}{section.2.2}% 6
\BOOKMARK [2][-]{subsection.2.2.4}{\376\377\000T\000h\000e\000\040\000s\000e\000m\000i\000p\000a\000r\000a\000m\000e\000t\000r\000i\000c\000\040\000L\000D\000A\000\040\000m\000o\000d\000e\000l}{section.2.2}% 7
\BOOKMARK [2][-]{subsection.2.2.5}{\376\377\000T\000e\000n\000s\000o\000r\000\040\000d\000i\000s\000c\000r\000i\000m\000i\000n\000a\000n\000t\000\040\000a\000n\000a\000l\000y\000s\000i\000s\000\040\000\050\000T\000D\000A\000\051\000\040\000a\000n\000d\000\040\000c\000o\000v\000a\000r\000i\000a\000t\000e\000\040\000a\000d\000j\000u\000s\000t\000m\000e\000n\000t}{section.2.2}% 8
\BOOKMARK [1][-]{section.2.3}{\376\377\000M\000e\000t\000h\000o\000d\000s}{section*.1}% 9
\BOOKMARK [2][-]{subsection.2.3.1}{\376\377\000D\000i\000r\000e\000c\000t\000\040\000s\000p\000a\000r\000s\000e\000\040\000d\000i\000s\000c\000r\000i\000m\000i\000n\000a\000n\000t\000\040\000a\000n\000a\000l\000y\000s\000i\000s\000\040\000\050\000D\000S\000D\000A\000\051}{section.2.3}% 10
\BOOKMARK [2][-]{subsection.2.3.2}{\376\377\000R\000e\000g\000u\000l\000a\000r\000i\000z\000e\000d\000\040\000o\000p\000t\000i\000m\000a\000l\000\040\000a\000f\000f\000i\000n\000e\000\040\000d\000i\000s\000c\000r\000i\000m\000i\000n\000a\000n\000t\000\040\000\050\000R\000O\000A\000D\000\051}{section.2.3}% 11
\BOOKMARK [2][-]{subsection.2.3.3}{\376\377\000S\000p\000a\000r\000s\000e\000\040\000o\000p\000t\000i\000m\000a\000l\000\040\000s\000c\000o\000r\000i\000n\000g\000\040\000\050\000S\000O\000S\000\051\000\040\000i\000n\000\040\000b\000i\000n\000a\000r\000y\000\040\000p\000r\000o\000b\000l\000e\000m\000s}{section.2.3}% 12
\BOOKMARK [2][-]{subsection.2.3.4}{\376\377\000S\000e\000m\000i\000p\000a\000r\000a\000m\000e\000t\000r\000i\000c\000\040\000s\000p\000a\000r\000s\000e\000\040\000d\000i\000s\000c\000r\000i\000m\000i\000n\000a\000n\000t\000\040\000a\000n\000a\000l\000y\000s\000i\000s\000\040\000\050\000S\000e\000S\000D\000A\000\051}{section.2.3}% 13
\BOOKMARK [2][-]{subsection.2.3.5}{\376\377\000M\000u\000l\000t\000i\000c\000l\000a\000s\000s\000\040\000s\000p\000a\000r\000s\000e\000\040\000d\000i\000s\000c\000r\000i\000m\000i\000n\000a\000n\000t\000\040\000a\000n\000a\000l\000y\000s\000i\000s\000\040\000\050\000M\000S\000D\000A\000\051}{section.2.3}% 14
\BOOKMARK [2][-]{subsection.2.3.6}{\376\377\000C\000o\000v\000a\000r\000i\000a\000t\000e\000-\000a\000d\000j\000u\000s\000t\000e\000d\000\040\000t\000e\000n\000s\000o\000r\000\040\000c\000l\000a\000s\000s\000i\000f\000i\000c\000a\000t\000i\000o\000n\000\040\000i\000n\000\040\000h\000i\000g\000h\000\040\000d\000i\000m\000e\000n\000s\000i\000o\000n\000s\000\040\000\050\000C\000A\000T\000C\000H\000\051}{section.2.3}% 15
\BOOKMARK [2][-]{subsection.2.3.7}{\376\377\000C\000o\000v\000a\000r\000i\000a\000t\000e\000s\000\040\000a\000d\000j\000u\000s\000t\000m\000e\000n\000t}{section.2.3}% 16
\BOOKMARK [2][-]{subsection.2.3.8}{\376\377\000S\000e\000l\000e\000c\000t\000i\000o\000n\000\040\000o\000f\000\040\000t\000h\000e\000\040\000t\000u\000n\000i\000n\000g\000\040\000p\000a\000r\000a\000m\000e\000t\000e\000r}{section.2.3}% 17
\BOOKMARK [1][-]{section.2.4}{\376\377\000U\000s\000i\000n\000g\000\040\000t\000h\000e\000\040\000R\000\040\000p\000a\000c\000k\000a\000g\000e}{section*.1}% 18
\BOOKMARK [2][-]{subsection.2.4.1}{\376\377\000C\000o\000r\000e\000\040\000f\000u\000n\000c\000t\000i\000o\000n\000s}{section.2.4}% 19
\BOOKMARK [2][-]{subsection.2.4.2}{\376\377\000O\000t\000h\000e\000r\000\040\000f\000u\000n\000c\000t\000i\000o\000n\000s}{section.2.4}% 20
\BOOKMARK [1][-]{section.2.5}{\376\377\000R\000e\000a\000l\000\040\000d\000a\000t\000a\000\040\000e\000x\000a\000m\000p\000l\000e}{section*.1}% 21
\BOOKMARK [1][-]{section.2.6}{\376\377\000D\000i\000s\000c\000u\000s\000s\000i\000o\000n}{section*.1}% 22
\BOOKMARK [1][-]{section.Alph0.1}{\376\377\000A\000p\000p\000e\000n\000d\000i\000c\000e\000s}{section*.1}% 23
\BOOKMARK [1][-]{section.Alph0.1}{\376\377\000A\000p\000p\000e\000n\000d\000i\000c\000e\000s}{section*.1}% 24
\BOOKMARK [2][-]{subsection.Alph0.1.1}{\376\377\000T\000e\000n\000s\000o\000r\000\040\000n\000o\000t\000a\000t\000i\000o\000n}{section.Alph0.1}% 25
\BOOKMARK [2][-]{subsection.Alph0.1.2}{\376\377\000S\000i\000m\000u\000l\000a\000t\000i\000o\000n\000\040\000c\000o\000d\000e}{section.Alph0.1}% 26
\BOOKMARK [2][-]{subsection.Alph0.1.3}{\376\377\000E\000s\000t\000i\000m\000a\000t\000i\000o\000n\000\040\000o\000f\000\040\000c\000o\000v\000a\000r\000i\000a\000n\000c\000e\000\040\000m\000a\000t\000r\000i\000c\000e\000s\000\040\000i\000n\000\040\000t\000h\000e\000\040\000T\000D\000A\000/\000C\000A\000T\000C\000H\000\040\000m\000o\000d\000e\000l}{section.Alph0.1}% 27
\BOOKMARK [2][-]{subsection.Alph0.1.4}{\376\377\000D\000e\000f\000i\000n\000i\000t\000i\000o\000n\000\040\000o\000f\000\040\000F\000-\000t\000e\000s\000t\000\040\000s\000t\000a\000t\000i\000s\000t\000i\000c}{section.Alph0.1}% 28
