\BOOKMARK [0][-]{section*.1}{\376\377\000K\000S\000P\000M\000:\000\040\000A\000\040\000P\000a\000c\000k\000a\000g\000e\000\040\000F\000o\000r\000\040\000K\000e\000r\000n\000e\000l\000\040\000S\000e\000m\000i\000-\000P\000a\000r\000a\000m\000e\000t\000r\000i\000c\000\040\000M\000o\000d\000e\000l\000s}{}% 1
\BOOKMARK [1][-]{section.2.1}{\376\377\000I\000n\000t\000r\000o\000d\000u\000c\000t\000i\000o\000n}{section*.1}% 2
\BOOKMARK [1][-]{section.2.2}{\376\377\000K\000e\000r\000n\000e\000l\000\040\000s\000e\000m\000i\000-\000p\000a\000r\000a\000m\000e\000t\000r\000i\000c\000\040\000m\000o\000d\000e\000l\000s}{section*.1}% 3
\BOOKMARK [2][-]{subsection.2.2.1}{\376\377\000S\000i\000n\000g\000l\000e\000\040\000k\000e\000r\000n\000e\000l\000\040\000s\000e\000m\000i\000-\000p\000a\000r\000a\000m\000e\000t\000r\000i\000c\000\040\000m\000o\000d\000e\000l}{section.2.2}% 4
\BOOKMARK [2][-]{subsection.2.2.2}{\376\377\000T\000h\000e\000\040\000m\000u\000l\000t\000i\000p\000l\000e\000\040\000k\000e\000r\000n\000e\000l\000\040\000s\000e\000m\000i\000-\000p\000a\000r\000a\000m\000e\000t\000r\000i\000c\000\040\000m\000o\000d\000e\000l}{section.2.2}% 5
\BOOKMARK [2][-]{subsection.2.2.3}{\376\377\000L\000i\000n\000k\000\040\000w\000i\000t\000h\000\040\000l\000i\000n\000e\000a\000r\000\040\000m\000i\000x\000e\000d\000\040\000m\000o\000d\000e\000l\000s}{section.2.2}% 6
\BOOKMARK [2][-]{subsection.2.2.4}{\376\377\000E\000s\000t\000i\000m\000a\000t\000i\000o\000n\000\040\000o\000f\000\040\000p\000a\000r\000a\000m\000e\000t\000e\000r\000s}{section.2.2}% 7
\BOOKMARK [2][-]{subsection.2.2.5}{\376\377\000T\000e\000s\000t\000s\000\040\000o\000f\000\040\000h\000y\000p\000o\000t\000h\000e\000s\000e\000s\000\040\000i\000n\000\040\000K\000S\000P\000M}{section.2.2}% 8
\BOOKMARK [2][-]{subsection.2.2.6}{\376\377\000I\000n\000t\000e\000r\000p\000r\000e\000t\000a\000t\000i\000o\000n\000\040\000o\000f\000\040\000v\000a\000r\000i\000a\000b\000l\000e\000\040\000e\000f\000f\000e\000c\000t\000s}{section.2.2}% 9
\BOOKMARK [2][-]{subsection.2.2.7}{\376\377\000T\000h\000e\000\040\000c\000h\000o\000i\000c\000e\000\040\000o\000f\000\040\000k\000e\000r\000n\000e\000l\000\040\000f\000u\000n\000c\000t\000i\000o\000n\000s}{section.2.2}% 10
\BOOKMARK [1][-]{section.2.3}{\376\377\000P\000a\000c\000k\000a\000g\000e\000\040\000p\000r\000e\000s\000e\000n\000t\000a\000t\000i\000o\000n}{section*.1}% 11
\BOOKMARK [2][-]{subsection.2.3.1}{\376\377\000F\000i\000t\000t\000i\000n\000g\000\040\000t\000h\000e\000\040\000k\000e\000r\000n\000e\000l\000\040\000s\000e\000m\000i\000\040\000p\000a\000r\000a\000m\000e\000t\000r\000i\000c\000\040\000m\000o\000d\000e\000l\000\040\000w\000i\000t\000h\000\040\000`\000`\000`\003\003\000\047\000\140\000k\000s\000p\000m}{section.2.3}% 12
\BOOKMARK [2][-]{subsection.2.3.2}{\376\377\000M\000e\000t\000h\000o\000d\000s\000\040\000a\000p\000p\000l\000i\000c\000a\000b\000l\000e\000\040\000t\000o\000\040\000o\000b\000j\000e\000c\000t\000s\000\040\000o\000f\000\040\000t\000h\000e\000\040\000c\000l\000a\000s\000s\000\040\000`\000`\000`\003\003\000\047\000\140\000"\000k\000s\000p\000m\000"}{section.2.3}% 13
\BOOKMARK [2][-]{subsection.2.3.3}{\376\377\000P\000r\000e\000d\000i\000c\000t\000i\000o\000n\000s}{section.2.3}% 14
\BOOKMARK [2][-]{subsection.2.3.4}{\376\377\000V\000a\000r\000i\000a\000b\000l\000e\000\040\000s\000e\000l\000e\000c\000t\000i\000o\000n\000\040\000p\000r\000o\000c\000e\000d\000u\000r\000e\000s\000\040\000f\000o\000r\000\040\000t\000h\000e\000\040\000s\000i\000n\000g\000l\000e\000\040\000k\000e\000r\000n\000e\000l\000\040\000s\000e\000m\000i\000-\000p\000a\000r\000a\000m\000e\000t\000r\000i\000c\000\040\000m\000o\000d\000e\000l}{section.2.3}% 15
\BOOKMARK [2][-]{subsection.2.3.5}{\376\377\000G\000r\000a\000p\000h\000i\000c\000a\000l\000\040\000t\000o\000o\000l\000s}{section.2.3}% 16
\BOOKMARK [1][-]{section.2.4}{\376\377\000E\000x\000a\000m\000p\000l\000e\000\040\0001\000:\000\040\000t\000h\000e\000\040\000M\000o\000v\000i\000e\000\040\000r\000a\000t\000i\000n\000g\000s\000\040\000d\000a\000t\000a}{section*.1}% 17
\BOOKMARK [1][-]{section.2.5}{\376\377\000E\000x\000a\000m\000p\000l\000e\000\040\0002\000:\000\040\000C\000o\000n\000s\000u\000m\000p\000t\000i\000o\000n\000\040\000o\000f\000\040\000e\000n\000e\000r\000g\000y\000\040\000d\000a\000t\000a}{section*.1}% 18
\BOOKMARK [1][-]{section.2.6}{\376\377\000E\000x\000a\000m\000p\000l\000e\000\040\0003\000:\000\040\000G\000e\000n\000e\000-\000g\000e\000n\000e\000\040\000i\000n\000t\000e\000r\000a\000c\000t\000i\000o\000n}{section*.1}% 19
\BOOKMARK [1][-]{section.2.7}{\376\377\000S\000u\000m\000m\000a\000r\000y}{section*.1}% 20
\BOOKMARK [1][-]{section.2.8}{\376\377\000A\000c\000k\000n\000o\000w\000l\000e\000d\000g\000e\000m\000e\000n\000t\000s}{section*.1}% 21
\BOOKMARK [1][-]{section.2.9}{\376\377\000S\000u\000p\000p\000l\000e\000m\000e\000n\000t\000\040\000S\0001}{section*.1}% 22
\BOOKMARK [1][-]{section.2.10}{\376\377\000S\000u\000p\000p\000l\000e\000m\000e\000n\000t\000\040\000S\0002}{section*.1}% 23
