\BOOKMARK [0][-]{section*.1}{\376\377\000o\000r\000d\000i\000n\000a\000l\000C\000l\000u\000s\000t\000:\000\040\000A\000n\000\040\000R\000\040\000P\000a\000c\000k\000a\000g\000e\000\040\000t\000o\000\040\000A\000n\000a\000l\000y\000z\000e\000\040\000O\000r\000d\000i\000n\000a\000l\000\040\000D\000a\000t\000a}{}% 1
\BOOKMARK [1][-]{section.2.1}{\376\377\000I\000n\000t\000r\000o\000d\000u\000c\000t\000i\000o\000n}{section*.1}% 2
\BOOKMARK [1][-]{section.2.2}{\376\377\000S\000t\000a\000t\000i\000s\000t\000i\000c\000a\000l\000\040\000m\000e\000t\000h\000o\000d\000s}{section*.1}% 3
\BOOKMARK [2][-]{subsection.2.2.1}{\376\377\000D\000a\000t\000a\000\040\000N\000o\000t\000a\000t\000i\000o\000n}{section.2.2}% 4
\BOOKMARK [2][-]{subsection.2.2.2}{\376\377\000T\000h\000e\000\040\000B\000O\000S\000\040\000m\000o\000d\000e\000l}{section.2.2}% 5
\BOOKMARK [2][-]{subsection.2.2.3}{\376\377\000T\000h\000e\000\040\000c\000o\000-\000c\000l\000u\000s\000t\000e\000r\000i\000n\000g\000\040\000m\000o\000d\000e\000l}{section.2.2}% 6
\BOOKMARK [2][-]{subsection.2.2.4}{\376\377\000T\000h\000e\000\040\000c\000l\000u\000s\000t\000e\000r\000i\000n\000g\000\040\000m\000o\000d\000e\000l}{section.2.2}% 7
\BOOKMARK [2][-]{subsection.2.2.5}{\376\377\000T\000h\000e\000\040\000c\000l\000a\000s\000s\000i\000f\000i\000c\000a\000t\000i\000o\000n\000\040\000m\000o\000d\000e\000l}{section.2.2}% 8
\BOOKMARK [2][-]{subsection.2.2.6}{\376\377\000H\000a\000n\000d\000l\000i\000n\000g\000\040\000o\000r\000d\000i\000n\000a\000l\000\040\000d\000a\000t\000a\000\040\000w\000i\000t\000h\000\040\000s\000e\000v\000e\000r\000a\000l\000\040\000n\000u\000m\000b\000e\000r\000s\000\040\000o\000f\000\040\000l\000e\000v\000e\000l\000s}{section.2.2}% 9
\BOOKMARK [1][-]{section.2.3}{\376\377\000A\000p\000p\000l\000i\000c\000a\000t\000i\000o\000n\000\040\000t\000o\000\040\000t\000h\000e\000\040\000p\000a\000t\000i\000e\000n\000t\000s\000\040\000q\000u\000a\000l\000i\000t\000y\000\040\000o\000f\000\040\000l\000i\000f\000e\000\040\000a\000n\000a\000l\000y\000s\000i\000s\000\040\000i\000n\000\040\000o\000n\000c\000o\000l\000o\000g\000y}{section*.1}% 10
\BOOKMARK [2][-]{subsection.2.3.1}{\376\377\000D\000a\000t\000a\000\040\000s\000e\000t\000s}{section.2.3}% 11
\BOOKMARK [2][-]{subsection.2.3.2}{\376\377\000P\000e\000r\000f\000o\000r\000m\000i\000n\000g\000\040\000c\000l\000a\000s\000s\000i\000f\000i\000c\000a\000t\000i\000o\000n}{section.2.3}% 12
\BOOKMARK [2][-]{subsection.2.3.3}{\376\377\000P\000e\000r\000f\000o\000r\000m\000i\000n\000g\000\040\000c\000l\000u\000s\000t\000e\000r\000i\000n\000g}{section.2.3}% 13
\BOOKMARK [2][-]{subsection.2.3.4}{\376\377\000P\000e\000r\000f\000o\000r\000m\000i\000n\000g\000\040\000c\000o\000-\000c\000l\000u\000s\000t\000e\000r\000i\000n\000g}{section.2.3}% 14
\BOOKMARK [2][-]{subsection.2.3.5}{\376\377\000M\000i\000s\000s\000i\000n\000g\000\040\000v\000a\000l\000u\000e\000s\000.}{section.2.3}% 15
\BOOKMARK [2][-]{subsection.2.3.6}{\376\377\000C\000o\000m\000p\000a\000r\000i\000s\000o\000n\000\040\000o\000f\000\040\000c\000l\000u\000s\000t\000e\000r\000i\000n\000g\000\040\000a\000n\000d\000\040\000c\000o\000-\000c\000l\000u\000s\000t\000e\000r\000i\000n\000g\000.}{section.2.3}% 16
\BOOKMARK [2][-]{subsection.2.3.7}{\376\377\000S\000e\000t\000t\000i\000n\000g\000\040\000t\000h\000e\000\040\000S\000E\000M\000b\000u\000r\000n\000\040\000a\000n\000d\000\040\000n\000b\000S\000E\000M\000b\000u\000r\000n\000\040\000a\000r\000g\000u\000m\000e\000n\000t\000s}{section.2.3}% 17
\BOOKMARK [2][-]{subsection.2.3.8}{\376\377\000H\000a\000n\000d\000l\000i\000n\000g\000\040\000d\000a\000t\000a\000\040\000w\000i\000t\000h\000\040\000d\000i\000f\000f\000e\000r\000e\000n\000t\000\040\000n\000u\000m\000b\000e\000r\000s\000\040\000o\000f\000\040\000l\000e\000v\000e\000l\000s}{section.2.3}% 18
\BOOKMARK [1][-]{section.2.4}{\376\377\000C\000o\000n\000c\000l\000u\000s\000i\000o\000n}{section*.1}% 19
\BOOKMARK [1][-]{section.2.4}{\376\377\000A\000n\000n\000e\000x\000e}{section*.1}% 20
\BOOKMARK [1][-]{section.2.5}{\376\377\000A\000p\000p\000e\000n\000d\000i\000x}{section*.1}% 21
\BOOKMARK [2][-]{subsection.2.5.1}{\376\377\000S\000p\000e\000c\000i\000f\000i\000c\000i\000t\000y\000\040\000a\000n\000d\000\040\000s\000e\000n\000s\000i\000t\000i\000v\000i\000t\000y}{section.2.5}% 22
\BOOKMARK [2][-]{subsection.2.5.2}{\376\377\000I\000C\000L\000\040\000s\000e\000a\000r\000c\000h\000\040\000f\000o\000r\000\040\000c\000l\000u\000s\000t\000e\000r\000i\000n\000g}{section.2.5}% 23
\BOOKMARK [2][-]{subsection.2.5.3}{\376\377\000I\000C\000L\000\040\000s\000e\000a\000r\000c\000h\000\040\000f\000o\000r\000\040\000c\000o\000-\000c\000l\000u\000s\000t\000e\000r\000i\000n\000g}{section.2.5}% 24
\BOOKMARK [2][-]{subsection.2.5.4}{\376\377\000H\000a\000n\000d\000l\000i\000n\000g\000\040\000d\000i\000f\000f\000e\000r\000e\000n\000t\000\040\000n\000u\000m\000b\000e\000r\000s\000\040\000o\000f\000\040\000l\000e\000v\000e\000l\000s}{section.2.5}% 25
