This is pdfTeX, Version 3.141592653-2.6-1.40.25 (TeX Live 2023) (preloaded format=pdflatex 2023.9.16)  16 SEP 2023 12:01
entering extended mode
 restricted \write18 enabled.
 %&-line parsing enabled.
**RJ-2023-1-cran.tex
(./RJ-2023-1-cran.tex
LaTeX2e <2023-06-01> patch level 1
L3 programming layer <2023-08-29>
! Undefined control sequence.
l.4 \subtitle
             {% 
Here is how much of TeX's memory you used:
 16 strings out of 474934
 411 string characters out of 5759811
 1917807 words of memory out of 5000000
 21662 multiletter control sequences out of 15000+600000
 558069 words of font info for 36 fonts, out of 8000000 for 9000
 1141 hyphenation exceptions out of 8191
 13i,0n,12p,77b,9s stack positions out of 10000i,1000n,20000p,200000b,200000s

!  ==> Fatal error occurred, no output PDF file produced!
