\BOOKMARK [0][-]{section*.1}{SIHR: Statistical Inference in High-Dimensional Linear and Logistic Regression Models}{}% 1
\BOOKMARK [1][-]{section.2.1}{Introduction}{section*.1}% 2
\BOOKMARK [1][-]{section.2.2}{Methodological background}{section*.1}% 3
\BOOKMARK [2][-]{subsection.2.2.1}{Linear functional for linear model}{section.2.2}% 4
\BOOKMARK [2][-]{subsection.2.2.2}{Linear functional for GLM}{section.2.2}% 5
\BOOKMARK [2][-]{subsection.2.2.3}{Quadratic functional for GLM}{section.2.2}% 6
\BOOKMARK [2][-]{subsection.2.2.4}{Conditional average treatment effects}{section.2.2}% 7
\BOOKMARK [2][-]{subsection.2.2.5}{Inner product of regression vectors}{section.2.2}% 8
\BOOKMARK [2][-]{subsection.2.2.6}{Distance of regression vectors}{section.2.2}% 9
\BOOKMARK [1][-]{section.2.3}{Usage of the package}{section*.1}% 10
\BOOKMARK [2][-]{subsection.2.3.1}{Linear functional}{section.2.3}% 11
\BOOKMARK [2][-]{subsection.2.3.2}{Quadratic functional}{section.2.3}% 12
\BOOKMARK [2][-]{subsection.2.3.3}{Conditional average treatment effect}{section.2.3}% 13
\BOOKMARK [2][-]{subsection.2.3.4}{Inner product}{section.2.3}% 14
\BOOKMARK [2][-]{subsection.2.3.5}{Distance}{section.2.3}% 15
\BOOKMARK [1][-]{section.2.4}{Comparative analysis}{section*.1}% 16
\BOOKMARK [2][-]{subsection.2.4.1}{Effectiveness of bias correction}{section.2.4}% 17
\BOOKMARK [2][-]{subsection.2.4.2}{Comparison with other inference methods}{section.2.4}% 18
\BOOKMARK [1][-]{section.2.5}{Real data applications}{section*.1}% 19
\BOOKMARK [2][-]{subsection.2.5.1}{Motif regression}{section.2.5}% 20
\BOOKMARK [2][-]{subsection.2.5.2}{Fasting glucose level data}{section.2.5}% 21
\BOOKMARK [1][-]{section.2.6}{Conclusion}{section*.1}% 22
\BOOKMARK [1][-]{section.2.7}{Acknowledgement}{section*.1}% 23
