\BOOKMARK [0][-]{section*.1}{\376\377\000g\000l\000m\000m\000P\000e\000n\000:\000\040\000H\000i\000g\000h\000\040\000D\000i\000m\000e\000n\000s\000i\000o\000n\000a\000l\000\040\000P\000e\000n\000a\000l\000i\000z\000e\000d\000\040\000G\000e\000n\000e\000r\000a\000l\000i\000z\000e\000d\000\040\000L\000i\000n\000e\000a\000r\000\040\000M\000i\000x\000e\000d\000\040\000M\000o\000d\000e\000l\000s}{}% 1
\BOOKMARK [1][-]{section.2.1}{\376\377\000I\000n\000t\000r\000o\000d\000u\000c\000t\000i\000o\000n}{section*.1}% 2
\BOOKMARK [1][-]{section.2.2}{\376\377\000G\000e\000n\000e\000r\000a\000l\000i\000z\000e\000d\000\040\000l\000i\000n\000e\000a\000r\000\040\000m\000i\000x\000e\000d\000\040\000m\000o\000d\000e\000l\000s}{section*.1}% 3
\BOOKMARK [1][-]{section.2.3}{\376\377\000M\000C\000E\000C\000M\000\040\000a\000l\000g\000o\000r\000i\000t\000h\000m}{section*.1}% 4
\BOOKMARK [2][-]{subsection.2.3.1}{\376\377\000M\000o\000n\000t\000e\000\040\000C\000a\000r\000l\000o\000\040\000E\000-\000s\000t\000e\000p}{section.2.3}% 5
\BOOKMARK [2][-]{subsection.2.3.2}{\376\377\000M\000-\000s\000t\000e\000p}{section.2.3}% 6
\BOOKMARK [2][-]{subsection.2.3.3}{\376\377\000I\000n\000i\000t\000i\000a\000l\000i\000z\000a\000t\000i\000o\000n\000\040\000a\000n\000d\000\040\000c\000o\000n\000v\000e\000r\000g\000e\000n\000c\000e}{section.2.3}% 7
\BOOKMARK [1][-]{section.2.4}{\376\377\000T\000u\000n\000i\000n\000g\000\040\000p\000a\000r\000a\000m\000e\000t\000e\000r\000\040\000s\000e\000l\000e\000c\000t\000i\000o\000n}{section*.1}% 8
\BOOKMARK [2][-]{subsection.2.4.1}{\376\377\000P\000e\000n\000a\000l\000t\000y\000\040\000s\000e\000q\000u\000e\000n\000c\000e\000\040\000s\000p\000e\000c\000i\000f\000i\000c\000a\000t\000i\000o\000n}{section.2.4}% 9
\BOOKMARK [2][-]{subsection.2.4.2}{\376\377\000T\000u\000n\000i\000n\000g\000\040\000p\000a\000r\000a\000m\000e\000t\000e\000r\000\040\000s\000e\000l\000e\000c\000t\000i\000o\000n\000\040\000s\000t\000r\000a\000t\000e\000g\000y}{section.2.4}% 10
\BOOKMARK [2][-]{subsection.2.4.3}{\376\377\000O\000p\000t\000i\000m\000a\000l\000\040\000t\000u\000n\000i\000n\000g\000\040\000p\000a\000r\000a\000m\000e\000t\000e\000r\000\040\000s\000e\000l\000e\000c\000t\000i\000o\000n}{section.2.4}% 11
\BOOKMARK [1][-]{section.2.5}{\376\377\000S\000o\000f\000t\000w\000a\000r\000e}{section*.1}% 12
\BOOKMARK [2][-]{subsection.2.5.1}{\376\377\000D\000a\000t\000a\000\040\000e\000x\000a\000m\000p\000l\000e}{section.2.5}% 13
\BOOKMARK [2][-]{subsection.2.5.2}{\376\377\000F\000u\000l\000l\000\040\000m\000o\000d\000e\000l\000\040\000s\000p\000e\000c\000i\000f\000i\000c\000a\000t\000i\000o\000n}{section.2.5}% 14
\BOOKMARK [2][-]{subsection.2.5.3}{\376\377\000P\000e\000n\000a\000l\000i\000z\000a\000t\000i\000o\000n\000\040\000a\000n\000d\000\040\000o\000p\000t\000i\000m\000a\000l\000\040\000t\000u\000n\000i\000n\000g\000\040\000p\000a\000r\000a\000m\000e\000t\000e\000r\000\040\000s\000e\000l\000e\000c\000t\000i\000o\000n}{section.2.5}% 15
\BOOKMARK [2][-]{subsection.2.5.4}{\376\377\000E\000x\000a\000m\000i\000n\000a\000t\000i\000o\000n\000\040\000o\000f\000\040\000o\000u\000t\000p\000u\000t}{section.2.5}% 16
\BOOKMARK [2][-]{subsection.2.5.5}{\376\377\000O\000p\000t\000i\000m\000i\000z\000a\000t\000i\000o\000n}{section.2.5}% 17
\BOOKMARK [1][-]{section.2.6}{\376\377\000S\000i\000m\000u\000l\000a\000t\000i\000o\000n\000s}{section*.1}% 18
\BOOKMARK [2][-]{subsection.2.6.1}{\376\377\000S\000i\000m\000u\000l\000a\000t\000i\000o\000n\000\040\000s\000e\000t\000-\000u\000p}{section.2.6}% 19
\BOOKMARK [2][-]{subsection.2.6.2}{\376\377\000P\000r\000e\000-\000s\000c\000r\000e\000e\000n\000i\000n\000g\000\040\000p\000e\000r\000f\000o\000r\000m\000a\000n\000c\000e}{section.2.6}% 20
\BOOKMARK [1][-]{section.2.7}{\376\377\000C\000o\000n\000c\000l\000u\000s\000i\000o\000n}{section*.1}% 21
