\BOOKMARK [0][-]{section*.1}{\376\377\000T\000e\000s\000t\000i\000n\000g\000\040\000t\000h\000e\000\040\000E\000q\000u\000a\000l\000i\000t\000y\000\040\000o\000f\000\040\000N\000o\000r\000m\000a\000l\000\040\000D\000i\000s\000t\000r\000i\000b\000u\000t\000e\000d\000\040\000a\000n\000d\000\040\000I\000n\000d\000e\000p\000e\000n\000d\000e\000n\000t\000\040\000G\000r\000o\000u\000p\000s\000'\000\040\000M\000e\000a\000n\000s\000\040\000U\000n\000d\000e\000r\000\040\000U\000n\000e\000q\000u\000a\000l\000\040\000V\000a\000r\000i\000a\000n\000c\000e\000s\000\040\000b\000y\000\040\000d\000o\000e\000x\000\040\000P\000a\000c\000k\000a\000g\000e}{}% 1
\BOOKMARK [1][-]{section.2.1}{\376\377\000I\000n\000t\000r\000o\000d\000u\000c\000t\000i\000o\000n}{section*.1}% 2
\BOOKMARK [1][-]{section.2.2}{\376\377\000T\000e\000s\000t\000s\000\040\000f\000o\000r\000\040\000T\000e\000s\000t\000i\000n\000g\000\040\000E\000q\000u\000a\000l\000i\000t\000y\000\040\000o\000f\000\040\000N\000o\000r\000m\000a\000l\000\040\000D\000i\000s\000t\000r\000i\000b\000u\000t\000e\000d\000\040\000G\000r\000o\000u\000p\000s\000'\000\040\000M\000e\000a\000n\000s\000\040\000u\000n\000d\000e\000r\000\040\000U\000n\000e\000q\000u\000a\000l\000\040\000V\000a\000r\000i\000a\000n\000c\000e\000\040}{section*.1}% 3
\BOOKMARK [2][-]{subsection.2.2.1}{\376\377\000A\000l\000e\000x\000a\000n\000d\000e\000r\000-\000G\000o\000v\000e\000r\000n\000\040\000\050\000A\000G\000\051\000\040\000t\000e\000s\000t}{section.2.2}% 4
\BOOKMARK [2][-]{subsection.2.2.2}{\376\377\000A\000l\000v\000a\000n\000d\000i\000\040\000e\000t\000.\000\040\000a\000l\000.\000\040\000G\000e\000n\000e\000r\000a\000l\000i\000z\000e\000d\000\040\000F\000\040\000\050\000A\000G\000F\000\051\000\040\000t\000e\000s\000t}{section.2.2}% 5
\BOOKMARK [2][-]{subsection.2.2.3}{\376\377\000A\000p\000p\000r\000o\000x\000i\000m\000a\000t\000e\000\040\000F\000\040\000\050\000A\000F\000\051\000\040\000t\000e\000s\000t}{section.2.2}% 6
\BOOKMARK [2][-]{subsection.2.2.4}{\376\377\000B\000o\000x\000\040\000\050\000B\000X\000\051\000\040\000t\000e\000s\000t}{section.2.2}% 7
\BOOKMARK [2][-]{subsection.2.2.5}{\376\377\000B\000r\000o\000w\000n\000-\000F\000o\000r\000s\000y\000t\000h\000e\000\040\000\050\000B\000F\000\051\000\040\000t\000e\000s\000t}{section.2.2}% 8
\BOOKMARK [2][-]{subsection.2.2.6}{\376\377\000T\000h\000e\000\040\000B\0002\000\040\000t\000e\000s\000t}{section.2.2}% 9
\BOOKMARK [2][-]{subsection.2.2.7}{\376\377\000C\000o\000c\000h\000r\000a\000n\000\040\000\050\000C\000F\000\051\000\040\000t\000e\000s\000t}{section.2.2}% 10
\BOOKMARK [2][-]{subsection.2.2.8}{\376\377\000F\000i\000d\000u\000c\000i\000a\000l\000\040\000A\000p\000p\000r\000o\000a\000c\000h\000\040\000\050\000F\000A\000\051\000\040\000t\000e\000s\000t}{section.2.2}% 11
\BOOKMARK [2][-]{subsection.2.2.9}{\376\377\000G\000e\000n\000e\000r\000a\000l\000i\000z\000e\000d\000\040\000F\000\040\000\050\000G\000F\000\051\000\040\000t\000e\000s\000t}{section.2.2}% 12
\BOOKMARK [2][-]{subsection.2.2.10}{\376\377\000J\000o\000h\000a\000n\000s\000e\000n\000\040\000\050\000J\000F\000\051\000\040\000t\000e\000s\000t}{section.2.2}% 13
\BOOKMARK [2][-]{subsection.2.2.11}{\376\377\000M\000o\000d\000i\000f\000i\000e\000d\000\040\000B\000r\000o\000w\000n\000-\000F\000o\000r\000s\000y\000t\000h\000e\000\040\000\050\000M\000B\000F\000\051\000\040\000t\000e\000s\000t}{section.2.2}% 14
\BOOKMARK [2][-]{subsection.2.2.12}{\376\377\000A\000d\000j\000u\000s\000t\000e\000d\000\040\000W\000e\000l\000c\000h\000\040\000\050\000A\000W\000\051\000\040\000t\000e\000s\000t}{section.2.2}% 15
\BOOKMARK [2][-]{subsection.2.2.13}{\376\377\000P\000a\000r\000a\000m\000e\000t\000r\000i\000c\000\040\000B\000o\000o\000t\000s\000t\000r\000a\000p\000\040\000\050\000P\000B\000\051\000\040\000t\000e\000s\000t}{section.2.2}% 16
\BOOKMARK [2][-]{subsection.2.2.14}{\376\377\000P\000e\000r\000m\000u\000t\000a\000t\000i\000o\000n\000\040\000F\000\040\000\050\000P\000F\000\051\000\040\000t\000e\000s\000t}{section.2.2}% 17
\BOOKMARK [2][-]{subsection.2.2.15}{\376\377\000S\000c\000o\000t\000t\000-\000S\000m\000i\000t\000h\000\040\000\050\000S\000S\000\051\000\040\000t\000e\000s\000t}{section.2.2}% 18
\BOOKMARK [2][-]{subsection.2.2.16}{\376\377\000W\000e\000l\000c\000h\000\040\000\050\000W\000E\000\051\000\040\000t\000e\000s\000t}{section.2.2}% 19
\BOOKMARK [2][-]{subsection.2.2.17}{\376\377\000W\000e\000l\000c\000h\000-\000A\000s\000p\000i\000n\000\040\000\050\000W\000A\000\051\000\040\000t\000e\000s\000t}{section.2.2}% 20
\BOOKMARK [1][-]{section.2.3}{\376\377\000U\000s\000i\000n\000g\000\040\000d\000o\000e\000x\000\040\000p\000a\000c\000k\000a\000g\000e}{section*.1}% 21
\BOOKMARK [1][-]{section.2.4}{\376\377\000M\000o\000n\000t\000e\000-\000C\000a\000r\000l\000o\000\040\000s\000i\000m\000u\000l\000a\000t\000i\000o\000n\000\040\000s\000t\000u\000d\000y}{section*.1}% 22
\BOOKMARK [2][-]{subsection.2.4.1}{\376\377\000T\000h\000e\000\040\000p\000r\000o\000p\000e\000r\000t\000i\000e\000s\000\040\000o\000f\000\040\000t\000h\000e\000\040\000t\000e\000s\000t\000s\000\040\000t\000o\000\040\000c\000o\000n\000t\000r\000o\000l\000\040\000t\000h\000e\000\040\000T\000y\000p\000e\000\040\000I\000\040\000e\000r\000r\000o\000r\000\040\000p\000r\000o\000b\000a\000b\000i\000l\000i\000t\000y}{section.2.4}% 23
\BOOKMARK [2][-]{subsection.2.4.2}{\376\377\000T\000h\000e\000\040\000r\000e\000s\000u\000l\000t\000s\000\040\000o\000f\000\040\000t\000h\000e\000\040\000p\000e\000n\000a\000l\000i\000z\000e\000d\000\040\000p\000o\000w\000e\000r\000s}{section.2.4}% 24
\BOOKMARK [1][-]{section.2.5}{\376\377\000D\000i\000s\000c\000u\000s\000s\000i\000o\000n}{section*.1}% 25
\BOOKMARK [1][-]{section.2.6}{\376\377\000S\000u\000m\000m\000a\000r\000y\000\040\000a\000n\000d\000\040\000F\000u\000t\000u\000r\000e\000\040\000w\000o\000r\000k\000s}{section*.1}% 26
\BOOKMARK [1][-]{section.2.7}{\376\377\000A\000c\000k\000n\000o\000w\000l\000e\000d\000g\000e\000m\000e\000n\000t}{section*.1}% 27
