\BOOKMARK [0][-]{section*.1}{\376\377\000R\000g\000o\000f\000\040\000a\000n\000d\000\040\000R\0002\000s\000a\000m\000p\000l\000e\000:\000\040\000T\000e\000s\000t\000i\000n\000g\000\040\000a\000n\000d\000\040\000B\000e\000n\000c\000h\000m\000a\000r\000k\000i\000n\000g\000\040\000f\000o\000r\000\040\000t\000h\000e\000\040\000U\000n\000i\000v\000a\000r\000i\000a\000t\000e\000\040\000G\000o\000o\000d\000n\000e\000s\000s\000-\000o\000f\000-\000F\000i\000t\000\040\000a\000n\000d\000\040\000T\000w\000o\000-\000S\000a\000m\000p\000l\000e\000\040\000P\000r\000o\000b\000l\000e\000m\000s}{}% 1
\BOOKMARK [1][-]{section.2.1}{\376\377\000I\000n\000t\000r\000o\000d\000u\000c\000t\000i\000o\000n}{section*.1}% 2
\BOOKMARK [1][-]{section.2.2}{\376\377\000G\000o\000o\000d\000n\000e\000s\000s\000-\000o\000f\000-\000f\000i\000t\000\040\000/\000\040\000t\000w\000o\000-\000s\000a\000m\000p\000l\000e\000\040\000h\000y\000b\000r\000i\000d\000\040\000p\000r\000o\000b\000l\000e\000m}{section*.1}% 3
\BOOKMARK [1][-]{section.2.3}{\376\377\000T\000h\000e\000\040\000t\000y\000p\000e\000s\000\040\000o\000f\000\040\000p\000r\000o\000b\000l\000e\000m\000s}{section*.1}% 4
\BOOKMARK [1][-]{section.2.4}{\376\377\000T\000h\000e\000\040\000m\000e\000t\000h\000o\000d\000s}{section*.1}% 5
\BOOKMARK [1][-]{section.2.5}{\376\377\000S\000i\000m\000u\000l\000t\000a\000n\000e\000o\000u\000s\000\040\000i\000n\000f\000e\000r\000e\000n\000c\000e}{section*.1}% 6
\BOOKMARK [1][-]{section.2.6}{\376\377\000S\000p\000e\000c\000i\000a\000l\000\040\000c\000i\000r\000c\000u\000m\000s\000t\000a\000n\000c\000e\000s}{section*.1}% 7
\BOOKMARK [2][-]{subsection.2.6.1}{\376\377\000R\000a\000n\000d\000o\000m\000\040\000s\000a\000m\000p\000l\000e\000\040\000s\000i\000z\000e}{section.2.6}% 8
\BOOKMARK [2][-]{subsection.2.6.2}{\376\377\000W\000e\000i\000g\000h\000t\000e\000d\000\040\000s\000a\000m\000p\000l\000e\000s}{section.2.6}% 9
\BOOKMARK [1][-]{section.2.7}{\376\377\000U\000s\000a\000g\000e}{section*.1}% 10
\BOOKMARK [2][-]{subsection.2.7.1}{\376\377\000G\000o\000o\000d\000n\000e\000s\000s\000-\000o\000f\000-\000f\000i\000t\000\040\000p\000r\000o\000b\000l\000e\000m\000\040\000-\000\040\000t\000e\000s\000t\000i\000n\000g}{section.2.7}% 11
\BOOKMARK [2][-]{subsection.2.7.2}{\376\377\000G\000o\000o\000d\000n\000e\000s\000s\000-\000o\000f\000-\000f\000i\000t\000\040\000p\000r\000o\000b\000l\000e\000m\000\040\000-\000\040\000p\000o\000w\000e\000r\000\040\000e\000s\000t\000i\000m\000a\000t\000i\000o\000n}{section.2.7}% 12
\BOOKMARK [2][-]{subsection.2.7.3}{\376\377\000T\000w\000o\000-\000s\000a\000m\000p\000l\000e\000\040\000p\000r\000o\000b\000l\000e\000m\000\040\000-\000\040\000t\000e\000s\000t\000i\000n\000g}{section.2.7}% 13
\BOOKMARK [2][-]{subsection.2.7.4}{\376\377\000T\000w\000o\000-\000s\000a\000m\000p\000l\000e\000\040\000p\000r\000o\000b\000l\000e\000m\000\040\000-\000\040\000p\000o\000w\000e\000r\000\040\000e\000s\000t\000i\000m\000a\000t\000i\000o\000n}{section.2.7}% 14
\BOOKMARK [1][-]{section.2.8}{\376\377\000B\000e\000n\000c\000h\000m\000a\000r\000k\000i\000n\000g}{section*.1}% 15
\BOOKMARK [2][-]{subsection.2.8.1}{\376\377\000G\000o\000o\000d\000n\000e\000s\000s\000-\000o\000f\000-\000f\000i\000t\000\040\000p\000r\000o\000b\000l\000e\000m}{section.2.8}% 16
\BOOKMARK [2][-]{subsection.2.8.2}{\376\377\000T\000w\000o\000-\000s\000a\000m\000p\000l\000e\000\040\000p\000r\000o\000b\000l\000e\000m}{section.2.8}% 17
\BOOKMARK [2][-]{subsection.2.8.3}{\376\377\000R\000e\000a\000l\000\040\000d\000a\000t\000a\000\040\000e\000x\000a\000m\000p\000l\000e\000s}{section.2.8}% 18
\BOOKMARK [1][-]{section.2.9}{\376\377\000C\000o\000n\000c\000l\000u\000s\000i\000o\000n}{section*.1}% 19
\BOOKMARK [1][-]{section.2.10}{\376\377\000A\000p\000p\000e\000n\000d\000i\000x}{section*.1}% 20
\BOOKMARK [2][-]{subsection.2.10.1}{\376\377\000C\000a\000s\000e\000\040\000S\000t\000u\000d\000i\000e\000s\000\040\000f\000o\000r\000\040\000G\000o\000o\000d\000n\000e\000s\000s\000-\000o\000f\000-\000f\000i\000t\000\040\000P\000r\000o\000b\000l\000e\000m}{section.2.10}% 21
\BOOKMARK [2][-]{subsection.2.10.2}{\376\377\000C\000a\000s\000e\000\040\000S\000t\000u\000d\000i\000e\000s\000\040\000f\000o\000r\000\040\000t\000w\000o\000-\000s\000a\000m\000p\000l\000e\000\040\000p\000r\000o\000b\000l\000e\000m}{section.2.10}% 22
