This is pdfTeX, Version 3.141592653-2.6-1.40.25 (TeX Live 2023) (preloaded format=pdflatex 2023.11.16)  18 DEC 2023 16:17
entering extended mode
 restricted \write18 enabled.
 %&-line parsing enabled.
**cran.tex
(./cran.tex
LaTeX2e <2023-11-01>
L3 programming layer <2023-11-09>
! Undefined control sequence.
l.4 \subtitle
             {% 
Here is how much of TeX's memory you used:
 16 strings out of 474273
 371 string characters out of 5747719
 1923555 words of memory out of 5000000
 22323 multiletter control sequences out of 15000+600000
 558069 words of font info for 36 fonts, out of 8000000 for 9000
 1141 hyphenation exceptions out of 8191
 12i,0n,13p,67b,8s stack positions out of 10000i,1000n,20000p,200000b,200000s

!  ==> Fatal error occurred, no output PDF file produced!
